# JRE version: OpenJDK Runtime Environment (8.0_242-b01) (build 1.8.0_242-release-1644-b01)
# Java VM: OpenJDK 64-Bit Server VM (25.242-b01 mixed mode windows-amd64 compressed oops)
Heap:
 PSYoungGen      total 245248K, used 114918K [0x00000000d5580000, 0x00000000e6a80000, 0x0000000100000000)
  eden space 223232K, 41% used [0x00000000d5580000,0x00000000db03b4c8,0x00000000e2f80000)
  from space 22016K, 99% used [0x00000000e4a80000,0x00000000e5ffe4f0,0x00000000e6000000)
  to   space 27648K, 0% used [0x00000000e2f80000,0x00000000e2f80000,0x00000000e4a80000)
 ParOldGen       total 128512K, used 39928K [0x0000000080000000, 0x0000000087d80000, 0x00000000d5580000)
  object space 128512K, 31% used [0x0000000080000000,0x00000000826fe208,0x0000000087d80000)
 Metaspace       used 75276K, capacity 79016K, committed 79256K, reserved 1118208K
  class space    used 10457K, capacity 11137K, committed 11184K, reserved 1048576K
GC Heap History (10 events):
Event: 8.031 GC heap before
{Heap before GC invocations=13 (full 2):
 PSYoungGen      total 169472K, used 165061K [0x00000000d5580000, 0x00000000e0880000, 0x0000000100000000)
  eden space 156672K, 100% used [0x00000000d5580000,0x00000000dee80000,0x00000000dee80000)
  from space 12800K, 65% used [0x00000000dfb00000,0x00000000e0331580,0x00000000e0780000)
  to   space 12800K, 0% used [0x00000000dee80000,0x00000000dee80000,0x00000000dfb00000)
 ParOldGen       total 83968K, used 18244K [0x0000000080000000, 0x0000000085200000, 0x00000000d5580000)
  object space 83968K, 21% used [0x0000000080000000,0x00000000811d10e8,0x0000000085200000)
 Metaspace       used 52359K, capacity 54512K, committed 54568K, reserved 1095680K
  class space    used 6984K, capacity 7434K, committed 7472K, reserved 1048576K
Event: 8.049 GC heap after
Heap after GC invocations=13 (full 2):
 PSYoungGen      total 169472K, used 12772K [0x00000000d5580000, 0x00000000e3680000, 0x0000000100000000)
  eden space 156672K, 0% used [0x00000000d5580000,0x00000000d5580000,0x00000000dee80000)
  from space 12800K, 99% used [0x00000000dee80000,0x00000000dfaf9310,0x00000000dfb00000)
  to   space 18432K, 0% used [0x00000000e2480000,0x00000000e2480000,0x00000000e3680000)
 ParOldGen       total 83968K, used 29122K [0x0000000080000000, 0x0000000085200000, 0x00000000d5580000)
  object space 83968K, 34% used [0x0000000080000000,0x0000000081c70970,0x0000000085200000)
 Metaspace       used 52359K, capacity 54512K, committed 54568K, reserved 1095680K
  class space    used 6984K, capacity 7434K, committed 7472K, reserved 1048576K
}
Event: 8.700 GC heap before
{Heap before GC invocations=14 (full 2):
 PSYoungGen      total 169472K, used 65936K [0x00000000d5580000, 0x00000000e3680000, 0x0000000100000000)
  eden space 156672K, 33% used [0x00000000d5580000,0x00000000d896aeb0,0x00000000dee80000)
  from space 12800K, 99% used [0x00000000dee80000,0x00000000dfaf9310,0x00000000dfb00000)
  to   space 18432K, 0% used [0x00000000e2480000,0x00000000e2480000,0x00000000e3680000)
 ParOldGen       total 83968K, used 29122K [0x0000000080000000, 0x0000000085200000, 0x00000000d5580000)
  object space 83968K, 34% used [0x0000000080000000,0x0000000081c70970,0x0000000085200000)
 Metaspace       used 56815K, capacity 59044K, committed 59160K, reserved 1099776K
  class space    used 7701K, capacity 8165K, committed 8240K, reserved 1048576K
Event: 8.718 GC heap after
Heap after GC invocations=14 (full 2):
 PSYoungGen      total 210432K, used 15016K [0x00000000d5580000, 0x00000000e3b80000, 0x0000000100000000)
  eden space 192000K, 0% used [0x00000000d5580000,0x00000000d5580000,0x00000000e1100000)
  from space 18432K, 81% used [0x00000000e2480000,0x00000000e332a230,0x00000000e3680000)
  to   space 19968K, 0% used [0x00000000e1100000,0x00000000e1100000,0x00000000e2480000)
 ParOldGen       total 83968K, used 33892K [0x0000000080000000, 0x0000000085200000, 0x00000000d5580000)
  object space 83968K, 40% used [0x0000000080000000,0x0000000082119280,0x0000000085200000)
 Metaspace       used 56815K, capacity 59044K, committed 59160K, reserved 1099776K
  class space    used 7701K, capacity 8165K, committed 8240K, reserved 1048576K
}
Event: 8.718 GC heap before
{Heap before GC invocations=15 (full 3):
 PSYoungGen      total 210432K, used 15016K [0x00000000d5580000, 0x00000000e3b80000, 0x0000000100000000)
  eden space 192000K, 0% used [0x00000000d5580000,0x00000000d5580000,0x00000000e1100000)
  from space 18432K, 81% used [0x00000000e2480000,0x00000000e332a230,0x00000000e3680000)
  to   space 19968K, 0% used [0x00000000e1100000,0x00000000e1100000,0x00000000e2480000)
 ParOldGen       total 83968K, used 33892K [0x0000000080000000, 0x0000000085200000, 0x00000000d5580000)
  object space 83968K, 40% used [0x0000000080000000,0x0000000082119280,0x0000000085200000)
 Metaspace       used 56815K, capacity 59044K, committed 59160K, reserved 1099776K
  class space    used 7701K, capacity 8165K, committed 8240K, reserved 1048576K
Event: 8.922 GC heap after
Heap after GC invocations=15 (full 3):
 PSYoungGen      total 210432K, used 0K [0x00000000d5580000, 0x00000000e3b80000, 0x0000000100000000)
  eden space 192000K, 0% used [0x00000000d5580000,0x00000000d5580000,0x00000000e1100000)
  from space 18432K, 0% used [0x00000000e2480000,0x00000000e2480000,0x00000000e3680000)
  to   space 19968K, 0% used [0x00000000e1100000,0x00000000e1100000,0x00000000e2480000)
 ParOldGen       total 128512K, used 33838K [0x0000000080000000, 0x0000000087d80000, 0x00000000d5580000)
  object space 128512K, 26% used [0x0000000080000000,0x000000008210ba00,0x0000000087d80000)
 Metaspace       used 56769K, capacity 58888K, committed 59160K, reserved 1099776K
  class space    used 7687K, capacity 8139K, committed 8240K, reserved 1048576K
}
Event: 11.301 GC heap before
{Heap before GC invocations=16 (full 3):
 PSYoungGen      total 210432K, used 192000K [0x00000000d5580000, 0x00000000e3b80000, 0x0000000100000000)
  eden space 192000K, 100% used [0x00000000d5580000,0x00000000e1100000,0x00000000e1100000)
  from space 18432K, 0% used [0x00000000e2480000,0x00000000e2480000,0x00000000e3680000)
  to   space 19968K, 0% used [0x00000000e1100000,0x00000000e1100000,0x00000000e2480000)
 ParOldGen       total 128512K, used 33838K [0x0000000080000000, 0x0000000087d80000, 0x00000000d5580000)
  object space 128512K, 26% used [0x0000000080000000,0x000000008210ba00,0x0000000087d80000)
 Metaspace       used 65722K, capacity 69026K, committed 69144K, reserved 1107968K
  class space    used 9060K, capacity 9724K, committed 9776K, reserved 1048576K
Event: 11.316 GC heap after
Heap after GC invocations=16 (full 3):
 PSYoungGen      total 211968K, used 18201K [0x00000000d5580000, 0x00000000e6000000, 0x0000000100000000)
  eden space 192000K, 0% used [0x00000000d5580000,0x00000000d5580000,0x00000000e1100000)
  from space 19968K, 91% used [0x00000000e1100000,0x00000000e22c65a8,0x00000000e2480000)
  to   space 22016K, 0% used [0x00000000e4a80000,0x00000000e4a80000,0x00000000e6000000)
 ParOldGen       total 128512K, used 33846K [0x0000000080000000, 0x0000000087d80000, 0x00000000d5580000)
  object space 128512K, 26% used [0x0000000080000000,0x000000008210da00,0x0000000087d80000)
 Metaspace       used 65722K, capacity 69026K, committed 69144K, reserved 1107968K
  class space    used 9060K, capacity 9724K, committed 9776K, reserved 1048576K
}
Event: 12.773 GC heap before
{Heap before GC invocations=17 (full 3):
 PSYoungGen      total 211968K, used 210201K [0x00000000d5580000, 0x00000000e6000000, 0x0000000100000000)
  eden space 192000K, 100% used [0x00000000d5580000,0x00000000e1100000,0x00000000e1100000)
  from space 19968K, 91% used [0x00000000e1100000,0x00000000e22c65a8,0x00000000e2480000)
  to   space 22016K, 0% used [0x00000000e4a80000,0x00000000e4a80000,0x00000000e6000000)
 ParOldGen       total 128512K, used 33846K [0x0000000080000000, 0x0000000087d80000, 0x00000000d5580000)
  object space 128512K, 26% used [0x0000000080000000,0x000000008210da00,0x0000000087d80000)
 Metaspace       used 71831K, capacity 75280K, committed 75544K, reserved 1114112K
  class space    used 9869K, capacity 10525K, committed 10544K, reserved 1048576K
Event: 12.796 GC heap after
Heap after GC invocations=17 (full 3):
 PSYoungGen      total 245248K, used 22009K [0x00000000d5580000, 0x00000000e6a80000, 0x0000000100000000)
  eden space 223232K, 0% used [0x00000000d5580000,0x00000000d5580000,0x00000000e2f80000)
  from space 22016K, 99% used [0x00000000e4a80000,0x00000000e5ffe4f0,0x00000000e6000000)
  to   space 27648K, 0% used [0x00000000e2f80000,0x00000000e2f80000,0x00000000e4a80000)
 ParOldGen       total 128512K, used 39928K [0x0000000080000000, 0x0000000087d80000, 0x00000000d5580000)
  object space 128512K, 31% used [0x0000000080000000,0x00000000826fe208,0x0000000087d80000)
 Metaspace       used 71831K, capacity 75280K, committed 75544K, reserved 1114112K
  class space    used 9869K, capacity 10525K, committed 10544K, reserved 1048576K
}

