# JRE version: OpenJDK Runtime Environment (8.0_242-b01) (build 1.8.0_242-release-1644-b01)
# Java VM: OpenJDK 64-Bit Server VM (25.242-b01 mixed mode windows-amd64 compressed oops)
Heap:
 PSYoungGen      total 234496K, used 222654K [0x00000000d5580000, 0x00000000e7e00000, 0x0000000100000000)
  eden space 216064K, 94% used [0x00000000d5580000,0x00000000e1cf15c8,0x00000000e2880000)
  from space 18432K, 99% used [0x00000000e2880000,0x00000000e3a7e498,0x00000000e3a80000)
  to   space 21504K, 0% used [0x00000000e6900000,0x00000000e6900000,0x00000000e7e00000)
 ParOldGen       total 119296K, used 34075K [0x0000000080000000, 0x0000000087480000, 0x00000000d5580000)
  object space 119296K, 28% used [0x0000000080000000,0x0000000082146e58,0x0000000087480000)
 Metaspace       used 70725K, capacity 74050K, committed 74264K, reserved 1114112K
  class space    used 9590K, capacity 10236K, committed 10288K, reserved 1048576K
GC Heap History (10 events):
Event: 7.258 GC heap before
{Heap before GC invocations=12 (full 2):
 PSYoungGen      total 136704K, used 125440K [0x00000000d5580000, 0x00000000e0f00000, 0x0000000100000000)
  eden space 125440K, 100% used [0x00000000d5580000,0x00000000dd000000,0x00000000dd000000)
  from space 11264K, 0% used [0x00000000dd000000,0x00000000dd000000,0x00000000ddb00000)
  to   space 12800K, 0% used [0x00000000e0280000,0x00000000e0280000,0x00000000e0f00000)
 ParOldGen       total 76800K, used 18265K [0x0000000080000000, 0x0000000084b00000, 0x00000000d5580000)
  object space 76800K, 23% used [0x0000000080000000,0x00000000811d6600,0x0000000084b00000)
 Metaspace       used 38126K, capacity 39818K, committed 39976K, reserved 1083392K
  class space    used 5256K, capacity 5623K, committed 5680K, reserved 1048576K
Event: 7.265 GC heap after
Heap after GC invocations=12 (full 2):
 PSYoungGen      total 177152K, used 8463K [0x00000000d5580000, 0x00000000e1200000, 0x0000000100000000)
  eden space 164352K, 0% used [0x00000000d5580000,0x00000000d5580000,0x00000000df600000)
  from space 12800K, 66% used [0x00000000e0280000,0x00000000e0ac3dc0,0x00000000e0f00000)
  to   space 12800K, 0% used [0x00000000df600000,0x00000000df600000,0x00000000e0280000)
 ParOldGen       total 76800K, used 18273K [0x0000000080000000, 0x0000000084b00000, 0x00000000d5580000)
  object space 76800K, 23% used [0x0000000080000000,0x00000000811d8600,0x0000000084b00000)
 Metaspace       used 38126K, capacity 39818K, committed 39976K, reserved 1083392K
  class space    used 5256K, capacity 5623K, committed 5680K, reserved 1048576K
}
Event: 9.412 GC heap before
{Heap before GC invocations=13 (full 2):
 PSYoungGen      total 177152K, used 172815K [0x00000000d5580000, 0x00000000e1200000, 0x0000000100000000)
  eden space 164352K, 100% used [0x00000000d5580000,0x00000000df600000,0x00000000df600000)
  from space 12800K, 66% used [0x00000000e0280000,0x00000000e0ac3dc0,0x00000000e0f00000)
  to   space 12800K, 0% used [0x00000000df600000,0x00000000df600000,0x00000000e0280000)
 ParOldGen       total 76800K, used 18273K [0x0000000080000000, 0x0000000084b00000, 0x00000000d5580000)
  object space 76800K, 23% used [0x0000000080000000,0x00000000811d8600,0x0000000084b00000)
 Metaspace       used 52496K, capacity 54630K, committed 54824K, reserved 1097728K
  class space    used 6991K, capacity 7433K, committed 7472K, reserved 1048576K
Event: 9.433 GC heap after
Heap after GC invocations=13 (full 2):
 PSYoungGen      total 177152K, used 12792K [0x00000000d5580000, 0x00000000e4d00000, 0x0000000100000000)
  eden space 164352K, 0% used [0x00000000d5580000,0x00000000d5580000,0x00000000df600000)
  from space 12800K, 99% used [0x00000000df600000,0x00000000e027e108,0x00000000e0280000)
  to   space 18944K, 0% used [0x00000000e3a80000,0x00000000e3a80000,0x00000000e4d00000)
 ParOldGen       total 76800K, used 30314K [0x0000000080000000, 0x0000000084b00000, 0x00000000d5580000)
  object space 76800K, 39% used [0x0000000080000000,0x0000000081d9a840,0x0000000084b00000)
 Metaspace       used 52496K, capacity 54630K, committed 54824K, reserved 1097728K
  class space    used 6991K, capacity 7433K, committed 7472K, reserved 1048576K
}
Event: 10.112 GC heap before
{Heap before GC invocations=14 (full 2):
 PSYoungGen      total 177152K, used 57283K [0x00000000d5580000, 0x00000000e4d00000, 0x0000000100000000)
  eden space 164352K, 27% used [0x00000000d5580000,0x00000000d80f2cc0,0x00000000df600000)
  from space 12800K, 99% used [0x00000000df600000,0x00000000e027e108,0x00000000e0280000)
  to   space 18944K, 0% used [0x00000000e3a80000,0x00000000e3a80000,0x00000000e4d00000)
 ParOldGen       total 76800K, used 30314K [0x0000000080000000, 0x0000000084b00000, 0x00000000d5580000)
  object space 76800K, 39% used [0x0000000080000000,0x0000000081d9a840,0x0000000084b00000)
 Metaspace       used 56727K, capacity 59034K, committed 59160K, reserved 1099776K
  class space    used 7686K, capacity 8164K, committed 8240K, reserved 1048576K
Event: 10.127 GC heap after
Heap after GC invocations=14 (full 2):
 PSYoungGen      total 235008K, used 5748K [0x00000000d5580000, 0x00000000e4d00000, 0x0000000100000000)
  eden space 216064K, 0% used [0x00000000d5580000,0x00000000d5580000,0x00000000e2880000)
  from space 18944K, 30% used [0x00000000e3a80000,0x00000000e401d278,0x00000000e4d00000)
  to   space 18432K, 0% used [0x00000000e2880000,0x00000000e2880000,0x00000000e3a80000)
 ParOldGen       total 76800K, used 40610K [0x0000000080000000, 0x0000000084b00000, 0x00000000d5580000)
  object space 76800K, 52% used [0x0000000080000000,0x00000000827a8958,0x0000000084b00000)
 Metaspace       used 56727K, capacity 59034K, committed 59160K, reserved 1099776K
  class space    used 7686K, capacity 8164K, committed 8240K, reserved 1048576K
}
Event: 10.127 GC heap before
{Heap before GC invocations=15 (full 3):
 PSYoungGen      total 235008K, used 5748K [0x00000000d5580000, 0x00000000e4d00000, 0x0000000100000000)
  eden space 216064K, 0% used [0x00000000d5580000,0x00000000d5580000,0x00000000e2880000)
  from space 18944K, 30% used [0x00000000e3a80000,0x00000000e401d278,0x00000000e4d00000)
  to   space 18432K, 0% used [0x00000000e2880000,0x00000000e2880000,0x00000000e3a80000)
 ParOldGen       total 76800K, used 40610K [0x0000000080000000, 0x0000000084b00000, 0x00000000d5580000)
  object space 76800K, 52% used [0x0000000080000000,0x00000000827a8958,0x0000000084b00000)
 Metaspace       used 56727K, capacity 59034K, committed 59160K, reserved 1099776K
  class space    used 7686K, capacity 8164K, committed 8240K, reserved 1048576K
Event: 10.368 GC heap after
Heap after GC invocations=15 (full 3):
 PSYoungGen      total 235008K, used 0K [0x00000000d5580000, 0x00000000e4d00000, 0x0000000100000000)
  eden space 216064K, 0% used [0x00000000d5580000,0x00000000d5580000,0x00000000e2880000)
  from space 18944K, 0% used [0x00000000e3a80000,0x00000000e3a80000,0x00000000e4d00000)
  to   space 18432K, 0% used [0x00000000e2880000,0x00000000e2880000,0x00000000e3a80000)
 ParOldGen       total 119296K, used 33397K [0x0000000080000000, 0x0000000087480000, 0x00000000d5580000)
  object space 119296K, 27% used [0x0000000080000000,0x000000008209d528,0x0000000087480000)
 Metaspace       used 56682K, capacity 58884K, committed 59160K, reserved 1099776K
  class space    used 7673K, capacity 8139K, committed 8240K, reserved 1048576K
}
Event: 13.909 GC heap before
{Heap before GC invocations=16 (full 3):
 PSYoungGen      total 235008K, used 216064K [0x00000000d5580000, 0x00000000e4d00000, 0x0000000100000000)
  eden space 216064K, 100% used [0x00000000d5580000,0x00000000e2880000,0x00000000e2880000)
  from space 18944K, 0% used [0x00000000e3a80000,0x00000000e3a80000,0x00000000e4d00000)
  to   space 18432K, 0% used [0x00000000e2880000,0x00000000e2880000,0x00000000e3a80000)
 ParOldGen       total 119296K, used 33397K [0x0000000080000000, 0x0000000087480000, 0x00000000d5580000)
  object space 119296K, 27% used [0x0000000080000000,0x000000008209d528,0x0000000087480000)
 Metaspace       used 66769K, capacity 69998K, committed 70296K, reserved 1110016K
  class space    used 9196K, capacity 9820K, committed 9904K, reserved 1048576K
Event: 13.929 GC heap after
Heap after GC invocations=16 (full 3):
 PSYoungGen      total 234496K, used 18425K [0x00000000d5580000, 0x00000000e7e00000, 0x0000000100000000)
  eden space 216064K, 0% used [0x00000000d5580000,0x00000000d5580000,0x00000000e2880000)
  from space 18432K, 99% used [0x00000000e2880000,0x00000000e3a7e498,0x00000000e3a80000)
  to   space 21504K, 0% used [0x00000000e6900000,0x00000000e6900000,0x00000000e7e00000)
 ParOldGen       total 119296K, used 34075K [0x0000000080000000, 0x0000000087480000, 0x00000000d5580000)
  object space 119296K, 28% used [0x0000000080000000,0x0000000082146e58,0x0000000087480000)
 Metaspace       used 66769K, capacity 69998K, committed 70296K, reserved 1110016K
  class space    used 9196K, capacity 9820K, committed 9904K, reserved 1048576K
}

