# JRE version: OpenJDK Runtime Environment (8.0_242-b01) (build 1.8.0_242-release-1644-b01)
# Java VM: OpenJDK 64-Bit Server VM (25.242-b01 mixed mode windows-amd64 compressed oops)
Heap:
 PSYoungGen      total 214528K, used 62956K [0x00000000d5580000, 0x00000000e6280000, 0x0000000100000000)
  eden space 192512K, 21% used [0x00000000d5580000,0x00000000d7d82028,0x00000000e1180000)
  from space 22016K, 99% used [0x00000000e4d00000,0x00000000e6278fd8,0x00000000e6280000)
  to   space 19968K, 0% used [0x00000000e1180000,0x00000000e1180000,0x00000000e2500000)
 ParOldGen       total 128512K, used 50104K [0x0000000080000000, 0x0000000087d80000, 0x00000000d5580000)
  object space 128512K, 38% used [0x0000000080000000,0x00000000830ee100,0x0000000087d80000)
 Metaspace       used 70651K, capacity 74140K, committed 74264K, reserved 1114112K
  class space    used 9588K, capacity 10253K, committed 10288K, reserved 1048576K
GC Heap History (10 events):
Event: 8.595 GC heap before
{Heap before GC invocations=13 (full 2):
 PSYoungGen      total 167424K, used 163885K [0x00000000d5580000, 0x00000000e0c80000, 0x0000000100000000)
  eden space 154624K, 100% used [0x00000000d5580000,0x00000000dec80000,0x00000000dec80000)
  from space 12800K, 72% used [0x00000000df980000,0x00000000e028b5f8,0x00000000e0600000)
  to   space 13312K, 0% used [0x00000000dec80000,0x00000000dec80000,0x00000000df980000)
 ParOldGen       total 84480K, used 18135K [0x0000000080000000, 0x0000000085280000, 0x00000000d5580000)
  object space 84480K, 21% used [0x0000000080000000,0x00000000811b5e70,0x0000000085280000)
 Metaspace       used 52376K, capacity 54514K, committed 54568K, reserved 1095680K
  class space    used 6980K, capacity 7435K, committed 7472K, reserved 1048576K
Event: 8.614 GC heap after
Heap after GC invocations=13 (full 2):
 PSYoungGen      total 167936K, used 13308K [0x00000000d5580000, 0x00000000e3780000, 0x0000000100000000)
  eden space 154624K, 0% used [0x00000000d5580000,0x00000000d5580000,0x00000000dec80000)
  from space 13312K, 99% used [0x00000000dec80000,0x00000000df97f300,0x00000000df980000)
  to   space 18944K, 0% used [0x00000000e2500000,0x00000000e2500000,0x00000000e3780000)
 ParOldGen       total 84480K, used 28709K [0x0000000080000000, 0x0000000085280000, 0x00000000d5580000)
  object space 84480K, 33% used [0x0000000080000000,0x0000000081c09500,0x0000000085280000)
 Metaspace       used 52376K, capacity 54514K, committed 54568K, reserved 1095680K
  class space    used 6980K, capacity 7435K, committed 7472K, reserved 1048576K
}
Event: 9.299 GC heap before
{Heap before GC invocations=14 (full 2):
 PSYoungGen      total 167936K, used 60313K [0x00000000d5580000, 0x00000000e3780000, 0x0000000100000000)
  eden space 154624K, 30% used [0x00000000d5580000,0x00000000d83674f8,0x00000000dec80000)
  from space 13312K, 99% used [0x00000000dec80000,0x00000000df97f300,0x00000000df980000)
  to   space 18944K, 0% used [0x00000000e2500000,0x00000000e2500000,0x00000000e3780000)
 ParOldGen       total 84480K, used 28709K [0x0000000080000000, 0x0000000085280000, 0x00000000d5580000)
  object space 84480K, 33% used [0x0000000080000000,0x0000000081c09500,0x0000000085280000)
 Metaspace       used 56728K, capacity 59046K, committed 59160K, reserved 1099776K
  class space    used 7681K, capacity 8166K, committed 8240K, reserved 1048576K
Event: 9.317 GC heap after
Heap after GC invocations=14 (full 2):
 PSYoungGen      total 211456K, used 14405K [0x00000000d5580000, 0x00000000e3b80000, 0x0000000100000000)
  eden space 192512K, 0% used [0x00000000d5580000,0x00000000d5580000,0x00000000e1180000)
  from space 18944K, 76% used [0x00000000e2500000,0x00000000e3311518,0x00000000e3780000)
  to   space 19968K, 0% used [0x00000000e1180000,0x00000000e1180000,0x00000000e2500000)
 ParOldGen       total 84480K, used 33607K [0x0000000080000000, 0x0000000085280000, 0x00000000d5580000)
  object space 84480K, 39% used [0x0000000080000000,0x00000000820d1ca0,0x0000000085280000)
 Metaspace       used 56728K, capacity 59046K, committed 59160K, reserved 1099776K
  class space    used 7681K, capacity 8166K, committed 8240K, reserved 1048576K
}
Event: 9.317 GC heap before
{Heap before GC invocations=15 (full 3):
 PSYoungGen      total 211456K, used 14405K [0x00000000d5580000, 0x00000000e3b80000, 0x0000000100000000)
  eden space 192512K, 0% used [0x00000000d5580000,0x00000000d5580000,0x00000000e1180000)
  from space 18944K, 76% used [0x00000000e2500000,0x00000000e3311518,0x00000000e3780000)
  to   space 19968K, 0% used [0x00000000e1180000,0x00000000e1180000,0x00000000e2500000)
 ParOldGen       total 84480K, used 33607K [0x0000000080000000, 0x0000000085280000, 0x00000000d5580000)
  object space 84480K, 39% used [0x0000000080000000,0x00000000820d1ca0,0x0000000085280000)
 Metaspace       used 56728K, capacity 59046K, committed 59160K, reserved 1099776K
  class space    used 7681K, capacity 8166K, committed 8240K, reserved 1048576K
Event: 9.512 GC heap after
Heap after GC invocations=15 (full 3):
 PSYoungGen      total 211456K, used 0K [0x00000000d5580000, 0x00000000e3b80000, 0x0000000100000000)
  eden space 192512K, 0% used [0x00000000d5580000,0x00000000d5580000,0x00000000e1180000)
  from space 18944K, 0% used [0x00000000e2500000,0x00000000e2500000,0x00000000e3780000)
  to   space 19968K, 0% used [0x00000000e1180000,0x00000000e1180000,0x00000000e2500000)
 ParOldGen       total 128512K, used 33530K [0x0000000080000000, 0x0000000087d80000, 0x00000000d5580000)
  object space 128512K, 26% used [0x0000000080000000,0x00000000820be880,0x0000000087d80000)
 Metaspace       used 56680K, capacity 58884K, committed 59160K, reserved 1099776K
  class space    used 7666K, capacity 8139K, committed 8240K, reserved 1048576K
}
Event: 11.803 GC heap before
{Heap before GC invocations=16 (full 3):
 PSYoungGen      total 211456K, used 192512K [0x00000000d5580000, 0x00000000e3b80000, 0x0000000100000000)
  eden space 192512K, 100% used [0x00000000d5580000,0x00000000e1180000,0x00000000e1180000)
  from space 18944K, 0% used [0x00000000e2500000,0x00000000e2500000,0x00000000e3780000)
  to   space 19968K, 0% used [0x00000000e1180000,0x00000000e1180000,0x00000000e2500000)
 ParOldGen       total 128512K, used 33530K [0x0000000080000000, 0x0000000087d80000, 0x00000000d5580000)
  object space 128512K, 26% used [0x0000000080000000,0x00000000820be880,0x0000000087d80000)
 Metaspace       used 65633K, capacity 68874K, committed 69144K, reserved 1107968K
  class space    used 9061K, capacity 9654K, committed 9776K, reserved 1048576K
Event: 11.828 GC heap after
Heap after GC invocations=16 (full 3):
 PSYoungGen      total 212480K, used 17461K [0x00000000d5580000, 0x00000000e6280000, 0x0000000100000000)
  eden space 192512K, 0% used [0x00000000d5580000,0x00000000d5580000,0x00000000e1180000)
  from space 19968K, 87% used [0x00000000e1180000,0x00000000e228d6b8,0x00000000e2500000)
  to   space 22016K, 0% used [0x00000000e4d00000,0x00000000e4d00000,0x00000000e6280000)
 ParOldGen       total 128512K, used 33538K [0x0000000080000000, 0x0000000087d80000, 0x00000000d5580000)
  object space 128512K, 26% used [0x0000000080000000,0x00000000820c0880,0x0000000087d80000)
 Metaspace       used 65633K, capacity 68874K, committed 69144K, reserved 1107968K
  class space    used 9061K, capacity 9654K, committed 9776K, reserved 1048576K
}
Event: 13.871 GC heap before
{Heap before GC invocations=17 (full 3):
 PSYoungGen      total 212480K, used 209973K [0x00000000d5580000, 0x00000000e6280000, 0x0000000100000000)
  eden space 192512K, 100% used [0x00000000d5580000,0x00000000e1180000,0x00000000e1180000)
  from space 19968K, 87% used [0x00000000e1180000,0x00000000e228d6b8,0x00000000e2500000)
  to   space 22016K, 0% used [0x00000000e4d00000,0x00000000e4d00000,0x00000000e6280000)
 ParOldGen       total 128512K, used 33538K [0x0000000080000000, 0x0000000087d80000, 0x00000000d5580000)
  object space 128512K, 26% used [0x0000000080000000,0x00000000820c0880,0x0000000087d80000)
 Metaspace       used 70329K, capacity 73760K, committed 74008K, reserved 1114112K
  class space    used 9554K, capacity 10179K, committed 10288K, reserved 1048576K
Event: 13.902 GC heap after
Heap after GC invocations=17 (full 3):
 PSYoungGen      total 214528K, used 21987K [0x00000000d5580000, 0x00000000e6280000, 0x0000000100000000)
  eden space 192512K, 0% used [0x00000000d5580000,0x00000000d5580000,0x00000000e1180000)
  from space 22016K, 99% used [0x00000000e4d00000,0x00000000e6278fd8,0x00000000e6280000)
  to   space 19968K, 0% used [0x00000000e1180000,0x00000000e1180000,0x00000000e2500000)
 ParOldGen       total 128512K, used 50104K [0x0000000080000000, 0x0000000087d80000, 0x00000000d5580000)
  object space 128512K, 38% used [0x0000000080000000,0x00000000830ee100,0x0000000087d80000)
 Metaspace       used 70329K, capacity 73760K, committed 74008K, reserved 1114112K
  class space    used 9554K, capacity 10179K, committed 10288K, reserved 1048576K
}

