# JRE version: OpenJDK Runtime Environment (8.0_242-b01) (build 1.8.0_242-release-1644-b01)
# Java VM: OpenJDK 64-Bit Server VM (25.242-b01 mixed mode windows-amd64 compressed oops)
Heap:
 PSYoungGen      total 224256K, used 33274K [0x00000000d5580000, 0x00000000e6f80000, 0x0000000100000000)
  eden space 203264K, 6% used [0x00000000d5580000,0x00000000d61810f8,0x00000000e1c00000)
  from space 20992K, 99% used [0x00000000e5b00000,0x00000000e6f7d940,0x00000000e6f80000)
  to   space 18432K, 0% used [0x00000000e1c00000,0x00000000e1c00000,0x00000000e2e00000)
 ParOldGen       total 125952K, used 53189K [0x0000000080000000, 0x0000000087b00000, 0x00000000d5580000)
  object space 125952K, 42% used [0x0000000080000000,0x00000000833f17e0,0x0000000087b00000)
 Metaspace       used 70555K, capacity 73836K, committed 74008K, reserved 1114112K
  class space    used 9565K, capacity 10199K, committed 10288K, reserved 1048576K
GC Heap History (10 events):
Event: 8.239 GC heap before
{Heap before GC invocations=13 (full 2):
 PSYoungGen      total 170496K, used 166873K [0x00000000d5580000, 0x00000000e0f80000, 0x0000000100000000)
  eden space 157696K, 100% used [0x00000000d5580000,0x00000000def80000,0x00000000def80000)
  from space 12800K, 71% used [0x00000000dfc80000,0x00000000e0576550,0x00000000e0900000)
  to   space 13312K, 0% used [0x00000000def80000,0x00000000def80000,0x00000000dfc80000)
 ParOldGen       total 80896K, used 18237K [0x0000000080000000, 0x0000000084f00000, 0x00000000d5580000)
  object space 80896K, 22% used [0x0000000080000000,0x00000000811cf610,0x0000000084f00000)
 Metaspace       used 52454K, capacity 54510K, committed 54568K, reserved 1095680K
  class space    used 6990K, capacity 7435K, committed 7472K, reserved 1048576K
Event: 8.258 GC heap after
Heap after GC invocations=13 (full 2):
 PSYoungGen      total 171008K, used 13308K [0x00000000d5580000, 0x00000000e4080000, 0x0000000100000000)
  eden space 157696K, 0% used [0x00000000d5580000,0x00000000d5580000,0x00000000def80000)
  from space 13312K, 99% used [0x00000000def80000,0x00000000dfc7f340,0x00000000dfc80000)
  to   space 18944K, 0% used [0x00000000e2e00000,0x00000000e2e00000,0x00000000e4080000)
 ParOldGen       total 80896K, used 29019K [0x0000000080000000, 0x0000000084f00000, 0x00000000d5580000)
  object space 80896K, 35% used [0x0000000080000000,0x0000000081c56fa0,0x0000000084f00000)
 Metaspace       used 52454K, capacity 54510K, committed 54568K, reserved 1095680K
  class space    used 6990K, capacity 7435K, committed 7472K, reserved 1048576K
}
Event: 8.928 GC heap before
{Heap before GC invocations=14 (full 2):
 PSYoungGen      total 171008K, used 60770K [0x00000000d5580000, 0x00000000e4080000, 0x0000000100000000)
  eden space 157696K, 30% used [0x00000000d5580000,0x00000000d83d9810,0x00000000def80000)
  from space 13312K, 99% used [0x00000000def80000,0x00000000dfc7f340,0x00000000dfc80000)
  to   space 18944K, 0% used [0x00000000e2e00000,0x00000000e2e00000,0x00000000e4080000)
 ParOldGen       total 80896K, used 29019K [0x0000000080000000, 0x0000000084f00000, 0x00000000d5580000)
  object space 80896K, 35% used [0x0000000080000000,0x0000000081c56fa0,0x0000000084f00000)
 Metaspace       used 56792K, capacity 59046K, committed 59160K, reserved 1099776K
  class space    used 7702K, capacity 8166K, committed 8240K, reserved 1048576K
Event: 8.948 GC heap after
Heap after GC invocations=14 (full 2):
 PSYoungGen      total 222208K, used 6229K [0x00000000d5580000, 0x00000000e4300000, 0x0000000100000000)
  eden space 203264K, 0% used [0x00000000d5580000,0x00000000d5580000,0x00000000e1c00000)
  from space 18944K, 32% used [0x00000000e2e00000,0x00000000e3415778,0x00000000e4080000)
  to   space 18432K, 0% used [0x00000000e1c00000,0x00000000e1c00000,0x00000000e2e00000)
 ParOldGen       total 80896K, used 42231K [0x0000000080000000, 0x0000000084f00000, 0x00000000d5580000)
  object space 80896K, 52% used [0x0000000080000000,0x000000008293dcc8,0x0000000084f00000)
 Metaspace       used 56792K, capacity 59046K, committed 59160K, reserved 1099776K
  class space    used 7702K, capacity 8166K, committed 8240K, reserved 1048576K
}
Event: 8.948 GC heap before
{Heap before GC invocations=15 (full 3):
 PSYoungGen      total 222208K, used 6229K [0x00000000d5580000, 0x00000000e4300000, 0x0000000100000000)
  eden space 203264K, 0% used [0x00000000d5580000,0x00000000d5580000,0x00000000e1c00000)
  from space 18944K, 32% used [0x00000000e2e00000,0x00000000e3415778,0x00000000e4080000)
  to   space 18432K, 0% used [0x00000000e1c00000,0x00000000e1c00000,0x00000000e2e00000)
 ParOldGen       total 80896K, used 42231K [0x0000000080000000, 0x0000000084f00000, 0x00000000d5580000)
  object space 80896K, 52% used [0x0000000080000000,0x000000008293dcc8,0x0000000084f00000)
 Metaspace       used 56792K, capacity 59046K, committed 59160K, reserved 1099776K
  class space    used 7702K, capacity 8166K, committed 8240K, reserved 1048576K
Event: 9.156 GC heap after
Heap after GC invocations=15 (full 3):
 PSYoungGen      total 222208K, used 0K [0x00000000d5580000, 0x00000000e4300000, 0x0000000100000000)
  eden space 203264K, 0% used [0x00000000d5580000,0x00000000d5580000,0x00000000e1c00000)
  from space 18944K, 0% used [0x00000000e2e00000,0x00000000e2e00000,0x00000000e4080000)
  to   space 18432K, 0% used [0x00000000e1c00000,0x00000000e1c00000,0x00000000e2e00000)
 ParOldGen       total 125952K, used 33751K [0x0000000080000000, 0x0000000087b00000, 0x00000000d5580000)
  object space 125952K, 26% used [0x0000000080000000,0x00000000820f5db0,0x0000000087b00000)
 Metaspace       used 56744K, capacity 58884K, committed 59160K, reserved 1099776K
  class space    used 7687K, capacity 8139K, committed 8240K, reserved 1048576K
}
Event: 11.726 GC heap before
{Heap before GC invocations=16 (full 3):
 PSYoungGen      total 222208K, used 203264K [0x00000000d5580000, 0x00000000e4300000, 0x0000000100000000)
  eden space 203264K, 100% used [0x00000000d5580000,0x00000000e1c00000,0x00000000e1c00000)
  from space 18944K, 0% used [0x00000000e2e00000,0x00000000e2e00000,0x00000000e4080000)
  to   space 18432K, 0% used [0x00000000e1c00000,0x00000000e1c00000,0x00000000e2e00000)
 ParOldGen       total 125952K, used 33751K [0x0000000080000000, 0x0000000087b00000, 0x00000000d5580000)
  object space 125952K, 26% used [0x0000000080000000,0x00000000820f5db0,0x0000000087b00000)
 Metaspace       used 66518K, capacity 69580K, committed 69784K, reserved 1110016K
  class space    used 9169K, capacity 9781K, committed 9904K, reserved 1048576K
Event: 11.748 GC heap after
Heap after GC invocations=16 (full 3):
 PSYoungGen      total 221696K, used 18428K [0x00000000d5580000, 0x00000000e6f80000, 0x0000000100000000)
  eden space 203264K, 0% used [0x00000000d5580000,0x00000000d5580000,0x00000000e1c00000)
  from space 18432K, 99% used [0x00000000e1c00000,0x00000000e2dff130,0x00000000e2e00000)
  to   space 20992K, 0% used [0x00000000e5b00000,0x00000000e5b00000,0x00000000e6f80000)
 ParOldGen       total 125952K, used 33783K [0x0000000080000000, 0x0000000087b00000, 0x00000000d5580000)
  object space 125952K, 26% used [0x0000000080000000,0x00000000820fddb0,0x0000000087b00000)
 Metaspace       used 66518K, capacity 69580K, committed 69784K, reserved 1110016K
  class space    used 9169K, capacity 9781K, committed 9904K, reserved 1048576K
}
Event: 13.690 GC heap before
{Heap before GC invocations=17 (full 3):
 PSYoungGen      total 221696K, used 221692K [0x00000000d5580000, 0x00000000e6f80000, 0x0000000100000000)
  eden space 203264K, 100% used [0x00000000d5580000,0x00000000e1c00000,0x00000000e1c00000)
  from space 18432K, 99% used [0x00000000e1c00000,0x00000000e2dff130,0x00000000e2e00000)
  to   space 20992K, 0% used [0x00000000e5b00000,0x00000000e5b00000,0x00000000e6f80000)
 ParOldGen       total 125952K, used 33783K [0x0000000080000000, 0x0000000087b00000, 0x00000000d5580000)
  object space 125952K, 26% used [0x0000000080000000,0x00000000820fddb0,0x0000000087b00000)
 Metaspace       used 70518K, capacity 73760K, committed 74008K, reserved 1114112K
  class space    used 9561K, capacity 10197K, committed 10288K, reserved 1048576K
Event: 13.716 GC heap after
Heap after GC invocations=17 (full 3):
 PSYoungGen      total 224256K, used 20982K [0x00000000d5580000, 0x00000000e6f80000, 0x0000000100000000)
  eden space 203264K, 0% used [0x00000000d5580000,0x00000000d5580000,0x00000000e1c00000)
  from space 20992K, 99% used [0x00000000e5b00000,0x00000000e6f7d940,0x00000000e6f80000)
  to   space 18432K, 0% used [0x00000000e1c00000,0x00000000e1c00000,0x00000000e2e00000)
 ParOldGen       total 125952K, used 53189K [0x0000000080000000, 0x0000000087b00000, 0x00000000d5580000)
  object space 125952K, 42% used [0x0000000080000000,0x00000000833f17e0,0x0000000087b00000)
 Metaspace       used 70518K, capacity 73760K, committed 74008K, reserved 1114112K
  class space    used 9561K, capacity 10197K, committed 10288K, reserved 1048576K
}

