# JRE version: OpenJDK Runtime Environment (8.0_242-b01) (build 1.8.0_242-release-1644-b01)
# Java VM: OpenJDK 64-Bit Server VM (25.242-b01 mixed mode windows-amd64 compressed oops)
Heap:
 PSYoungGen      total 344064K, used 116538K [0x00000000d5580000, 0x00000000efa80000, 0x0000000100000000)
  eden space 273920K, 34% used [0x00000000d5580000,0x00000000db2eb228,0x00000000e6100000)
  from space 70144K, 29% used [0x00000000e6100000,0x00000000e7563870,0x00000000ea580000)
  to   space 66560K, 0% used [0x00000000eb980000,0x00000000eb980000,0x00000000efa80000)
 ParOldGen       total 288256K, used 137347K [0x0000000080000000, 0x0000000091980000, 0x00000000d5580000)
  object space 288256K, 47% used [0x0000000080000000,0x0000000088620db8,0x0000000091980000)
 Metaspace       used 92145K, capacity 96750K, committed 97304K, reserved 1132544K
  class space    used 12305K, capacity 13171K, committed 13360K, reserved 1048576K
GC Heap History (10 events):
Event: 26.906 GC heap before
{Heap before GC invocations=19 (full 3):
 PSYoungGen      total 269824K, used 269794K [0x00000000d5580000, 0x00000000eab00000, 0x0000000100000000)
  eden space 244224K, 100% used [0x00000000d5580000,0x00000000e4400000,0x00000000e4400000)
  from space 25600K, 99% used [0x00000000e4400000,0x00000000e5cf8b78,0x00000000e5d00000)
  to   space 33792K, 0% used [0x00000000e8a00000,0x00000000e8a00000,0x00000000eab00000)
 ParOldGen       total 125440K, used 72195K [0x0000000080000000, 0x0000000087a80000, 0x00000000d5580000)
  object space 125440K, 57% used [0x0000000080000000,0x0000000084680ff0,0x0000000087a80000)
 Metaspace       used 86002K, capacity 91014K, committed 91288K, reserved 1128448K
  class space    used 11958K, capacity 12883K, committed 12976K, reserved 1048576K
Event: 26.992 GC heap after
Heap after GC invocations=19 (full 3):
 PSYoungGen      total 285184K, used 33787K [0x00000000d5580000, 0x00000000ef700000, 0x0000000100000000)
  eden space 251392K, 0% used [0x00000000d5580000,0x00000000d5580000,0x00000000e4b00000)
  from space 33792K, 99% used [0x00000000e8a00000,0x00000000eaafecc0,0x00000000eab00000)
  to   space 64512K, 0% used [0x00000000e4b00000,0x00000000e4b00000,0x00000000e8a00000)
 ParOldGen       total 140800K, used 140436K [0x0000000080000000, 0x0000000088980000, 0x00000000d5580000)
  object space 140800K, 99% used [0x0000000080000000,0x0000000088925308,0x0000000088980000)
 Metaspace       used 86002K, capacity 91014K, committed 91288K, reserved 1128448K
  class space    used 11958K, capacity 12883K, committed 12976K, reserved 1048576K
}
Event: 26.992 GC heap before
{Heap before GC invocations=20 (full 4):
 PSYoungGen      total 285184K, used 33787K [0x00000000d5580000, 0x00000000ef700000, 0x0000000100000000)
  eden space 251392K, 0% used [0x00000000d5580000,0x00000000d5580000,0x00000000e4b00000)
  from space 33792K, 99% used [0x00000000e8a00000,0x00000000eaafecc0,0x00000000eab00000)
  to   space 64512K, 0% used [0x00000000e4b00000,0x00000000e4b00000,0x00000000e8a00000)
 ParOldGen       total 140800K, used 140436K [0x0000000080000000, 0x0000000088980000, 0x00000000d5580000)
  object space 140800K, 99% used [0x0000000080000000,0x0000000088925308,0x0000000088980000)
 Metaspace       used 86002K, capacity 91014K, committed 91288K, reserved 1128448K
  class space    used 11958K, capacity 12883K, committed 12976K, reserved 1048576K
Event: 27.459 GC heap after
Heap after GC invocations=20 (full 4):
 PSYoungGen      total 285184K, used 0K [0x00000000d5580000, 0x00000000ef700000, 0x0000000100000000)
  eden space 251392K, 0% used [0x00000000d5580000,0x00000000d5580000,0x00000000e4b00000)
  from space 33792K, 0% used [0x00000000e8a00000,0x00000000e8a00000,0x00000000eab00000)
  to   space 64512K, 0% used [0x00000000e4b00000,0x00000000e4b00000,0x00000000e8a00000)
 ParOldGen       total 288256K, used 137323K [0x0000000080000000, 0x0000000091980000, 0x00000000d5580000)
  object space 288256K, 47% used [0x0000000080000000,0x000000008861adb8,0x0000000091980000)
 Metaspace       used 85632K, capacity 89948K, committed 91288K, reserved 1128448K
  class space    used 11835K, capacity 12668K, committed 12976K, reserved 1048576K
}
Event: 511.698 GC heap before
{Heap before GC invocations=21 (full 4):
 PSYoungGen      total 285184K, used 251392K [0x00000000d5580000, 0x00000000ef700000, 0x0000000100000000)
  eden space 251392K, 100% used [0x00000000d5580000,0x00000000e4b00000,0x00000000e4b00000)
  from space 33792K, 0% used [0x00000000e8a00000,0x00000000e8a00000,0x00000000eab00000)
  to   space 64512K, 0% used [0x00000000e4b00000,0x00000000e4b00000,0x00000000e8a00000)
 ParOldGen       total 288256K, used 137323K [0x0000000080000000, 0x0000000091980000, 0x00000000d5580000)
  object space 288256K, 47% used [0x0000000080000000,0x000000008861adb8,0x0000000091980000)
 Metaspace       used 90556K, capacity 94918K, committed 95640K, reserved 1132544K
  class space    used 12238K, capacity 13075K, committed 13232K, reserved 1048576K
Event: 511.722 GC heap after
Heap after GC invocations=21 (full 4):
 PSYoungGen      total 315904K, used 21673K [0x00000000d5580000, 0x00000000ee080000, 0x0000000100000000)
  eden space 251392K, 0% used [0x00000000d5580000,0x00000000d5580000,0x00000000e4b00000)
  from space 64512K, 33% used [0x00000000e4b00000,0x00000000e602a430,0x00000000e8a00000)
  to   space 60416K, 0% used [0x00000000ea580000,0x00000000ea580000,0x00000000ee080000)
 ParOldGen       total 288256K, used 137331K [0x0000000080000000, 0x0000000091980000, 0x00000000d5580000)
  object space 288256K, 47% used [0x0000000080000000,0x000000008861cdb8,0x0000000091980000)
 Metaspace       used 90556K, capacity 94918K, committed 95640K, reserved 1132544K
  class space    used 12238K, capacity 13075K, committed 13232K, reserved 1048576K
}
Event: 527.727 GC heap before
{Heap before GC invocations=22 (full 4):
 PSYoungGen      total 315904K, used 273065K [0x00000000d5580000, 0x00000000ee080000, 0x0000000100000000)
  eden space 251392K, 100% used [0x00000000d5580000,0x00000000e4b00000,0x00000000e4b00000)
  from space 64512K, 33% used [0x00000000e4b00000,0x00000000e602a430,0x00000000e8a00000)
  to   space 60416K, 0% used [0x00000000ea580000,0x00000000ea580000,0x00000000ee080000)
 ParOldGen       total 288256K, used 137331K [0x0000000080000000, 0x0000000091980000, 0x00000000d5580000)
  object space 288256K, 47% used [0x0000000080000000,0x000000008861cdb8,0x0000000091980000)
 Metaspace       used 91541K, capacity 96012K, committed 96792K, reserved 1132544K
  class space    used 12282K, capacity 13138K, committed 13360K, reserved 1048576K
Event: 527.772 GC heap after
Heap after GC invocations=22 (full 4):
 PSYoungGen      total 334336K, used 58724K [0x00000000d5580000, 0x00000000eef00000, 0x0000000100000000)
  eden space 273920K, 0% used [0x00000000d5580000,0x00000000d5580000,0x00000000e6100000)
  from space 60416K, 97% used [0x00000000ea580000,0x00000000eded9210,0x00000000ee080000)
  to   space 70144K, 0% used [0x00000000e6100000,0x00000000e6100000,0x00000000ea580000)
 ParOldGen       total 288256K, used 137339K [0x0000000080000000, 0x0000000091980000, 0x00000000d5580000)
  object space 288256K, 47% used [0x0000000080000000,0x000000008861edb8,0x0000000091980000)
 Metaspace       used 91541K, capacity 96012K, committed 96792K, reserved 1132544K
  class space    used 12282K, capacity 13138K, committed 13360K, reserved 1048576K
}
Event: 620.988 GC heap before
{Heap before GC invocations=23 (full 4):
 PSYoungGen      total 334336K, used 332644K [0x00000000d5580000, 0x00000000eef00000, 0x0000000100000000)
  eden space 273920K, 100% used [0x00000000d5580000,0x00000000e6100000,0x00000000e6100000)
  from space 60416K, 97% used [0x00000000ea580000,0x00000000eded9210,0x00000000ee080000)
  to   space 70144K, 0% used [0x00000000e6100000,0x00000000e6100000,0x00000000ea580000)
 ParOldGen       total 288256K, used 137339K [0x0000000080000000, 0x0000000091980000, 0x00000000d5580000)
  object space 288256K, 47% used [0x0000000080000000,0x000000008861edb8,0x0000000091980000)
 Metaspace       used 91810K, capacity 96348K, committed 97048K, reserved 1132544K
  class space    used 12292K, capacity 13150K, committed 13360K, reserved 1048576K
Event: 621.007 GC heap after
Heap after GC invocations=23 (full 4):
 PSYoungGen      total 344064K, used 20878K [0x00000000d5580000, 0x00000000efa80000, 0x0000000100000000)
  eden space 273920K, 0% used [0x00000000d5580000,0x00000000d5580000,0x00000000e6100000)
  from space 70144K, 29% used [0x00000000e6100000,0x00000000e7563870,0x00000000ea580000)
  to   space 66560K, 0% used [0x00000000eb980000,0x00000000eb980000,0x00000000efa80000)
 ParOldGen       total 288256K, used 137347K [0x0000000080000000, 0x0000000091980000, 0x00000000d5580000)
  object space 288256K, 47% used [0x0000000080000000,0x0000000088620db8,0x0000000091980000)
 Metaspace       used 91810K, capacity 96348K, committed 97048K, reserved 1132544K
  class space    used 12292K, capacity 13150K, committed 13360K, reserved 1048576K
}

