# JRE version: OpenJDK Runtime Environment (8.0_242-b01) (build 1.8.0_242-release-1644-b01)
# Java VM: OpenJDK 64-Bit Server VM (25.242-b01 mixed mode windows-amd64 compressed oops)
Heap:
 PSYoungGen      total 276992K, used 42088K [0x00000000d5580000, 0x00000000e8500000, 0x0000000100000000)
  eden space 247296K, 10% used [0x00000000d5580000,0x00000000d6eed168,0x00000000e4700000)
  from space 29696K, 54% used [0x00000000e6800000,0x00000000e77ad240,0x00000000e8500000)
  to   space 31744K, 0% used [0x00000000e4700000,0x00000000e4700000,0x00000000e6600000)
 ParOldGen       total 130048K, used 59344K [0x0000000080000000, 0x0000000087f00000, 0x00000000d5580000)
  object space 130048K, 45% used [0x0000000080000000,0x00000000839f40d8,0x0000000087f00000)
 Metaspace       used 81107K, capacity 84868K, committed 84888K, reserved 1122304K
  class space    used 10716K, capacity 11420K, committed 11440K, reserved 1048576K
GC Heap History (10 events):
Event: 8.873 GC heap before
{Heap before GC invocations=15 (full 3):
 PSYoungGen      total 207872K, used 15085K [0x00000000d5580000, 0x00000000e3800000, 0x0000000100000000)
  eden space 189440K, 0% used [0x00000000d5580000,0x00000000d5580000,0x00000000e0e80000)
  from space 18432K, 81% used [0x00000000e2200000,0x00000000e30bb480,0x00000000e3400000)
  to   space 19968K, 0% used [0x00000000e0e80000,0x00000000e0e80000,0x00000000e2200000)
 ParOldGen       total 84480K, used 33845K [0x0000000080000000, 0x0000000085280000, 0x00000000d5580000)
  object space 84480K, 40% used [0x0000000080000000,0x000000008210d608,0x0000000085280000)
 Metaspace       used 56825K, capacity 59052K, committed 59160K, reserved 1099776K
  class space    used 7702K, capacity 8167K, committed 8240K, reserved 1048576K
Event: 9.111 GC heap after
Heap after GC invocations=15 (full 3):
 PSYoungGen      total 207872K, used 0K [0x00000000d5580000, 0x00000000e3800000, 0x0000000100000000)
  eden space 189440K, 0% used [0x00000000d5580000,0x00000000d5580000,0x00000000e0e80000)
  from space 18432K, 0% used [0x00000000e2200000,0x00000000e2200000,0x00000000e3400000)
  to   space 19968K, 0% used [0x00000000e0e80000,0x00000000e0e80000,0x00000000e2200000)
 ParOldGen       total 130048K, used 33873K [0x0000000080000000, 0x0000000087f00000, 0x00000000d5580000)
  object space 130048K, 26% used [0x0000000080000000,0x00000000821144a0,0x0000000087f00000)
 Metaspace       used 56776K, capacity 58884K, committed 59160K, reserved 1099776K
  class space    used 7687K, capacity 8139K, committed 8240K, reserved 1048576K
}
Event: 11.163 GC heap before
{Heap before GC invocations=16 (full 3):
 PSYoungGen      total 207872K, used 189440K [0x00000000d5580000, 0x00000000e3800000, 0x0000000100000000)
  eden space 189440K, 100% used [0x00000000d5580000,0x00000000e0e80000,0x00000000e0e80000)
  from space 18432K, 0% used [0x00000000e2200000,0x00000000e2200000,0x00000000e3400000)
  to   space 19968K, 0% used [0x00000000e0e80000,0x00000000e0e80000,0x00000000e2200000)
 ParOldGen       total 130048K, used 33873K [0x0000000080000000, 0x0000000087f00000, 0x00000000d5580000)
  object space 130048K, 26% used [0x0000000080000000,0x00000000821144a0,0x0000000087f00000)
 Metaspace       used 65658K, capacity 68716K, committed 68888K, reserved 1107968K
  class space    used 9039K, capacity 9661K, committed 9776K, reserved 1048576K
Event: 11.180 GC heap after
Heap after GC invocations=16 (full 3):
 PSYoungGen      total 209408K, used 17770K [0x00000000d5580000, 0x00000000e5a80000, 0x0000000100000000)
  eden space 189440K, 0% used [0x00000000d5580000,0x00000000d5580000,0x00000000e0e80000)
  from space 19968K, 88% used [0x00000000e0e80000,0x00000000e1fdaa38,0x00000000e2200000)
  to   space 22016K, 0% used [0x00000000e4500000,0x00000000e4500000,0x00000000e5a80000)
 ParOldGen       total 130048K, used 33881K [0x0000000080000000, 0x0000000087f00000, 0x00000000d5580000)
  object space 130048K, 26% used [0x0000000080000000,0x00000000821164a0,0x0000000087f00000)
 Metaspace       used 65658K, capacity 68716K, committed 68888K, reserved 1107968K
  class space    used 9039K, capacity 9661K, committed 9776K, reserved 1048576K
}
Event: 13.956 GC heap before
{Heap before GC invocations=17 (full 3):
 PSYoungGen      total 209408K, used 207210K [0x00000000d5580000, 0x00000000e5a80000, 0x0000000100000000)
  eden space 189440K, 100% used [0x00000000d5580000,0x00000000e0e80000,0x00000000e0e80000)
  from space 19968K, 88% used [0x00000000e0e80000,0x00000000e1fdaa38,0x00000000e2200000)
  to   space 22016K, 0% used [0x00000000e4500000,0x00000000e4500000,0x00000000e5a80000)
 ParOldGen       total 130048K, used 33881K [0x0000000080000000, 0x0000000087f00000, 0x00000000d5580000)
  object space 130048K, 26% used [0x0000000080000000,0x00000000821164a0,0x0000000087f00000)
 Metaspace       used 71745K, capacity 74978K, committed 75160K, reserved 1114112K
  class space    used 9788K, capacity 10408K, committed 10416K, reserved 1048576K
Event: 13.985 GC heap after
Heap after GC invocations=17 (full 3):
 PSYoungGen      total 241152K, used 21984K [0x00000000d5580000, 0x00000000e6000000, 0x0000000100000000)
  eden space 219136K, 0% used [0x00000000d5580000,0x00000000d5580000,0x00000000e2b80000)
  from space 22016K, 99% used [0x00000000e4500000,0x00000000e5a780a0,0x00000000e5a80000)
  to   space 26112K, 0% used [0x00000000e2b80000,0x00000000e2b80000,0x00000000e4500000)
 ParOldGen       total 130048K, used 36376K [0x0000000080000000, 0x0000000087f00000, 0x00000000d5580000)
  object space 130048K, 27% used [0x0000000080000000,0x0000000082386250,0x0000000087f00000)
 Metaspace       used 71745K, capacity 74978K, committed 75160K, reserved 1114112K
  class space    used 9788K, capacity 10408K, committed 10416K, reserved 1048576K
}
Event: 790.077 GC heap before
{Heap before GC invocations=18 (full 3):
 PSYoungGen      total 241152K, used 241120K [0x00000000d5580000, 0x00000000e6000000, 0x0000000100000000)
  eden space 219136K, 100% used [0x00000000d5580000,0x00000000e2b80000,0x00000000e2b80000)
  from space 22016K, 99% used [0x00000000e4500000,0x00000000e5a780a0,0x00000000e5a80000)
  to   space 26112K, 0% used [0x00000000e2b80000,0x00000000e2b80000,0x00000000e4500000)
 ParOldGen       total 130048K, used 36376K [0x0000000080000000, 0x0000000087f00000, 0x00000000d5580000)
  object space 130048K, 27% used [0x0000000080000000,0x0000000082386250,0x0000000087f00000)
 Metaspace       used 78019K, capacity 81638K, committed 81688K, reserved 1120256K
  class space    used 10347K, capacity 11012K, committed 11056K, reserved 1048576K
Event: 790.113 GC heap after
Heap after GC invocations=18 (full 3):
 PSYoungGen      total 245248K, used 26109K [0x00000000d5580000, 0x00000000e8800000, 0x0000000100000000)
  eden space 219136K, 0% used [0x00000000d5580000,0x00000000d5580000,0x00000000e2b80000)
  from space 26112K, 99% used [0x00000000e2b80000,0x00000000e44ff510,0x00000000e4500000)
  to   space 32768K, 0% used [0x00000000e6800000,0x00000000e6800000,0x00000000e8800000)
 ParOldGen       total 130048K, used 43824K [0x0000000080000000, 0x0000000087f00000, 0x00000000d5580000)
  object space 130048K, 33% used [0x0000000080000000,0x0000000082acc3b8,0x0000000087f00000)
 Metaspace       used 78019K, capacity 81638K, committed 81688K, reserved 1120256K
  class space    used 10347K, capacity 11012K, committed 11056K, reserved 1048576K
}
Event: 792.884 GC heap before
{Heap before GC invocations=19 (full 3):
 PSYoungGen      total 245248K, used 245245K [0x00000000d5580000, 0x00000000e8800000, 0x0000000100000000)
  eden space 219136K, 100% used [0x00000000d5580000,0x00000000e2b80000,0x00000000e2b80000)
  from space 26112K, 99% used [0x00000000e2b80000,0x00000000e44ff510,0x00000000e4500000)
  to   space 32768K, 0% used [0x00000000e6800000,0x00000000e6800000,0x00000000e8800000)
 ParOldGen       total 130048K, used 43824K [0x0000000080000000, 0x0000000087f00000, 0x00000000d5580000)
  object space 130048K, 33% used [0x0000000080000000,0x0000000082acc3b8,0x0000000087f00000)
 Metaspace       used 79705K, capacity 83426K, committed 83736K, reserved 1122304K
  class space    used 10525K, capacity 11225K, committed 11312K, reserved 1048576K
Event: 792.911 GC heap after
Heap after GC invocations=19 (full 3):
 PSYoungGen      total 276992K, used 16052K [0x00000000d5580000, 0x00000000e8500000, 0x0000000100000000)
  eden space 247296K, 0% used [0x00000000d5580000,0x00000000d5580000,0x00000000e4700000)
  from space 29696K, 54% used [0x00000000e6800000,0x00000000e77ad240,0x00000000e8500000)
  to   space 31744K, 0% used [0x00000000e4700000,0x00000000e4700000,0x00000000e6600000)
 ParOldGen       total 130048K, used 59344K [0x0000000080000000, 0x0000000087f00000, 0x00000000d5580000)
  object space 130048K, 45% used [0x0000000080000000,0x00000000839f40d8,0x0000000087f00000)
 Metaspace       used 79705K, capacity 83426K, committed 83736K, reserved 1122304K
  class space    used 10525K, capacity 11225K, committed 11312K, reserved 1048576K
}

