# JRE version: OpenJDK Runtime Environment (8.0_242-b01) (build 1.8.0_242-release-1644-b01)
# Java VM: OpenJDK 64-Bit Server VM (25.242-b01 mixed mode windows-amd64 compressed oops)
Heap:
 PSYoungGen      total 239104K, used 60364K [0x00000000d5580000, 0x00000000e7300000, 0x0000000100000000)
  eden space 217088K, 17% used [0x00000000d5580000,0x00000000d7af78b0,0x00000000e2980000)
  from space 22016K, 99% used [0x00000000e4980000,0x00000000e5efb9f8,0x00000000e5f00000)
  to   space 32768K, 0% used [0x00000000e2980000,0x00000000e2980000,0x00000000e4980000)
 ParOldGen       total 129024K, used 54166K [0x0000000080000000, 0x0000000087e00000, 0x00000000d5580000)
  object space 129024K, 41% used [0x0000000080000000,0x00000000834e5b68,0x0000000087e00000)
 Metaspace       used 70725K, capacity 74202K, committed 74264K, reserved 1114112K
  class space    used 9598K, capacity 10266K, committed 10288K, reserved 1048576K
GC Heap History (10 events):
Event: 8.043 GC heap before
{Heap before GC invocations=13 (full 2):
 PSYoungGen      total 166400K, used 165012K [0x00000000d5580000, 0x00000000e0780000, 0x0000000100000000)
  eden space 156672K, 100% used [0x00000000d5580000,0x00000000dee80000,0x00000000dee80000)
  from space 9728K, 85% used [0x00000000dfe00000,0x00000000e0625048,0x00000000e0780000)
  to   space 12800K, 0% used [0x00000000dee80000,0x00000000dee80000,0x00000000dfb00000)
 ParOldGen       total 83968K, used 18109K [0x0000000080000000, 0x0000000085200000, 0x00000000d5580000)
  object space 83968K, 21% used [0x0000000080000000,0x00000000811af6c0,0x0000000085200000)
 Metaspace       used 52346K, capacity 54518K, committed 54568K, reserved 1095680K
  class space    used 6979K, capacity 7435K, committed 7472K, reserved 1048576K
Event: 8.062 GC heap after
Heap after GC invocations=13 (full 2):
 PSYoungGen      total 169472K, used 12780K [0x00000000d5580000, 0x00000000e3580000, 0x0000000100000000)
  eden space 156672K, 0% used [0x00000000d5580000,0x00000000d5580000,0x00000000dee80000)
  from space 12800K, 99% used [0x00000000dee80000,0x00000000dfafb330,0x00000000dfb00000)
  to   space 18432K, 0% used [0x00000000e2380000,0x00000000e2380000,0x00000000e3580000)
 ParOldGen       total 83968K, used 29133K [0x0000000080000000, 0x0000000085200000, 0x00000000d5580000)
  object space 83968K, 34% used [0x0000000080000000,0x0000000081c73508,0x0000000085200000)
 Metaspace       used 52346K, capacity 54518K, committed 54568K, reserved 1095680K
  class space    used 6979K, capacity 7435K, committed 7472K, reserved 1048576K
}
Event: 8.740 GC heap before
{Heap before GC invocations=14 (full 2):
 PSYoungGen      total 169472K, used 69143K [0x00000000d5580000, 0x00000000e3580000, 0x0000000100000000)
  eden space 156672K, 35% used [0x00000000d5580000,0x00000000d8c8ac08,0x00000000dee80000)
  from space 12800K, 99% used [0x00000000dee80000,0x00000000dfafb330,0x00000000dfb00000)
  to   space 18432K, 0% used [0x00000000e2380000,0x00000000e2380000,0x00000000e3580000)
 ParOldGen       total 83968K, used 29133K [0x0000000080000000, 0x0000000085200000, 0x00000000d5580000)
  object space 83968K, 34% used [0x0000000080000000,0x0000000081c73508,0x0000000085200000)
 Metaspace       used 56801K, capacity 59050K, committed 59160K, reserved 1099776K
  class space    used 7696K, capacity 8166K, committed 8240K, reserved 1048576K
Event: 8.759 GC heap after
Heap after GC invocations=14 (full 2):
 PSYoungGen      total 209408K, used 15039K [0x00000000d5580000, 0x00000000e3b00000, 0x0000000100000000)
  eden space 190976K, 0% used [0x00000000d5580000,0x00000000d5580000,0x00000000e1000000)
  from space 18432K, 81% used [0x00000000e2380000,0x00000000e322fc18,0x00000000e3580000)
  to   space 19968K, 0% used [0x00000000e1000000,0x00000000e1000000,0x00000000e2380000)
 ParOldGen       total 83968K, used 33879K [0x0000000080000000, 0x0000000085200000, 0x00000000d5580000)
  object space 83968K, 40% used [0x0000000080000000,0x0000000082115e38,0x0000000085200000)
 Metaspace       used 56801K, capacity 59050K, committed 59160K, reserved 1099776K
  class space    used 7696K, capacity 8166K, committed 8240K, reserved 1048576K
}
Event: 8.759 GC heap before
{Heap before GC invocations=15 (full 3):
 PSYoungGen      total 209408K, used 15039K [0x00000000d5580000, 0x00000000e3b00000, 0x0000000100000000)
  eden space 190976K, 0% used [0x00000000d5580000,0x00000000d5580000,0x00000000e1000000)
  from space 18432K, 81% used [0x00000000e2380000,0x00000000e322fc18,0x00000000e3580000)
  to   space 19968K, 0% used [0x00000000e1000000,0x00000000e1000000,0x00000000e2380000)
 ParOldGen       total 83968K, used 33879K [0x0000000080000000, 0x0000000085200000, 0x00000000d5580000)
  object space 83968K, 40% used [0x0000000080000000,0x0000000082115e38,0x0000000085200000)
 Metaspace       used 56801K, capacity 59050K, committed 59160K, reserved 1099776K
  class space    used 7696K, capacity 8166K, committed 8240K, reserved 1048576K
Event: 8.977 GC heap after
Heap after GC invocations=15 (full 3):
 PSYoungGen      total 209408K, used 0K [0x00000000d5580000, 0x00000000e3b00000, 0x0000000100000000)
  eden space 190976K, 0% used [0x00000000d5580000,0x00000000d5580000,0x00000000e1000000)
  from space 18432K, 0% used [0x00000000e2380000,0x00000000e2380000,0x00000000e3580000)
  to   space 19968K, 0% used [0x00000000e1000000,0x00000000e1000000,0x00000000e2380000)
 ParOldGen       total 129024K, used 33876K [0x0000000080000000, 0x0000000087e00000, 0x00000000d5580000)
  object space 129024K, 26% used [0x0000000080000000,0x0000000082115178,0x0000000087e00000)
 Metaspace       used 56754K, capacity 58888K, committed 59160K, reserved 1099776K
  class space    used 7681K, capacity 8139K, committed 8240K, reserved 1048576K
}
Event: 11.354 GC heap before
{Heap before GC invocations=16 (full 3):
 PSYoungGen      total 209408K, used 190976K [0x00000000d5580000, 0x00000000e3b00000, 0x0000000100000000)
  eden space 190976K, 100% used [0x00000000d5580000,0x00000000e1000000,0x00000000e1000000)
  from space 18432K, 0% used [0x00000000e2380000,0x00000000e2380000,0x00000000e3580000)
  to   space 19968K, 0% used [0x00000000e1000000,0x00000000e1000000,0x00000000e2380000)
 ParOldGen       total 129024K, used 33876K [0x0000000080000000, 0x0000000087e00000, 0x00000000d5580000)
  object space 129024K, 26% used [0x0000000080000000,0x0000000082115178,0x0000000087e00000)
 Metaspace       used 65714K, capacity 69006K, committed 69144K, reserved 1107968K
  class space    used 9073K, capacity 9668K, committed 9776K, reserved 1048576K
Event: 11.386 GC heap after
Heap after GC invocations=16 (full 3):
 PSYoungGen      total 210944K, used 17441K [0x00000000d5580000, 0x00000000e5f00000, 0x0000000100000000)
  eden space 190976K, 0% used [0x00000000d5580000,0x00000000d5580000,0x00000000e1000000)
  from space 19968K, 87% used [0x00000000e1000000,0x00000000e21084e0,0x00000000e2380000)
  to   space 22016K, 0% used [0x00000000e4980000,0x00000000e4980000,0x00000000e5f00000)
 ParOldGen       total 129024K, used 33884K [0x0000000080000000, 0x0000000087e00000, 0x00000000d5580000)
  object space 129024K, 26% used [0x0000000080000000,0x0000000082117178,0x0000000087e00000)
 Metaspace       used 65714K, capacity 69006K, committed 69144K, reserved 1107968K
  class space    used 9073K, capacity 9668K, committed 9776K, reserved 1048576K
}
Event: 13.282 GC heap before
{Heap before GC invocations=17 (full 3):
 PSYoungGen      total 210944K, used 208308K [0x00000000d5580000, 0x00000000e5f00000, 0x0000000100000000)
  eden space 190976K, 99% used [0x00000000d5580000,0x00000000e0fe4db0,0x00000000e1000000)
  from space 19968K, 87% used [0x00000000e1000000,0x00000000e21084e0,0x00000000e2380000)
  to   space 22016K, 0% used [0x00000000e4980000,0x00000000e4980000,0x00000000e5f00000)
 ParOldGen       total 129024K, used 33884K [0x0000000080000000, 0x0000000087e00000, 0x00000000d5580000)
  object space 129024K, 26% used [0x0000000080000000,0x0000000082117178,0x0000000087e00000)
 Metaspace       used 70405K, capacity 73886K, committed 74008K, reserved 1114112K
  class space    used 9562K, capacity 10192K, committed 10288K, reserved 1048576K
Event: 13.314 GC heap after
Heap after GC invocations=17 (full 3):
 PSYoungGen      total 239104K, used 21998K [0x00000000d5580000, 0x00000000e7300000, 0x0000000100000000)
  eden space 217088K, 0% used [0x00000000d5580000,0x00000000d5580000,0x00000000e2980000)
  from space 22016K, 99% used [0x00000000e4980000,0x00000000e5efb9f8,0x00000000e5f00000)
  to   space 32768K, 0% used [0x00000000e2980000,0x00000000e2980000,0x00000000e4980000)
 ParOldGen       total 129024K, used 54166K [0x0000000080000000, 0x0000000087e00000, 0x00000000d5580000)
  object space 129024K, 41% used [0x0000000080000000,0x00000000834e5b68,0x0000000087e00000)
 Metaspace       used 70405K, capacity 73886K, committed 74008K, reserved 1114112K
  class space    used 9562K, capacity 10192K, committed 10288K, reserved 1048576K
}

