# JRE version: OpenJDK Runtime Environment (8.0_242-b01) (build 1.8.0_242-release-1644-b01)
# Java VM: OpenJDK 64-Bit Server VM (25.242-b01 mixed mode windows-amd64 compressed oops)
Heap:
 PSYoungGen      total 556032K, used 486506K [0x00000000d5580000, 0x0000000100000000, 0x0000000100000000)
  eden space 430592K, 91% used [0x00000000d5580000,0x00000000ed5fa238,0x00000000efa00000)
  from space 125440K, 73% used [0x00000000f8580000,0x00000000fe020918,0x0000000100000000)
  to   space 134144K, 0% used [0x00000000efa00000,0x00000000efa00000,0x00000000f7d00000)
 ParOldGen       total 217088K, used 174861K [0x0000000080000000, 0x000000008d400000, 0x00000000d5580000)
  object space 217088K, 80% used [0x0000000080000000,0x000000008aac3440,0x000000008d400000)
 Metaspace       used 102396K, capacity 108800K, committed 109592K, reserved 1144832K
  class space    used 13392K, capacity 14524K, committed 14896K, reserved 1048576K
GC Heap History (10 events):
Event: 951.568 GC heap before
{Heap before GC invocations=28 (full 4):
 PSYoungGen      total 457216K, used 457198K [0x00000000d5580000, 0x00000000fbd00000, 0x0000000100000000)
  eden space 380416K, 100% used [0x00000000d5580000,0x00000000ec900000,0x00000000ec900000)
  from space 76800K, 99% used [0x00000000ec900000,0x00000000f13fbba8,0x00000000f1400000)
  to   space 96768K, 0% used [0x00000000f5e80000,0x00000000f5e80000,0x00000000fbd00000)
 ParOldGen       total 217088K, used 119797K [0x0000000080000000, 0x000000008d400000, 0x00000000d5580000)
  object space 217088K, 55% used [0x0000000080000000,0x00000000874fd4c0,0x000000008d400000)
 Metaspace       used 100207K, capacity 105358K, committed 107160K, reserved 1142784K
  class space    used 13156K, capacity 14123K, committed 14768K, reserved 1048576K
Event: 951.641 GC heap after
Heap after GC invocations=28 (full 4):
 PSYoungGen      total 510976K, used 48063K [0x00000000d5580000, 0x00000000fb080000, 0x0000000100000000)
  eden space 427008K, 0% used [0x00000000d5580000,0x00000000d5580000,0x00000000ef680000)
  from space 83968K, 57% used [0x00000000f5e80000,0x00000000f8d6fe80,0x00000000fb080000)
  to   space 95232K, 0% used [0x00000000ef680000,0x00000000ef680000,0x00000000f5380000)
 ParOldGen       total 217088K, used 129985K [0x0000000080000000, 0x000000008d400000, 0x00000000d5580000)
  object space 217088K, 59% used [0x0000000080000000,0x0000000087ef0620,0x000000008d400000)
 Metaspace       used 100207K, capacity 105358K, committed 107160K, reserved 1142784K
  class space    used 13156K, capacity 14123K, committed 14768K, reserved 1048576K
}
Event: 963.415 GC heap before
{Heap before GC invocations=29 (full 4):
 PSYoungGen      total 510976K, used 475071K [0x00000000d5580000, 0x00000000fb080000, 0x0000000100000000)
  eden space 427008K, 100% used [0x00000000d5580000,0x00000000ef680000,0x00000000ef680000)
  from space 83968K, 57% used [0x00000000f5e80000,0x00000000f8d6fe80,0x00000000fb080000)
  to   space 95232K, 0% used [0x00000000ef680000,0x00000000ef680000,0x00000000f5380000)
 ParOldGen       total 217088K, used 129985K [0x0000000080000000, 0x000000008d400000, 0x00000000d5580000)
  object space 217088K, 59% used [0x0000000080000000,0x0000000087ef0620,0x000000008d400000)
 Metaspace       used 100436K, capacity 105698K, committed 107416K, reserved 1142784K
  class space    used 13167K, capacity 14143K, committed 14768K, reserved 1048576K
Event: 963.515 GC heap after
Heap after GC invocations=29 (full 4):
 PSYoungGen      total 522240K, used 95208K [0x00000000d5580000, 0x00000000fff80000, 0x0000000100000000)
  eden space 427008K, 0% used [0x00000000d5580000,0x00000000d5580000,0x00000000ef680000)
  from space 95232K, 99% used [0x00000000ef680000,0x00000000f537a298,0x00000000f5380000)
  to   space 117248K, 0% used [0x00000000f8d00000,0x00000000f8d00000,0x00000000fff80000)
 ParOldGen       total 217088K, used 146822K [0x0000000080000000, 0x000000008d400000, 0x00000000d5580000)
  object space 217088K, 67% used [0x0000000080000000,0x0000000088f619a0,0x000000008d400000)
 Metaspace       used 100436K, capacity 105698K, committed 107416K, reserved 1142784K
  class space    used 13167K, capacity 14143K, committed 14768K, reserved 1048576K
}
Event: 1879.263 GC heap before
{Heap before GC invocations=30 (full 4):
 PSYoungGen      total 522240K, used 522172K [0x00000000d5580000, 0x00000000fff80000, 0x0000000100000000)
  eden space 427008K, 99% used [0x00000000d5580000,0x00000000ef674e68,0x00000000ef680000)
  from space 95232K, 99% used [0x00000000ef680000,0x00000000f537a298,0x00000000f5380000)
  to   space 117248K, 0% used [0x00000000f8d00000,0x00000000f8d00000,0x00000000fff80000)
 ParOldGen       total 217088K, used 146822K [0x0000000080000000, 0x000000008d400000, 0x00000000d5580000)
  object space 217088K, 67% used [0x0000000080000000,0x0000000088f619a0,0x000000008d400000)
 Metaspace       used 100879K, capacity 106422K, committed 107672K, reserved 1142784K
  class space    used 13203K, capacity 14209K, committed 14768K, reserved 1048576K
Event: 1879.343 GC heap after
Heap after GC invocations=30 (full 4):
 PSYoungGen      total 555520K, used 33651K [0x00000000d5580000, 0x00000000fed80000, 0x0000000100000000)
  eden space 456704K, 0% used [0x00000000d5580000,0x00000000d5580000,0x00000000f1380000)
  from space 98816K, 34% used [0x00000000f8d00000,0x00000000faddceb8,0x00000000fed80000)
  to   space 111616K, 0% used [0x00000000f1380000,0x00000000f1380000,0x00000000f8080000)
 ParOldGen       total 217088K, used 174845K [0x0000000080000000, 0x000000008d400000, 0x00000000d5580000)
  object space 217088K, 80% used [0x0000000080000000,0x000000008aabf440,0x000000008d400000)
 Metaspace       used 100879K, capacity 106422K, committed 107672K, reserved 1142784K
  class space    used 13203K, capacity 14209K, committed 14768K, reserved 1048576K
}
Event: 1884.349 GC heap before
{Heap before GC invocations=31 (full 4):
 PSYoungGen      total 555520K, used 490355K [0x00000000d5580000, 0x00000000fed80000, 0x0000000100000000)
  eden space 456704K, 100% used [0x00000000d5580000,0x00000000f1380000,0x00000000f1380000)
  from space 98816K, 34% used [0x00000000f8d00000,0x00000000faddceb8,0x00000000fed80000)
  to   space 111616K, 0% used [0x00000000f1380000,0x00000000f1380000,0x00000000f8080000)
 ParOldGen       total 217088K, used 174845K [0x0000000080000000, 0x000000008d400000, 0x00000000d5580000)
  object space 217088K, 80% used [0x0000000080000000,0x000000008aabf440,0x000000008d400000)
 Metaspace       used 101360K, capacity 107224K, committed 108184K, reserved 1142784K
  class space    used 13262K, capacity 14310K, committed 14768K, reserved 1048576K
Event: 1884.428 GC heap after
Heap after GC invocations=31 (full 4):
 PSYoungGen      total 568320K, used 99787K [0x00000000d5580000, 0x0000000100000000, 0x0000000100000000)
  eden space 456704K, 0% used [0x00000000d5580000,0x00000000d5580000,0x00000000f1380000)
  from space 111616K, 89% used [0x00000000f1380000,0x00000000f74f2d90,0x00000000f8080000)
  to   space 125440K, 0% used [0x00000000f8580000,0x00000000f8580000,0x0000000100000000)
 ParOldGen       total 217088K, used 174853K [0x0000000080000000, 0x000000008d400000, 0x00000000d5580000)
  object space 217088K, 80% used [0x0000000080000000,0x000000008aac1440,0x000000008d400000)
 Metaspace       used 101360K, capacity 107224K, committed 108184K, reserved 1142784K
  class space    used 13262K, capacity 14310K, committed 14768K, reserved 1048576K
}
Event: 1897.378 GC heap before
{Heap before GC invocations=32 (full 4):
 PSYoungGen      total 568320K, used 556491K [0x00000000d5580000, 0x0000000100000000, 0x0000000100000000)
  eden space 456704K, 100% used [0x00000000d5580000,0x00000000f1380000,0x00000000f1380000)
  from space 111616K, 89% used [0x00000000f1380000,0x00000000f74f2d90,0x00000000f8080000)
  to   space 125440K, 0% used [0x00000000f8580000,0x00000000f8580000,0x0000000100000000)
 ParOldGen       total 217088K, used 174853K [0x0000000080000000, 0x000000008d400000, 0x00000000d5580000)
  object space 217088K, 80% used [0x0000000080000000,0x000000008aac1440,0x000000008d400000)
 Metaspace       used 101712K, capacity 107696K, committed 108824K, reserved 1142784K
  class space    used 13298K, capacity 14374K, committed 14896K, reserved 1048576K
Event: 1897.442 GC heap after
Heap after GC invocations=32 (full 4):
 PSYoungGen      total 556032K, used 92802K [0x00000000d5580000, 0x0000000100000000, 0x0000000100000000)
  eden space 430592K, 0% used [0x00000000d5580000,0x00000000d5580000,0x00000000efa00000)
  from space 125440K, 73% used [0x00000000f8580000,0x00000000fe020918,0x0000000100000000)
  to   space 134144K, 0% used [0x00000000efa00000,0x00000000efa00000,0x00000000f7d00000)
 ParOldGen       total 217088K, used 174861K [0x0000000080000000, 0x000000008d400000, 0x00000000d5580000)
  object space 217088K, 80% used [0x0000000080000000,0x000000008aac3440,0x000000008d400000)
 Metaspace       used 101712K, capacity 107696K, committed 108824K, reserved 1142784K
  class space    used 13298K, capacity 14374K, committed 14896K, reserved 1048576K
}

