# JRE version: OpenJDK Runtime Environment (8.0_242-b01) (build 1.8.0_242-release-1644-b01)
# Java VM: OpenJDK 64-Bit Server VM (25.242-b01 mixed mode windows-amd64 compressed oops)
Heap:
 PSYoungGen      total 401920K, used 22451K [0x00000000d5580000, 0x00000000f2400000, 0x0000000100000000)
  eden space 353792K, 6% used [0x00000000d5580000,0x00000000d6b6ceb8,0x00000000eaf00000)
  from space 48128K, 0% used [0x00000000ef500000,0x00000000ef500000,0x00000000f2400000)
  to   space 59904K, 0% used [0x00000000eaf00000,0x00000000eaf00000,0x00000000ee980000)
 ParOldGen       total 256000K, used 83904K [0x0000000080000000, 0x000000008fa00000, 0x00000000d5580000)
  object space 256000K, 32% used [0x0000000080000000,0x00000000851f0080,0x000000008fa00000)
 Metaspace       used 114497K, capacity 120660K, committed 122968K, reserved 1155072K
  class space    used 15106K, capacity 16293K, committed 16768K, reserved 1048576K
GC Heap History (10 events):
Event: 458.146 GC heap before
{Heap before GC invocations=21 (full 4):
 PSYoungGen      total 320000K, used 309798K [0x00000000d5580000, 0x00000000eaf80000, 0x0000000100000000)
  eden space 290816K, 100% used [0x00000000d5580000,0x00000000e7180000,0x00000000e7180000)
  from space 29184K, 65% used [0x00000000e9300000,0x00000000ea589bd0,0x00000000eaf80000)
  to   space 31744K, 0% used [0x00000000e7180000,0x00000000e7180000,0x00000000e9080000)
 ParOldGen       total 182784K, used 61918K [0x0000000080000000, 0x000000008b280000, 0x00000000d5580000)
  object space 182784K, 33% used [0x0000000080000000,0x0000000083c778a8,0x000000008b280000)
 Metaspace       used 103202K, capacity 108190K, committed 108504K, reserved 1142784K
  class space    used 13683K, capacity 14718K, committed 14848K, reserved 1048576K
Event: 458.189 GC heap after
Heap after GC invocations=21 (full 4):
 PSYoungGen      total 322560K, used 31719K [0x00000000d5580000, 0x00000000ed280000, 0x0000000100000000)
  eden space 290816K, 0% used [0x00000000d5580000,0x00000000d5580000,0x00000000e7180000)
  from space 31744K, 99% used [0x00000000e7180000,0x00000000e9079fa0,0x00000000e9080000)
  to   space 36864K, 0% used [0x00000000eae80000,0x00000000eae80000,0x00000000ed280000)
 ParOldGen       total 182784K, used 62034K [0x0000000080000000, 0x000000008b280000, 0x00000000d5580000)
  object space 182784K, 33% used [0x0000000080000000,0x0000000083c94a98,0x000000008b280000)
 Metaspace       used 103202K, capacity 108190K, committed 108504K, reserved 1142784K
  class space    used 13683K, capacity 14718K, committed 14848K, reserved 1048576K
}
Event: 463.511 GC heap before
{Heap before GC invocations=22 (full 4):
 PSYoungGen      total 322560K, used 322535K [0x00000000d5580000, 0x00000000ed280000, 0x0000000100000000)
  eden space 290816K, 100% used [0x00000000d5580000,0x00000000e7180000,0x00000000e7180000)
  from space 31744K, 99% used [0x00000000e7180000,0x00000000e9079fa0,0x00000000e9080000)
  to   space 36864K, 0% used [0x00000000eae80000,0x00000000eae80000,0x00000000ed280000)
 ParOldGen       total 182784K, used 62034K [0x0000000080000000, 0x000000008b280000, 0x00000000d5580000)
  object space 182784K, 33% used [0x0000000080000000,0x0000000083c94a98,0x000000008b280000)
 Metaspace       used 104976K, capacity 110074K, committed 110424K, reserved 1144832K
  class space    used 13834K, capacity 14874K, committed 14976K, reserved 1048576K
Event: 463.562 GC heap after
Heap after GC invocations=22 (full 4):
 PSYoungGen      total 349696K, used 31244K [0x00000000d5580000, 0x00000000edb80000, 0x0000000100000000)
  eden space 312832K, 0% used [0x00000000d5580000,0x00000000d5580000,0x00000000e8700000)
  from space 36864K, 84% used [0x00000000eae80000,0x00000000ecd031c0,0x00000000ed280000)
  to   space 40448K, 0% used [0x00000000e8700000,0x00000000e8700000,0x00000000eae80000)
 ParOldGen       total 182784K, used 86074K [0x0000000080000000, 0x000000008b280000, 0x00000000d5580000)
  object space 182784K, 47% used [0x0000000080000000,0x000000008540e8f8,0x000000008b280000)
 Metaspace       used 104976K, capacity 110074K, committed 110424K, reserved 1144832K
  class space    used 13834K, capacity 14874K, committed 14976K, reserved 1048576K
}
Event: 466.662 GC heap before
{Heap before GC invocations=23 (full 4):
 PSYoungGen      total 349696K, used 344076K [0x00000000d5580000, 0x00000000edb80000, 0x0000000100000000)
  eden space 312832K, 100% used [0x00000000d5580000,0x00000000e8700000,0x00000000e8700000)
  from space 36864K, 84% used [0x00000000eae80000,0x00000000ecd031c0,0x00000000ed280000)
  to   space 40448K, 0% used [0x00000000e8700000,0x00000000e8700000,0x00000000eae80000)
 ParOldGen       total 182784K, used 86074K [0x0000000080000000, 0x000000008b280000, 0x00000000d5580000)
  object space 182784K, 47% used [0x0000000080000000,0x000000008540e8f8,0x000000008b280000)
 Metaspace       used 113241K, capacity 120460K, committed 120664K, reserved 1153024K
  class space    used 15135K, capacity 16477K, committed 16512K, reserved 1048576K
Event: 466.792 GC heap after
Heap after GC invocations=23 (full 4):
 PSYoungGen      total 353280K, used 40420K [0x00000000d5580000, 0x00000000f3300000, 0x0000000100000000)
  eden space 312832K, 0% used [0x00000000d5580000,0x00000000d5580000,0x00000000e8700000)
  from space 40448K, 99% used [0x00000000e8700000,0x00000000eae790b8,0x00000000eae80000)
  to   space 63488K, 0% used [0x00000000ef500000,0x00000000ef500000,0x00000000f3300000)
 ParOldGen       total 182784K, used 130146K [0x0000000080000000, 0x000000008b280000, 0x00000000d5580000)
  object space 182784K, 71% used [0x0000000080000000,0x0000000087f18998,0x000000008b280000)
 Metaspace       used 113241K, capacity 120460K, committed 120664K, reserved 1153024K
  class space    used 15135K, capacity 16477K, committed 16512K, reserved 1048576K
}
Event: 700.103 GC heap before
{Heap before GC invocations=24 (full 4):
 PSYoungGen      total 353280K, used 353252K [0x00000000d5580000, 0x00000000f3300000, 0x0000000100000000)
  eden space 312832K, 100% used [0x00000000d5580000,0x00000000e8700000,0x00000000e8700000)
  from space 40448K, 99% used [0x00000000e8700000,0x00000000eae790b8,0x00000000eae80000)
  to   space 63488K, 0% used [0x00000000ef500000,0x00000000ef500000,0x00000000f3300000)
 ParOldGen       total 182784K, used 130146K [0x0000000080000000, 0x000000008b280000, 0x00000000d5580000)
  object space 182784K, 71% used [0x0000000080000000,0x0000000087f18998,0x000000008b280000)
 Metaspace       used 115226K, capacity 122730K, committed 122968K, reserved 1155072K
  class space    used 15357K, capacity 16732K, committed 16768K, reserved 1048576K
Event: 700.178 GC heap after
Heap after GC invocations=24 (full 4):
 PSYoungGen      total 401920K, used 19119K [0x00000000d5580000, 0x00000000f2400000, 0x0000000100000000)
  eden space 353792K, 0% used [0x00000000d5580000,0x00000000d5580000,0x00000000eaf00000)
  from space 48128K, 39% used [0x00000000ef500000,0x00000000f07abd98,0x00000000f2400000)
  to   space 59904K, 0% used [0x00000000eaf00000,0x00000000eaf00000,0x00000000ee980000)
 ParOldGen       total 182784K, used 159268K [0x0000000080000000, 0x000000008b280000, 0x00000000d5580000)
  object space 182784K, 87% used [0x0000000080000000,0x0000000089b893a0,0x000000008b280000)
 Metaspace       used 115226K, capacity 122730K, committed 122968K, reserved 1155072K
  class space    used 15357K, capacity 16732K, committed 16768K, reserved 1048576K
}
Event: 700.178 GC heap before
{Heap before GC invocations=25 (full 5):
 PSYoungGen      total 401920K, used 19119K [0x00000000d5580000, 0x00000000f2400000, 0x0000000100000000)
  eden space 353792K, 0% used [0x00000000d5580000,0x00000000d5580000,0x00000000eaf00000)
  from space 48128K, 39% used [0x00000000ef500000,0x00000000f07abd98,0x00000000f2400000)
  to   space 59904K, 0% used [0x00000000eaf00000,0x00000000eaf00000,0x00000000ee980000)
 ParOldGen       total 182784K, used 159268K [0x0000000080000000, 0x000000008b280000, 0x00000000d5580000)
  object space 182784K, 87% used [0x0000000080000000,0x0000000089b893a0,0x000000008b280000)
 Metaspace       used 115226K, capacity 122730K, committed 122968K, reserved 1155072K
  class space    used 15357K, capacity 16732K, committed 16768K, reserved 1048576K
Event: 700.446 GC heap after
Heap after GC invocations=25 (full 5):
 PSYoungGen      total 401920K, used 0K [0x00000000d5580000, 0x00000000f2400000, 0x0000000100000000)
  eden space 353792K, 0% used [0x00000000d5580000,0x00000000d5580000,0x00000000eaf00000)
  from space 48128K, 0% used [0x00000000ef500000,0x00000000ef500000,0x00000000f2400000)
  to   space 59904K, 0% used [0x00000000eaf00000,0x00000000eaf00000,0x00000000ee980000)
 ParOldGen       total 256000K, used 83904K [0x0000000080000000, 0x000000008fa00000, 0x00000000d5580000)
  object space 256000K, 32% used [0x0000000080000000,0x00000000851f0080,0x000000008fa00000)
 Metaspace       used 114495K, capacity 120660K, committed 122968K, reserved 1155072K
  class space    used 15106K, capacity 16293K, committed 16768K, reserved 1048576K
}

