# JRE version: OpenJDK Runtime Environment (8.0_242-b01) (build 1.8.0_242-release-1644-b01)
# Java VM: OpenJDK 64-Bit Server VM (25.242-b01 mixed mode windows-amd64 compressed oops)
Heap:
 PSYoungGen      total 381440K, used 184190K [0x00000000d5580000, 0x00000000f5980000, 0x0000000100000000)
  eden space 344576K, 51% used [0x00000000d5580000,0x00000000e016b9a0,0x00000000ea600000)
  from space 36864K, 22% used [0x00000000ee980000,0x00000000ef173e60,0x00000000f0d80000)
  to   space 69120K, 0% used [0x00000000ea600000,0x00000000ea600000,0x00000000ee980000)
 ParOldGen       total 292352K, used 137289K [0x0000000080000000, 0x0000000091d80000, 0x00000000d5580000)
  object space 292352K, 46% used [0x0000000080000000,0x00000000886124d8,0x0000000091d80000)
 Metaspace       used 97043K, capacity 102152K, committed 102296K, reserved 1138688K
  class space    used 12942K, capacity 13936K, committed 14000K, reserved 1048576K
GC Heap History (10 events):
Event: 12.269 GC heap before
{Heap before GC invocations=14 (full 3):
 PSYoungGen      total 299520K, used 282624K [0x00000000d5580000, 0x00000000e9680000, 0x0000000100000000)
  eden space 282624K, 100% used [0x00000000d5580000,0x00000000e6980000,0x00000000e6980000)
  from space 16896K, 0% used [0x00000000e7f80000,0x00000000e7f80000,0x00000000e9000000)
  to   space 22528K, 0% used [0x00000000e6980000,0x00000000e6980000,0x00000000e7f80000)
 ParOldGen       total 130560K, used 38195K [0x0000000080000000, 0x0000000087f80000, 0x00000000d5580000)
  object space 130560K, 29% used [0x0000000080000000,0x000000008254cd88,0x0000000087f80000)
 Metaspace       used 69188K, capacity 72464K, committed 72600K, reserved 1112064K
  class space    used 9509K, capacity 10141K, committed 10160K, reserved 1048576K
Event: 12.298 GC heap after
Heap after GC invocations=14 (full 3):
 PSYoungGen      total 305152K, used 22511K [0x00000000d5580000, 0x00000000ed680000, 0x0000000100000000)
  eden space 282624K, 0% used [0x00000000d5580000,0x00000000d5580000,0x00000000e6980000)
  from space 22528K, 99% used [0x00000000e6980000,0x00000000e7f7bf78,0x00000000e7f80000)
  to   space 27136K, 0% used [0x00000000ebc00000,0x00000000ebc00000,0x00000000ed680000)
 ParOldGen       total 130560K, used 41132K [0x0000000080000000, 0x0000000087f80000, 0x00000000d5580000)
  object space 130560K, 31% used [0x0000000080000000,0x000000008282b0e0,0x0000000087f80000)
 Metaspace       used 69188K, capacity 72464K, committed 72600K, reserved 1112064K
  class space    used 9509K, capacity 10141K, committed 10160K, reserved 1048576K
}
Event: 59.469 GC heap before
{Heap before GC invocations=15 (full 3):
 PSYoungGen      total 305152K, used 305135K [0x00000000d5580000, 0x00000000ed680000, 0x0000000100000000)
  eden space 282624K, 100% used [0x00000000d5580000,0x00000000e6980000,0x00000000e6980000)
  from space 22528K, 99% used [0x00000000e6980000,0x00000000e7f7bf78,0x00000000e7f80000)
  to   space 27136K, 0% used [0x00000000ebc00000,0x00000000ebc00000,0x00000000ed680000)
 ParOldGen       total 130560K, used 41132K [0x0000000080000000, 0x0000000087f80000, 0x00000000d5580000)
  object space 130560K, 31% used [0x0000000080000000,0x000000008282b0e0,0x0000000087f80000)
 Metaspace       used 77673K, capacity 81472K, committed 81816K, reserved 1120256K
  class space    used 10385K, capacity 11062K, committed 11184K, reserved 1048576K
Event: 59.512 GC heap after
Heap after GC invocations=15 (full 3):
 PSYoungGen      total 350720K, used 20062K [0x00000000d5580000, 0x00000000ed000000, 0x0000000100000000)
  eden space 330240K, 0% used [0x00000000d5580000,0x00000000d5580000,0x00000000e9800000)
  from space 20480K, 97% used [0x00000000ebc00000,0x00000000ecf97a48,0x00000000ed000000)
  to   space 28672K, 0% used [0x00000000e9800000,0x00000000e9800000,0x00000000eb400000)
 ParOldGen       total 130560K, used 55491K [0x0000000080000000, 0x0000000087f80000, 0x00000000d5580000)
  object space 130560K, 42% used [0x0000000080000000,0x0000000083630d60,0x0000000087f80000)
 Metaspace       used 77673K, capacity 81472K, committed 81816K, reserved 1120256K
  class space    used 10385K, capacity 11062K, committed 11184K, reserved 1048576K
}
Event: 101.007 GC heap before
{Heap before GC invocations=16 (full 3):
 PSYoungGen      total 350720K, used 350302K [0x00000000d5580000, 0x00000000ed000000, 0x0000000100000000)
  eden space 330240K, 100% used [0x00000000d5580000,0x00000000e9800000,0x00000000e9800000)
  from space 20480K, 97% used [0x00000000ebc00000,0x00000000ecf97a48,0x00000000ed000000)
  to   space 28672K, 0% used [0x00000000e9800000,0x00000000e9800000,0x00000000eb400000)
 ParOldGen       total 130560K, used 55491K [0x0000000080000000, 0x0000000087f80000, 0x00000000d5580000)
  object space 130560K, 42% used [0x0000000080000000,0x0000000083630d60,0x0000000087f80000)
 Metaspace       used 82773K, capacity 86770K, committed 87064K, reserved 1124352K
  class space    used 11007K, capacity 11704K, committed 11824K, reserved 1048576K
Event: 101.097 GC heap after
Heap after GC invocations=16 (full 3):
 PSYoungGen      total 358912K, used 28668K [0x00000000d5580000, 0x00000000f0d80000, 0x0000000100000000)
  eden space 330240K, 0% used [0x00000000d5580000,0x00000000d5580000,0x00000000e9800000)
  from space 28672K, 99% used [0x00000000e9800000,0x00000000eb3ff3b8,0x00000000eb400000)
  to   space 36864K, 0% used [0x00000000ee980000,0x00000000ee980000,0x00000000f0d80000)
 ParOldGen       total 130560K, used 66033K [0x0000000080000000, 0x0000000087f80000, 0x00000000d5580000)
  object space 130560K, 50% used [0x0000000080000000,0x000000008407c740,0x0000000087f80000)
 Metaspace       used 82773K, capacity 86770K, committed 87064K, reserved 1124352K
  class space    used 11007K, capacity 11704K, committed 11824K, reserved 1048576K
}
Event: 106.289 GC heap before
{Heap before GC invocations=17 (full 3):
 PSYoungGen      total 358912K, used 358908K [0x00000000d5580000, 0x00000000f0d80000, 0x0000000100000000)
  eden space 330240K, 100% used [0x00000000d5580000,0x00000000e9800000,0x00000000e9800000)
  from space 28672K, 99% used [0x00000000e9800000,0x00000000eb3ff3b8,0x00000000eb400000)
  to   space 36864K, 0% used [0x00000000ee980000,0x00000000ee980000,0x00000000f0d80000)
 ParOldGen       total 130560K, used 66033K [0x0000000080000000, 0x0000000087f80000, 0x00000000d5580000)
  object space 130560K, 50% used [0x0000000080000000,0x000000008407c740,0x0000000087f80000)
 Metaspace       used 91510K, capacity 96512K, committed 96792K, reserved 1132544K
  class space    used 12348K, capacity 13247K, committed 13360K, reserved 1048576K
Event: 106.439 GC heap after
Heap after GC invocations=17 (full 3):
 PSYoungGen      total 381440K, used 36835K [0x00000000d5580000, 0x00000000f5980000, 0x0000000100000000)
  eden space 344576K, 0% used [0x00000000d5580000,0x00000000d5580000,0x00000000ea600000)
  from space 36864K, 99% used [0x00000000ee980000,0x00000000f0d78f38,0x00000000f0d80000)
  to   space 69120K, 0% used [0x00000000ea600000,0x00000000ea600000,0x00000000ee980000)
 ParOldGen       total 137728K, used 137420K [0x0000000080000000, 0x0000000088680000, 0x00000000d5580000)
  object space 137728K, 99% used [0x0000000080000000,0x0000000088633290,0x0000000088680000)
 Metaspace       used 91510K, capacity 96512K, committed 96792K, reserved 1132544K
  class space    used 12348K, capacity 13247K, committed 13360K, reserved 1048576K
}
Event: 106.439 GC heap before
{Heap before GC invocations=18 (full 4):
 PSYoungGen      total 381440K, used 36835K [0x00000000d5580000, 0x00000000f5980000, 0x0000000100000000)
  eden space 344576K, 0% used [0x00000000d5580000,0x00000000d5580000,0x00000000ea600000)
  from space 36864K, 99% used [0x00000000ee980000,0x00000000f0d78f38,0x00000000f0d80000)
  to   space 69120K, 0% used [0x00000000ea600000,0x00000000ea600000,0x00000000ee980000)
 ParOldGen       total 137728K, used 137420K [0x0000000080000000, 0x0000000088680000, 0x00000000d5580000)
  object space 137728K, 99% used [0x0000000080000000,0x0000000088633290,0x0000000088680000)
 Metaspace       used 91510K, capacity 96512K, committed 96792K, reserved 1132544K
  class space    used 12348K, capacity 13247K, committed 13360K, reserved 1048576K
Event: 107.306 GC heap after
Heap after GC invocations=18 (full 4):
 PSYoungGen      total 381440K, used 8143K [0x00000000d5580000, 0x00000000f5980000, 0x0000000100000000)
  eden space 344576K, 0% used [0x00000000d5580000,0x00000000d5580000,0x00000000ea600000)
  from space 36864K, 22% used [0x00000000ee980000,0x00000000ef173e60,0x00000000f0d80000)
  to   space 69120K, 0% used [0x00000000ea600000,0x00000000ea600000,0x00000000ee980000)
 ParOldGen       total 292352K, used 137289K [0x0000000080000000, 0x0000000091d80000, 0x00000000d5580000)
  object space 292352K, 46% used [0x0000000080000000,0x00000000886124d8,0x0000000091d80000)
 Metaspace       used 91207K, capacity 95656K, committed 96792K, reserved 1132544K
  class space    used 12249K, capacity 13073K, committed 13360K, reserved 1048576K
}

