# JRE version: OpenJDK Runtime Environment (8.0_242-b01) (build 1.8.0_242-release-1644-b01)
# Java VM: OpenJDK 64-Bit Server VM (25.242-b01 mixed mode windows-amd64 compressed oops)
Heap:
 PSYoungGen      total 82944K, used 47712K [0x00000000d6180000, 0x00000000de080000, 0x0000000100000000)
  eden space 67072K, 71% used [0x00000000d6180000,0x00000000d9018180,0x00000000da300000)
  from space 15872K, 0% used [0x00000000db200000,0x00000000db200000,0x00000000dc180000)
  to   space 15360K, 0% used [0x00000000da300000,0x00000000da300000,0x00000000db200000)
 ParOldGen       total 66560K, used 24860K [0x0000000082400000, 0x0000000086500000, 0x00000000d6180000)
  object space 66560K, 37% used [0x0000000082400000,0x0000000083c47170,0x0000000086500000)
 Metaspace       used 36982K, capacity 37482K, committed 37888K, reserved 1083392K
  class space    used 4699K, capacity 4838K, committed 4864K, reserved 1048576K
GC Heap History (10 events):
Event: 2.135 GC heap before
{Heap before GC invocations=4 (full 1):
 PSYoungGen      total 37888K, used 5092K [0x00000000d6180000, 0x00000000dab80000, 0x0000000100000000)
  eden space 32768K, 0% used [0x00000000d6180000,0x00000000d6180000,0x00000000d8180000)
  from space 5120K, 99% used [0x00000000d8180000,0x00000000d8679050,0x00000000d8680000)
  to   space 5120K, 0% used [0x00000000da680000,0x00000000da680000,0x00000000dab80000)
 ParOldGen       total 86016K, used 11627K [0x0000000082400000, 0x0000000087800000, 0x00000000d6180000)
  object space 86016K, 13% used [0x0000000082400000,0x0000000082f5af78,0x0000000087800000)
 Metaspace       used 20764K, capacity 21164K, committed 21296K, reserved 1069056K
  class space    used 2473K, capacity 2626K, committed 2688K, reserved 1048576K
Event: 2.169 GC heap after
Heap after GC invocations=4 (full 1):
 PSYoungGen      total 37888K, used 0K [0x00000000d6180000, 0x00000000dab80000, 0x0000000100000000)
  eden space 32768K, 0% used [0x00000000d6180000,0x00000000d6180000,0x00000000d8180000)
  from space 5120K, 0% used [0x00000000d8180000,0x00000000d8180000,0x00000000d8680000)
  to   space 5120K, 0% used [0x00000000da680000,0x00000000da680000,0x00000000dab80000)
 ParOldGen       total 66560K, used 9129K [0x0000000082400000, 0x0000000086500000, 0x00000000d6180000)
  object space 66560K, 13% used [0x0000000082400000,0x0000000082cea460,0x0000000086500000)
 Metaspace       used 20764K, capacity 21164K, committed 21296K, reserved 1069056K
  class space    used 2473K, capacity 2626K, committed 2688K, reserved 1048576K
}
Event: 2.647 GC heap before
{Heap before GC invocations=5 (full 1):
 PSYoungGen      total 37888K, used 32768K [0x00000000d6180000, 0x00000000dab80000, 0x0000000100000000)
  eden space 32768K, 100% used [0x00000000d6180000,0x00000000d8180000,0x00000000d8180000)
  from space 5120K, 0% used [0x00000000d8180000,0x00000000d8180000,0x00000000d8680000)
  to   space 5120K, 0% used [0x00000000da680000,0x00000000da680000,0x00000000dab80000)
 ParOldGen       total 66560K, used 9129K [0x0000000082400000, 0x0000000086500000, 0x00000000d6180000)
  object space 66560K, 13% used [0x0000000082400000,0x0000000082cea460,0x0000000086500000)
 Metaspace       used 23871K, capacity 24328K, committed 24576K, reserved 1071104K
  class space    used 2857K, capacity 3012K, committed 3072K, reserved 1048576K
Event: 2.653 GC heap after
Heap after GC invocations=5 (full 1):
 PSYoungGen      total 51712K, used 5109K [0x00000000d6180000, 0x00000000dab80000, 0x0000000100000000)
  eden space 46592K, 0% used [0x00000000d6180000,0x00000000d6180000,0x00000000d8f00000)
  from space 5120K, 99% used [0x00000000da680000,0x00000000dab7d458,0x00000000dab80000)
  to   space 5120K, 0% used [0x00000000da180000,0x00000000da180000,0x00000000da680000)
 ParOldGen       total 66560K, used 11441K [0x0000000082400000, 0x0000000086500000, 0x00000000d6180000)
  object space 66560K, 17% used [0x0000000082400000,0x0000000082f2c5f8,0x0000000086500000)
 Metaspace       used 23871K, capacity 24328K, committed 24576K, reserved 1071104K
  class space    used 2857K, capacity 3012K, committed 3072K, reserved 1048576K
}
Event: 3.369 GC heap before
{Heap before GC invocations=6 (full 1):
 PSYoungGen      total 51712K, used 51698K [0x00000000d6180000, 0x00000000dab80000, 0x0000000100000000)
  eden space 46592K, 99% used [0x00000000d6180000,0x00000000d8eff438,0x00000000d8f00000)
  from space 5120K, 99% used [0x00000000da680000,0x00000000dab7d458,0x00000000dab80000)
  to   space 5120K, 0% used [0x00000000da180000,0x00000000da180000,0x00000000da680000)
 ParOldGen       total 66560K, used 11441K [0x0000000082400000, 0x0000000086500000, 0x00000000d6180000)
  object space 66560K, 17% used [0x0000000082400000,0x0000000082f2c5f8,0x0000000086500000)
 Metaspace       used 31533K, capacity 31951K, committed 32384K, reserved 1077248K
  class space    used 4011K, capacity 4139K, committed 4224K, reserved 1048576K
Event: 3.379 GC heap after
Heap after GC invocations=6 (full 1):
 PSYoungGen      total 70656K, used 5090K [0x00000000d6180000, 0x00000000dc180000, 0x0000000100000000)
  eden space 65536K, 0% used [0x00000000d6180000,0x00000000d6180000,0x00000000da180000)
  from space 5120K, 99% used [0x00000000da180000,0x00000000da678918,0x00000000da680000)
  to   space 15872K, 0% used [0x00000000db200000,0x00000000db200000,0x00000000dc180000)
 ParOldGen       total 66560K, used 22583K [0x0000000082400000, 0x0000000086500000, 0x00000000d6180000)
  object space 66560K, 33% used [0x0000000082400000,0x0000000083a0dd48,0x0000000086500000)
 Metaspace       used 31533K, capacity 31951K, committed 32384K, reserved 1077248K
  class space    used 4011K, capacity 4139K, committed 4224K, reserved 1048576K
}
Event: 3.705 GC heap before
{Heap before GC invocations=7 (full 1):
 PSYoungGen      total 70656K, used 19403K [0x00000000d6180000, 0x00000000dc180000, 0x0000000100000000)
  eden space 65536K, 21% used [0x00000000d6180000,0x00000000d6f7a518,0x00000000da180000)
  from space 5120K, 99% used [0x00000000da180000,0x00000000da678918,0x00000000da680000)
  to   space 15872K, 0% used [0x00000000db200000,0x00000000db200000,0x00000000dc180000)
 ParOldGen       total 66560K, used 22583K [0x0000000082400000, 0x0000000086500000, 0x00000000d6180000)
  object space 66560K, 33% used [0x0000000082400000,0x0000000083a0dd48,0x0000000086500000)
 Metaspace       used 34637K, capacity 35135K, committed 35456K, reserved 1079296K
  class space    used 4479K, capacity 4611K, committed 4736K, reserved 1048576K
Event: 3.716 GC heap after
Heap after GC invocations=7 (full 1):
 PSYoungGen      total 82944K, used 8732K [0x00000000d6180000, 0x00000000de080000, 0x0000000100000000)
  eden space 67072K, 0% used [0x00000000d6180000,0x00000000d6180000,0x00000000da300000)
  from space 15872K, 55% used [0x00000000db200000,0x00000000dba87218,0x00000000dc180000)
  to   space 15360K, 0% used [0x00000000da300000,0x00000000da300000,0x00000000db200000)
 ParOldGen       total 66560K, used 22591K [0x0000000082400000, 0x0000000086500000, 0x00000000d6180000)
  object space 66560K, 33% used [0x0000000082400000,0x0000000083a0fd48,0x0000000086500000)
 Metaspace       used 34637K, capacity 35135K, committed 35456K, reserved 1079296K
  class space    used 4479K, capacity 4611K, committed 4736K, reserved 1048576K
}
Event: 3.716 GC heap before
{Heap before GC invocations=8 (full 2):
 PSYoungGen      total 82944K, used 8732K [0x00000000d6180000, 0x00000000de080000, 0x0000000100000000)
  eden space 67072K, 0% used [0x00000000d6180000,0x00000000d6180000,0x00000000da300000)
  from space 15872K, 55% used [0x00000000db200000,0x00000000dba87218,0x00000000dc180000)
  to   space 15360K, 0% used [0x00000000da300000,0x00000000da300000,0x00000000db200000)
 ParOldGen       total 66560K, used 22591K [0x0000000082400000, 0x0000000086500000, 0x00000000d6180000)
  object space 66560K, 33% used [0x0000000082400000,0x0000000083a0fd48,0x0000000086500000)
 Metaspace       used 34637K, capacity 35135K, committed 35456K, reserved 1079296K
  class space    used 4479K, capacity 4611K, committed 4736K, reserved 1048576K
Event: 3.799 GC heap after
Heap after GC invocations=8 (full 2):
 PSYoungGen      total 82944K, used 0K [0x00000000d6180000, 0x00000000de080000, 0x0000000100000000)
  eden space 67072K, 0% used [0x00000000d6180000,0x00000000d6180000,0x00000000da300000)
  from space 15872K, 0% used [0x00000000db200000,0x00000000db200000,0x00000000dc180000)
  to   space 15360K, 0% used [0x00000000da300000,0x00000000da300000,0x00000000db200000)
 ParOldGen       total 66560K, used 24860K [0x0000000082400000, 0x0000000086500000, 0x00000000d6180000)
  object space 66560K, 37% used [0x0000000082400000,0x0000000083c47170,0x0000000086500000)
 Metaspace       used 34637K, capacity 35135K, committed 35456K, reserved 1079296K
  class space    used 4479K, capacity 4611K, committed 4736K, reserved 1048576K
}

