# JRE version: OpenJDK Runtime Environment (8.0_242-b01) (build 1.8.0_242-release-1644-b01)
# Java VM: OpenJDK 64-Bit Server VM (25.242-b01 mixed mode windows-amd64 compressed oops)
Heap:
 PSYoungGen      total 372224K, used 257133K [0x00000000d5580000, 0x00000000ee400000, 0x0000000100000000)
  eden space 340480K, 68% used [0x00000000d5580000,0x00000000e3a83318,0x00000000ea200000)
  from space 31744K, 71% used [0x00000000ec500000,0x00000000edb183f8,0x00000000ee400000)
  to   space 33792K, 0% used [0x00000000ea200000,0x00000000ea200000,0x00000000ec300000)
 ParOldGen       total 175104K, used 72676K [0x0000000080000000, 0x000000008ab00000, 0x00000000d5580000)
  object space 175104K, 41% used [0x0000000080000000,0x00000000846f9330,0x000000008ab00000)
 Metaspace       used 109477K, capacity 116032K, committed 116312K, reserved 1148928K
  class space    used 14678K, capacity 15963K, committed 16000K, reserved 1048576K
GC Heap History (10 events):
Event: 78.013 GC heap before
{Heap before GC invocations=18 (full 3):
 PSYoungGen      total 263168K, used 258770K [0x00000000d5580000, 0x00000000e7000000, 0x0000000100000000)
  eden space 241152K, 100% used [0x00000000d5580000,0x00000000e4100000,0x00000000e4100000)
  from space 22016K, 80% used [0x00000000e5880000,0x00000000e69b4ab8,0x00000000e6e00000)
  to   space 24064K, 0% used [0x00000000e4100000,0x00000000e4100000,0x00000000e5880000)
 ParOldGen       total 123904K, used 42495K [0x0000000080000000, 0x0000000087900000, 0x00000000d5580000)
  object space 123904K, 34% used [0x0000000080000000,0x000000008297ff40,0x0000000087900000)
 Metaspace       used 92933K, capacity 98020K, committed 98264K, reserved 1134592K
  class space    used 12431K, capacity 13472K, committed 13568K, reserved 1048576K
Event: 78.037 GC heap after
Heap after GC invocations=18 (full 3):
 PSYoungGen      total 265216K, used 24059K [0x00000000d5580000, 0x00000000ea500000, 0x0000000100000000)
  eden space 241152K, 0% used [0x00000000d5580000,0x00000000d5580000,0x00000000e4100000)
  from space 24064K, 99% used [0x00000000e4100000,0x00000000e587ed98,0x00000000e5880000)
  to   space 30720K, 0% used [0x00000000e8700000,0x00000000e8700000,0x00000000ea500000)
 ParOldGen       total 123904K, used 50707K [0x0000000080000000, 0x0000000087900000, 0x00000000d5580000)
  object space 123904K, 40% used [0x0000000080000000,0x0000000083184cc8,0x0000000087900000)
 Metaspace       used 92933K, capacity 98020K, committed 98264K, reserved 1134592K
  class space    used 12431K, capacity 13472K, committed 13568K, reserved 1048576K
}
Event: 78.188 GC heap before
{Heap before GC invocations=19 (full 3):
 PSYoungGen      total 265216K, used 52655K [0x00000000d5580000, 0x00000000ea500000, 0x0000000100000000)
  eden space 241152K, 11% used [0x00000000d5580000,0x00000000d716d228,0x00000000e4100000)
  from space 24064K, 99% used [0x00000000e4100000,0x00000000e587ed98,0x00000000e5880000)
  to   space 30720K, 0% used [0x00000000e8700000,0x00000000e8700000,0x00000000ea500000)
 ParOldGen       total 123904K, used 50707K [0x0000000080000000, 0x0000000087900000, 0x00000000d5580000)
  object space 123904K, 40% used [0x0000000080000000,0x0000000083184cc8,0x0000000087900000)
 Metaspace       used 93175K, capacity 98302K, committed 98380K, reserved 1134592K
  class space    used 12444K, capacity 13492K, committed 13568K, reserved 1048576K
Event: 78.211 GC heap after
Heap after GC invocations=19 (full 3):
 PSYoungGen      total 312832K, used 1280K [0x00000000d5580000, 0x00000000ecc80000, 0x0000000100000000)
  eden space 282112K, 0% used [0x00000000d5580000,0x00000000d5580000,0x00000000e6900000)
  from space 30720K, 4% used [0x00000000e8700000,0x00000000e8840000,0x00000000ea500000)
  to   space 30720K, 0% used [0x00000000e6900000,0x00000000e6900000,0x00000000e8700000)
 ParOldGen       total 123904K, used 74230K [0x0000000080000000, 0x0000000087900000, 0x00000000d5580000)
  object space 123904K, 59% used [0x0000000080000000,0x000000008487dba8,0x0000000087900000)
 Metaspace       used 93175K, capacity 98302K, committed 98380K, reserved 1134592K
  class space    used 12444K, capacity 13492K, committed 13568K, reserved 1048576K
}
Event: 78.211 GC heap before
{Heap before GC invocations=20 (full 4):
 PSYoungGen      total 312832K, used 1280K [0x00000000d5580000, 0x00000000ecc80000, 0x0000000100000000)
  eden space 282112K, 0% used [0x00000000d5580000,0x00000000d5580000,0x00000000e6900000)
  from space 30720K, 4% used [0x00000000e8700000,0x00000000e8840000,0x00000000ea500000)
  to   space 30720K, 0% used [0x00000000e6900000,0x00000000e6900000,0x00000000e8700000)
 ParOldGen       total 123904K, used 74230K [0x0000000080000000, 0x0000000087900000, 0x00000000d5580000)
  object space 123904K, 59% used [0x0000000080000000,0x000000008487dba8,0x0000000087900000)
 Metaspace       used 93175K, capacity 98302K, committed 98380K, reserved 1134592K
  class space    used 12444K, capacity 13492K, committed 13568K, reserved 1048576K
Event: 78.507 GC heap after
Heap after GC invocations=20 (full 4):
 PSYoungGen      total 312832K, used 0K [0x00000000d5580000, 0x00000000ecc80000, 0x0000000100000000)
  eden space 282112K, 0% used [0x00000000d5580000,0x00000000d5580000,0x00000000e6900000)
  from space 30720K, 0% used [0x00000000e8700000,0x00000000e8700000,0x00000000ea500000)
  to   space 30720K, 0% used [0x00000000e6900000,0x00000000e6900000,0x00000000e8700000)
 ParOldGen       total 175104K, used 54824K [0x0000000080000000, 0x000000008ab00000, 0x00000000d5580000)
  object space 175104K, 31% used [0x0000000080000000,0x000000008358a328,0x000000008ab00000)
 Metaspace       used 92685K, capacity 96860K, committed 98380K, reserved 1134592K
  class space    used 12287K, capacity 13195K, committed 13568K, reserved 1048576K
}
Event: 88.105 GC heap before
{Heap before GC invocations=21 (full 4):
 PSYoungGen      total 312832K, used 282112K [0x00000000d5580000, 0x00000000ecc80000, 0x0000000100000000)
  eden space 282112K, 100% used [0x00000000d5580000,0x00000000e6900000,0x00000000e6900000)
  from space 30720K, 0% used [0x00000000e8700000,0x00000000e8700000,0x00000000ea500000)
  to   space 30720K, 0% used [0x00000000e6900000,0x00000000e6900000,0x00000000e8700000)
 ParOldGen       total 175104K, used 54824K [0x0000000080000000, 0x000000008ab00000, 0x00000000d5580000)
  object space 175104K, 31% used [0x0000000080000000,0x000000008358a328,0x000000008ab00000)
 Metaspace       used 94843K, capacity 99508K, committed 100184K, reserved 1136640K
  class space    used 12522K, capacity 13518K, committed 13696K, reserved 1048576K
Event: 88.121 GC heap after
Heap after GC invocations=21 (full 4):
 PSYoungGen      total 312832K, used 19749K [0x00000000d5580000, 0x00000000ee400000, 0x0000000100000000)
  eden space 282112K, 0% used [0x00000000d5580000,0x00000000d5580000,0x00000000e6900000)
  from space 30720K, 64% used [0x00000000e6900000,0x00000000e7c49560,0x00000000e8700000)
  to   space 31744K, 0% used [0x00000000ec500000,0x00000000ec500000,0x00000000ee400000)
 ParOldGen       total 175104K, used 54832K [0x0000000080000000, 0x000000008ab00000, 0x00000000d5580000)
  object space 175104K, 31% used [0x0000000080000000,0x000000008358c328,0x000000008ab00000)
 Metaspace       used 94843K, capacity 99508K, committed 100184K, reserved 1136640K
  class space    used 12522K, capacity 13518K, committed 13696K, reserved 1048576K
}
Event: 90.606 GC heap before
{Heap before GC invocations=22 (full 4):
 PSYoungGen      total 312832K, used 301861K [0x00000000d5580000, 0x00000000ee400000, 0x0000000100000000)
  eden space 282112K, 100% used [0x00000000d5580000,0x00000000e6900000,0x00000000e6900000)
  from space 30720K, 64% used [0x00000000e6900000,0x00000000e7c49560,0x00000000e8700000)
  to   space 31744K, 0% used [0x00000000ec500000,0x00000000ec500000,0x00000000ee400000)
 ParOldGen       total 175104K, used 54832K [0x0000000080000000, 0x000000008ab00000, 0x00000000d5580000)
  object space 175104K, 31% used [0x0000000080000000,0x000000008358c328,0x000000008ab00000)
 Metaspace       used 102742K, capacity 108056K, committed 108248K, reserved 1142784K
  class space    used 13632K, capacity 14757K, committed 14848K, reserved 1048576K
Event: 90.641 GC heap after
Heap after GC invocations=22 (full 4):
 PSYoungGen      total 372224K, used 22624K [0x00000000d5580000, 0x00000000ee400000, 0x0000000100000000)
  eden space 340480K, 0% used [0x00000000d5580000,0x00000000d5580000,0x00000000ea200000)
  from space 31744K, 71% used [0x00000000ec500000,0x00000000edb183f8,0x00000000ee400000)
  to   space 33792K, 0% used [0x00000000ea200000,0x00000000ea200000,0x00000000ec300000)
 ParOldGen       total 175104K, used 72676K [0x0000000080000000, 0x000000008ab00000, 0x00000000d5580000)
  object space 175104K, 41% used [0x0000000080000000,0x00000000846f9330,0x000000008ab00000)
 Metaspace       used 102742K, capacity 108056K, committed 108248K, reserved 1142784K
  class space    used 13632K, capacity 14757K, committed 14848K, reserved 1048576K
}

