# JRE version: OpenJDK Runtime Environment (8.0_242-b01) (build 1.8.0_242-release-1644-b01)
# Java VM: OpenJDK 64-Bit Server VM (25.242-b01 mixed mode windows-amd64 compressed oops)
Heap:
 PSYoungGen      total 131584K, used 45809K [0x00000000d6180000, 0x00000000dfc00000, 0x0000000100000000)
  eden space 126464K, 36% used [0x00000000d6180000,0x00000000d8e3c498,0x00000000ddd00000)
  from space 5120K, 0% used [0x00000000de180000,0x00000000de180000,0x00000000de680000)
  to   space 15872K, 0% used [0x00000000dec80000,0x00000000dec80000,0x00000000dfc00000)
 ParOldGen       total 121344K, used 19224K [0x0000000082400000, 0x0000000089a80000, 0x00000000d6180000)
  object space 121344K, 15% used [0x0000000082400000,0x00000000836c6108,0x0000000089a80000)
 Metaspace       used 36539K, capacity 37054K, committed 37376K, reserved 1081344K
  class space    used 4645K, capacity 4778K, committed 4864K, reserved 1048576K
GC Heap History (10 events):
Event: 2.195 GC heap before
{Heap before GC invocations=3 (full 0):
 PSYoungGen      total 70656K, used 23880K [0x00000000d6180000, 0x00000000dab80000, 0x0000000100000000)
  eden space 65536K, 28% used [0x00000000d6180000,0x00000000d73d6220,0x00000000da180000)
  from space 5120K, 99% used [0x00000000da680000,0x00000000dab7c010,0x00000000dab80000)
  to   space 5120K, 0% used [0x00000000da180000,0x00000000da180000,0x00000000da680000)
 ParOldGen       total 86016K, used 7395K [0x0000000082400000, 0x0000000087800000, 0x00000000d6180000)
  object space 86016K, 8% used [0x0000000082400000,0x0000000082b38ca0,0x0000000087800000)
 Metaspace       used 20770K, capacity 21168K, committed 21296K, reserved 1069056K
  class space    used 2474K, capacity 2626K, committed 2688K, reserved 1048576K
Event: 2.207 GC heap after
Heap after GC invocations=3 (full 0):
 PSYoungGen      total 70656K, used 5092K [0x00000000d6180000, 0x00000000deb80000, 0x0000000100000000)
  eden space 65536K, 0% used [0x00000000d6180000,0x00000000d6180000,0x00000000da180000)
  from space 5120K, 99% used [0x00000000da180000,0x00000000da679030,0x00000000da680000)
  to   space 5120K, 0% used [0x00000000de680000,0x00000000de680000,0x00000000deb80000)
 ParOldGen       total 86016K, used 11614K [0x0000000082400000, 0x0000000087800000, 0x00000000d6180000)
  object space 86016K, 13% used [0x0000000082400000,0x0000000082f579b0,0x0000000087800000)
 Metaspace       used 20770K, capacity 21168K, committed 21296K, reserved 1069056K
  class space    used 2474K, capacity 2626K, committed 2688K, reserved 1048576K
}
Event: 2.207 GC heap before
{Heap before GC invocations=4 (full 1):
 PSYoungGen      total 70656K, used 5092K [0x00000000d6180000, 0x00000000deb80000, 0x0000000100000000)
  eden space 65536K, 0% used [0x00000000d6180000,0x00000000d6180000,0x00000000da180000)
  from space 5120K, 99% used [0x00000000da180000,0x00000000da679030,0x00000000da680000)
  to   space 5120K, 0% used [0x00000000de680000,0x00000000de680000,0x00000000deb80000)
 ParOldGen       total 86016K, used 11614K [0x0000000082400000, 0x0000000087800000, 0x00000000d6180000)
  object space 86016K, 13% used [0x0000000082400000,0x0000000082f579b0,0x0000000087800000)
 Metaspace       used 20770K, capacity 21168K, committed 21296K, reserved 1069056K
  class space    used 2474K, capacity 2626K, committed 2688K, reserved 1048576K
Event: 2.264 GC heap after
Heap after GC invocations=4 (full 1):
 PSYoungGen      total 70656K, used 0K [0x00000000d6180000, 0x00000000deb80000, 0x0000000100000000)
  eden space 65536K, 0% used [0x00000000d6180000,0x00000000d6180000,0x00000000da180000)
  from space 5120K, 0% used [0x00000000da180000,0x00000000da180000,0x00000000da680000)
  to   space 5120K, 0% used [0x00000000de680000,0x00000000de680000,0x00000000deb80000)
 ParOldGen       total 68096K, used 9128K [0x0000000082400000, 0x0000000086680000, 0x00000000d6180000)
  object space 68096K, 13% used [0x0000000082400000,0x0000000082cea168,0x0000000086680000)
 Metaspace       used 20770K, capacity 21168K, committed 21296K, reserved 1069056K
  class space    used 2474K, capacity 2626K, committed 2688K, reserved 1048576K
}
Event: 3.355 GC heap before
{Heap before GC invocations=5 (full 1):
 PSYoungGen      total 70656K, used 65536K [0x00000000d6180000, 0x00000000deb80000, 0x0000000100000000)
  eden space 65536K, 100% used [0x00000000d6180000,0x00000000da180000,0x00000000da180000)
  from space 5120K, 0% used [0x00000000da180000,0x00000000da180000,0x00000000da680000)
  to   space 5120K, 0% used [0x00000000de680000,0x00000000de680000,0x00000000deb80000)
 ParOldGen       total 68096K, used 9128K [0x0000000082400000, 0x0000000086680000, 0x00000000d6180000)
  object space 68096K, 13% used [0x0000000082400000,0x0000000082cea168,0x0000000086680000)
 Metaspace       used 29396K, capacity 29857K, committed 30208K, reserved 1075200K
  class space    used 3647K, capacity 3784K, committed 3840K, reserved 1048576K
Event: 3.369 GC heap after
Heap after GC invocations=5 (full 1):
 PSYoungGen      total 95232K, used 5106K [0x00000000d6180000, 0x00000000deb80000, 0x0000000100000000)
  eden space 90112K, 0% used [0x00000000d6180000,0x00000000d6180000,0x00000000db980000)
  from space 5120K, 99% used [0x00000000de680000,0x00000000deb7c958,0x00000000deb80000)
  to   space 5120K, 0% used [0x00000000de180000,0x00000000de180000,0x00000000de680000)
 ParOldGen       total 68096K, used 20095K [0x0000000082400000, 0x0000000086680000, 0x00000000d6180000)
  object space 68096K, 29% used [0x0000000082400000,0x000000008379fda8,0x0000000086680000)
 Metaspace       used 29396K, capacity 29857K, committed 30208K, reserved 1075200K
  class space    used 3647K, capacity 3784K, committed 3840K, reserved 1048576K
}
Event: 3.947 GC heap before
{Heap before GC invocations=6 (full 1):
 PSYoungGen      total 95232K, used 32480K [0x00000000d6180000, 0x00000000deb80000, 0x0000000100000000)
  eden space 90112K, 30% used [0x00000000d6180000,0x00000000d7c3b7b0,0x00000000db980000)
  from space 5120K, 99% used [0x00000000de680000,0x00000000deb7c958,0x00000000deb80000)
  to   space 5120K, 0% used [0x00000000de180000,0x00000000de180000,0x00000000de680000)
 ParOldGen       total 68096K, used 20095K [0x0000000082400000, 0x0000000086680000, 0x00000000d6180000)
  object space 68096K, 29% used [0x0000000082400000,0x000000008379fda8,0x0000000086680000)
 Metaspace       used 34643K, capacity 35153K, committed 35456K, reserved 1079296K
  class space    used 4477K, capacity 4616K, committed 4736K, reserved 1048576K
Event: 3.961 GC heap after
Heap after GC invocations=6 (full 1):
 PSYoungGen      total 131584K, used 5099K [0x00000000d6180000, 0x00000000dfc00000, 0x0000000100000000)
  eden space 126464K, 0% used [0x00000000d6180000,0x00000000d6180000,0x00000000ddd00000)
  from space 5120K, 99% used [0x00000000de180000,0x00000000de67add8,0x00000000de680000)
  to   space 15872K, 0% used [0x00000000dec80000,0x00000000dec80000,0x00000000dfc00000)
 ParOldGen       total 68096K, used 26691K [0x0000000082400000, 0x0000000086680000, 0x00000000d6180000)
  object space 68096K, 39% used [0x0000000082400000,0x0000000083e10f08,0x0000000086680000)
 Metaspace       used 34643K, capacity 35153K, committed 35456K, reserved 1079296K
  class space    used 4477K, capacity 4616K, committed 4736K, reserved 1048576K
}
Event: 3.961 GC heap before
{Heap before GC invocations=7 (full 2):
 PSYoungGen      total 131584K, used 5099K [0x00000000d6180000, 0x00000000dfc00000, 0x0000000100000000)
  eden space 126464K, 0% used [0x00000000d6180000,0x00000000d6180000,0x00000000ddd00000)
  from space 5120K, 99% used [0x00000000de180000,0x00000000de67add8,0x00000000de680000)
  to   space 15872K, 0% used [0x00000000dec80000,0x00000000dec80000,0x00000000dfc00000)
 ParOldGen       total 68096K, used 26691K [0x0000000082400000, 0x0000000086680000, 0x00000000d6180000)
  object space 68096K, 39% used [0x0000000082400000,0x0000000083e10f08,0x0000000086680000)
 Metaspace       used 34643K, capacity 35153K, committed 35456K, reserved 1079296K
  class space    used 4477K, capacity 4616K, committed 4736K, reserved 1048576K
Event: 4.067 GC heap after
Heap after GC invocations=7 (full 2):
 PSYoungGen      total 131584K, used 0K [0x00000000d6180000, 0x00000000dfc00000, 0x0000000100000000)
  eden space 126464K, 0% used [0x00000000d6180000,0x00000000d6180000,0x00000000ddd00000)
  from space 5120K, 0% used [0x00000000de180000,0x00000000de180000,0x00000000de680000)
  to   space 15872K, 0% used [0x00000000dec80000,0x00000000dec80000,0x00000000dfc00000)
 ParOldGen       total 121344K, used 19224K [0x0000000082400000, 0x0000000089a80000, 0x00000000d6180000)
  object space 121344K, 15% used [0x0000000082400000,0x00000000836c6108,0x0000000089a80000)
 Metaspace       used 34643K, capacity 35153K, committed 35456K, reserved 1079296K
  class space    used 4477K, capacity 4616K, committed 4736K, reserved 1048576K
}

