# JRE version: OpenJDK Runtime Environment (8.0_242-b01) (build 1.8.0_242-release-1644-b01)
# Java VM: OpenJDK 64-Bit Server VM (25.242-b01 mixed mode windows-amd64 compressed oops)
Heap:
 PSYoungGen      total 207872K, used 104405K [0x00000000d5580000, 0x00000000e5e80000, 0x0000000100000000)
  eden space 187904K, 46% used [0x00000000d5580000,0x00000000daa76440,0x00000000e0d00000)
  from space 19968K, 87% used [0x00000000e0d00000,0x00000000e1dff348,0x00000000e2080000)
  to   space 22016K, 0% used [0x00000000e4900000,0x00000000e4900000,0x00000000e5e80000)
 ParOldGen       total 129024K, used 33405K [0x0000000080000000, 0x0000000087e00000, 0x00000000d5580000)
  object space 129024K, 25% used [0x0000000080000000,0x000000008209f7a8,0x0000000087e00000)
 Metaspace       used 70146K, capacity 73548K, committed 73752K, reserved 1112064K
  class space    used 9574K, capacity 10223K, committed 10288K, reserved 1048576K
GC Heap History (10 events):
Event: 7.256 GC heap before
{Heap before GC invocations=12 (full 2):
 PSYoungGen      total 136704K, used 125440K [0x00000000d5580000, 0x00000000e0580000, 0x0000000100000000)
  eden space 125440K, 100% used [0x00000000d5580000,0x00000000dd000000,0x00000000dd000000)
  from space 11264K, 0% used [0x00000000dd000000,0x00000000dd000000,0x00000000ddb00000)
  to   space 12800K, 0% used [0x00000000df900000,0x00000000df900000,0x00000000e0580000)
 ParOldGen       total 85504K, used 18209K [0x0000000080000000, 0x0000000085380000, 0x00000000d5580000)
  object space 85504K, 21% used [0x0000000080000000,0x00000000811c85b0,0x0000000085380000)
 Metaspace       used 38809K, capacity 40562K, committed 40872K, reserved 1085440K
  class space    used 5349K, capacity 5715K, committed 5808K, reserved 1048576K
Event: 7.264 GC heap after
Heap after GC invocations=12 (full 2):
 PSYoungGen      total 166912K, used 9185K [0x00000000d5580000, 0x00000000e0880000, 0x0000000100000000)
  eden space 154112K, 0% used [0x00000000d5580000,0x00000000d5580000,0x00000000dec00000)
  from space 12800K, 71% used [0x00000000df900000,0x00000000e01f8678,0x00000000e0580000)
  to   space 13312K, 0% used [0x00000000dec00000,0x00000000dec00000,0x00000000df900000)
 ParOldGen       total 85504K, used 18217K [0x0000000080000000, 0x0000000085380000, 0x00000000d5580000)
  object space 85504K, 21% used [0x0000000080000000,0x00000000811ca5b0,0x0000000085380000)
 Metaspace       used 38809K, capacity 40562K, committed 40872K, reserved 1085440K
  class space    used 5349K, capacity 5715K, committed 5808K, reserved 1048576K
}
Event: 9.781 GC heap before
{Heap before GC invocations=13 (full 2):
 PSYoungGen      total 166912K, used 163297K [0x00000000d5580000, 0x00000000e0880000, 0x0000000100000000)
  eden space 154112K, 100% used [0x00000000d5580000,0x00000000dec00000,0x00000000dec00000)
  from space 12800K, 71% used [0x00000000df900000,0x00000000e01f8678,0x00000000e0580000)
  to   space 13312K, 0% used [0x00000000dec00000,0x00000000dec00000,0x00000000df900000)
 ParOldGen       total 85504K, used 18217K [0x0000000080000000, 0x0000000085380000, 0x00000000d5580000)
  object space 85504K, 21% used [0x0000000080000000,0x00000000811ca5b0,0x0000000085380000)
 Metaspace       used 52510K, capacity 54618K, committed 54824K, reserved 1097728K
  class space    used 6983K, capacity 7431K, committed 7472K, reserved 1048576K
Event: 9.798 GC heap after
Heap after GC invocations=13 (full 2):
 PSYoungGen      total 167424K, used 13292K [0x00000000d5580000, 0x00000000e3300000, 0x0000000100000000)
  eden space 154112K, 0% used [0x00000000d5580000,0x00000000d5580000,0x00000000dec00000)
  from space 13312K, 99% used [0x00000000dec00000,0x00000000df8fb330,0x00000000df900000)
  to   space 18944K, 0% used [0x00000000e2080000,0x00000000e2080000,0x00000000e3300000)
 ParOldGen       total 85504K, used 28993K [0x0000000080000000, 0x0000000085380000, 0x00000000d5580000)
  object space 85504K, 33% used [0x0000000080000000,0x0000000081c50720,0x0000000085380000)
 Metaspace       used 52510K, capacity 54618K, committed 54824K, reserved 1097728K
  class space    used 6983K, capacity 7431K, committed 7472K, reserved 1048576K
}
Event: 10.521 GC heap before
{Heap before GC invocations=14 (full 2):
 PSYoungGen      total 167424K, used 61671K [0x00000000d5580000, 0x00000000e3300000, 0x0000000100000000)
  eden space 154112K, 31% used [0x00000000d5580000,0x00000000d84becb8,0x00000000dec00000)
  from space 13312K, 99% used [0x00000000dec00000,0x00000000df8fb330,0x00000000df900000)
  to   space 18944K, 0% used [0x00000000e2080000,0x00000000e2080000,0x00000000e3300000)
 ParOldGen       total 85504K, used 28993K [0x0000000080000000, 0x0000000085380000, 0x00000000d5580000)
  object space 85504K, 33% used [0x0000000080000000,0x0000000081c50720,0x0000000085380000)
 Metaspace       used 56738K, capacity 59022K, committed 59160K, reserved 1099776K
  class space    used 7680K, capacity 8162K, committed 8240K, reserved 1048576K
Event: 10.542 GC heap after
Heap after GC invocations=14 (full 2):
 PSYoungGen      total 206848K, used 14062K [0x00000000d5580000, 0x00000000e3900000, 0x0000000100000000)
  eden space 187904K, 0% used [0x00000000d5580000,0x00000000d5580000,0x00000000e0d00000)
  from space 18944K, 74% used [0x00000000e2080000,0x00000000e2e3bba8,0x00000000e3300000)
  to   space 19968K, 0% used [0x00000000e0d00000,0x00000000e0d00000,0x00000000e2080000)
 ParOldGen       total 85504K, used 33939K [0x0000000080000000, 0x0000000085380000, 0x00000000d5580000)
  object space 85504K, 39% used [0x0000000080000000,0x0000000082124ec0,0x0000000085380000)
 Metaspace       used 56738K, capacity 59022K, committed 59160K, reserved 1099776K
  class space    used 7680K, capacity 8162K, committed 8240K, reserved 1048576K
}
Event: 10.542 GC heap before
{Heap before GC invocations=15 (full 3):
 PSYoungGen      total 206848K, used 14062K [0x00000000d5580000, 0x00000000e3900000, 0x0000000100000000)
  eden space 187904K, 0% used [0x00000000d5580000,0x00000000d5580000,0x00000000e0d00000)
  from space 18944K, 74% used [0x00000000e2080000,0x00000000e2e3bba8,0x00000000e3300000)
  to   space 19968K, 0% used [0x00000000e0d00000,0x00000000e0d00000,0x00000000e2080000)
 ParOldGen       total 85504K, used 33939K [0x0000000080000000, 0x0000000085380000, 0x00000000d5580000)
  object space 85504K, 39% used [0x0000000080000000,0x0000000082124ec0,0x0000000085380000)
 Metaspace       used 56738K, capacity 59022K, committed 59160K, reserved 1099776K
  class space    used 7680K, capacity 8162K, committed 8240K, reserved 1048576K
Event: 10.732 GC heap after
Heap after GC invocations=15 (full 3):
 PSYoungGen      total 206848K, used 0K [0x00000000d5580000, 0x00000000e3900000, 0x0000000100000000)
  eden space 187904K, 0% used [0x00000000d5580000,0x00000000d5580000,0x00000000e0d00000)
  from space 18944K, 0% used [0x00000000e2080000,0x00000000e2080000,0x00000000e3300000)
  to   space 19968K, 0% used [0x00000000e0d00000,0x00000000e0d00000,0x00000000e2080000)
 ParOldGen       total 129024K, used 33397K [0x0000000080000000, 0x0000000087e00000, 0x00000000d5580000)
  object space 129024K, 25% used [0x0000000080000000,0x000000008209d7a8,0x0000000087e00000)
 Metaspace       used 56697K, capacity 58884K, committed 59160K, reserved 1099776K
  class space    used 7667K, capacity 8139K, committed 8240K, reserved 1048576K
}
Event: 12.894 GC heap before
{Heap before GC invocations=16 (full 3):
 PSYoungGen      total 206848K, used 187904K [0x00000000d5580000, 0x00000000e3900000, 0x0000000100000000)
  eden space 187904K, 100% used [0x00000000d5580000,0x00000000e0d00000,0x00000000e0d00000)
  from space 18944K, 0% used [0x00000000e2080000,0x00000000e2080000,0x00000000e3300000)
  to   space 19968K, 0% used [0x00000000e0d00000,0x00000000e0d00000,0x00000000e2080000)
 ParOldGen       total 129024K, used 33397K [0x0000000080000000, 0x0000000087e00000, 0x00000000d5580000)
  object space 129024K, 25% used [0x0000000080000000,0x000000008209d7a8,0x0000000087e00000)
 Metaspace       used 65679K, capacity 68802K, committed 69144K, reserved 1107968K
  class space    used 9066K, capacity 9672K, committed 9776K, reserved 1048576K
Event: 12.910 GC heap after
Heap after GC invocations=16 (full 3):
 PSYoungGen      total 207872K, used 17404K [0x00000000d5580000, 0x00000000e5e80000, 0x0000000100000000)
  eden space 187904K, 0% used [0x00000000d5580000,0x00000000d5580000,0x00000000e0d00000)
  from space 19968K, 87% used [0x00000000e0d00000,0x00000000e1dff348,0x00000000e2080000)
  to   space 22016K, 0% used [0x00000000e4900000,0x00000000e4900000,0x00000000e5e80000)
 ParOldGen       total 129024K, used 33405K [0x0000000080000000, 0x0000000087e00000, 0x00000000d5580000)
  object space 129024K, 25% used [0x0000000080000000,0x000000008209f7a8,0x0000000087e00000)
 Metaspace       used 65679K, capacity 68802K, committed 69144K, reserved 1107968K
  class space    used 9066K, capacity 9672K, committed 9776K, reserved 1048576K
}

