# JRE version: OpenJDK Runtime Environment (8.0_242-b01) (build 1.8.0_242-release-1644-b01)
# Java VM: OpenJDK 64-Bit Server VM (25.242-b01 mixed mode windows-amd64 compressed oops)
Heap:
 PSYoungGen      total 249856K, used 7935K [0x00000000d5580000, 0x00000000e5f00000, 0x0000000100000000)
  eden space 227840K, 3% used [0x00000000d5580000,0x00000000d5d3fc78,0x00000000e3400000)
  from space 22016K, 0% used [0x00000000e3400000,0x00000000e3400000,0x00000000e4980000)
  to   space 20480K, 0% used [0x00000000e4980000,0x00000000e4980000,0x00000000e5d80000)
 ParOldGen       total 128512K, used 85356K [0x0000000080000000, 0x0000000087d80000, 0x00000000d5580000)
  object space 128512K, 66% used [0x0000000080000000,0x000000008535b0b8,0x0000000087d80000)
 Metaspace       used 74909K, capacity 78116K, committed 79256K, reserved 1120256K
  class space    used 10359K, capacity 10963K, committed 11184K, reserved 1048576K
GC Heap History (10 events):
Event: 9.348 GC heap before
{Heap before GC invocations=15 (full 3):
 PSYoungGen      total 208896K, used 6843K [0x00000000d5580000, 0x00000000e3500000, 0x0000000100000000)
  eden space 190464K, 0% used [0x00000000d5580000,0x00000000d5580000,0x00000000e0f80000)
  from space 18432K, 37% used [0x00000000e2100000,0x00000000e27aee48,0x00000000e3300000)
  to   space 17920K, 0% used [0x00000000e0f80000,0x00000000e0f80000,0x00000000e2100000)
 ParOldGen       total 82944K, used 41141K [0x0000000080000000, 0x0000000085100000, 0x00000000d5580000)
  object space 82944K, 49% used [0x0000000080000000,0x000000008282d4b0,0x0000000085100000)
 Metaspace       used 56756K, capacity 59052K, committed 59160K, reserved 1099776K
  class space    used 7688K, capacity 8167K, committed 8240K, reserved 1048576K
Event: 9.606 GC heap after
Heap after GC invocations=15 (full 3):
 PSYoungGen      total 208896K, used 0K [0x00000000d5580000, 0x00000000e3500000, 0x0000000100000000)
  eden space 190464K, 0% used [0x00000000d5580000,0x00000000d5580000,0x00000000e0f80000)
  from space 18432K, 0% used [0x00000000e2100000,0x00000000e2100000,0x00000000e3300000)
  to   space 17920K, 0% used [0x00000000e0f80000,0x00000000e0f80000,0x00000000e2100000)
 ParOldGen       total 128512K, used 33491K [0x0000000080000000, 0x0000000087d80000, 0x00000000d5580000)
  object space 128512K, 26% used [0x0000000080000000,0x00000000820b4e88,0x0000000087d80000)
 Metaspace       used 56706K, capacity 58884K, committed 59160K, reserved 1099776K
  class space    used 7673K, capacity 8139K, committed 8240K, reserved 1048576K
}
Event: 11.705 GC heap before
{Heap before GC invocations=16 (full 3):
 PSYoungGen      total 208896K, used 190464K [0x00000000d5580000, 0x00000000e3500000, 0x0000000100000000)
  eden space 190464K, 100% used [0x00000000d5580000,0x00000000e0f80000,0x00000000e0f80000)
  from space 18432K, 0% used [0x00000000e2100000,0x00000000e2100000,0x00000000e3300000)
  to   space 17920K, 0% used [0x00000000e0f80000,0x00000000e0f80000,0x00000000e2100000)
 ParOldGen       total 128512K, used 33491K [0x0000000080000000, 0x0000000087d80000, 0x00000000d5580000)
  object space 128512K, 26% used [0x0000000080000000,0x00000000820b4e88,0x0000000087d80000)
 Metaspace       used 65665K, capacity 69032K, committed 69144K, reserved 1107968K
  class space    used 9061K, capacity 9727K, committed 9776K, reserved 1048576K
Event: 11.721 GC heap after
Heap after GC invocations=16 (full 3):
 PSYoungGen      total 208384K, used 17889K [0x00000000d5580000, 0x00000000e5d80000, 0x0000000100000000)
  eden space 190464K, 0% used [0x00000000d5580000,0x00000000d5580000,0x00000000e0f80000)
  from space 17920K, 99% used [0x00000000e0f80000,0x00000000e20f8578,0x00000000e2100000)
  to   space 20480K, 0% used [0x00000000e4980000,0x00000000e4980000,0x00000000e5d80000)
 ParOldGen       total 128512K, used 33764K [0x0000000080000000, 0x0000000087d80000, 0x00000000d5580000)
  object space 128512K, 26% used [0x0000000080000000,0x00000000820f9180,0x0000000087d80000)
 Metaspace       used 65665K, capacity 69032K, committed 69144K, reserved 1107968K
  class space    used 9061K, capacity 9727K, committed 9776K, reserved 1048576K
}
Event: 13.279 GC heap before
{Heap before GC invocations=17 (full 3):
 PSYoungGen      total 208384K, used 208343K [0x00000000d5580000, 0x00000000e5d80000, 0x0000000100000000)
  eden space 190464K, 99% used [0x00000000d5580000,0x00000000e0f7d8e8,0x00000000e0f80000)
  from space 17920K, 99% used [0x00000000e0f80000,0x00000000e20f8578,0x00000000e2100000)
  to   space 20480K, 0% used [0x00000000e4980000,0x00000000e4980000,0x00000000e5d80000)
 ParOldGen       total 128512K, used 33764K [0x0000000080000000, 0x0000000087d80000, 0x00000000d5580000)
  object space 128512K, 26% used [0x0000000080000000,0x00000000820f9180,0x0000000087d80000)
 Metaspace       used 71447K, capacity 74988K, committed 75288K, reserved 1114112K
  class space    used 9807K, capacity 10465K, committed 10544K, reserved 1048576K
Event: 13.301 GC heap after
Heap after GC invocations=17 (full 3):
 PSYoungGen      total 248320K, used 16682K [0x00000000d5580000, 0x00000000e5f00000, 0x0000000100000000)
  eden space 227840K, 0% used [0x00000000d5580000,0x00000000d5580000,0x00000000e3400000)
  from space 20480K, 81% used [0x00000000e4980000,0x00000000e59caa18,0x00000000e5d80000)
  to   space 22016K, 0% used [0x00000000e3400000,0x00000000e3400000,0x00000000e4980000)
 ParOldGen       total 128512K, used 45154K [0x0000000080000000, 0x0000000087d80000, 0x00000000d5580000)
  object space 128512K, 35% used [0x0000000080000000,0x0000000082c189e0,0x0000000087d80000)
 Metaspace       used 71447K, capacity 74988K, committed 75288K, reserved 1114112K
  class space    used 9807K, capacity 10465K, committed 10544K, reserved 1048576K
}
Event: 13.790 GC heap before
{Heap before GC invocations=18 (full 3):
 PSYoungGen      total 248320K, used 101744K [0x00000000d5580000, 0x00000000e5f00000, 0x0000000100000000)
  eden space 227840K, 37% used [0x00000000d5580000,0x00000000da891710,0x00000000e3400000)
  from space 20480K, 81% used [0x00000000e4980000,0x00000000e59caa18,0x00000000e5d80000)
  to   space 22016K, 0% used [0x00000000e3400000,0x00000000e3400000,0x00000000e4980000)
 ParOldGen       total 128512K, used 45154K [0x0000000080000000, 0x0000000087d80000, 0x00000000d5580000)
  object space 128512K, 35% used [0x0000000080000000,0x0000000082c189e0,0x0000000087d80000)
 Metaspace       used 75124K, capacity 78924K, committed 79000K, reserved 1122304K
  class space    used 10461K, capacity 11147K, committed 11184K, reserved 1048576K
Event: 13.814 GC heap after
Heap after GC invocations=18 (full 3):
 PSYoungGen      total 249856K, used 22009K [0x00000000d5580000, 0x00000000e5f00000, 0x0000000100000000)
  eden space 227840K, 0% used [0x00000000d5580000,0x00000000d5580000,0x00000000e3400000)
  from space 22016K, 99% used [0x00000000e3400000,0x00000000e497e728,0x00000000e4980000)
  to   space 20480K, 0% used [0x00000000e4980000,0x00000000e4980000,0x00000000e5d80000)
 ParOldGen       total 128512K, used 68277K [0x0000000080000000, 0x0000000087d80000, 0x00000000d5580000)
  object space 128512K, 53% used [0x0000000080000000,0x00000000842ad7b0,0x0000000087d80000)
 Metaspace       used 75124K, capacity 78924K, committed 79000K, reserved 1122304K
  class space    used 10461K, capacity 11147K, committed 11184K, reserved 1048576K
}
Event: 13.814 GC heap before
{Heap before GC invocations=19 (full 4):
 PSYoungGen      total 249856K, used 22009K [0x00000000d5580000, 0x00000000e5f00000, 0x0000000100000000)
  eden space 227840K, 0% used [0x00000000d5580000,0x00000000d5580000,0x00000000e3400000)
  from space 22016K, 99% used [0x00000000e3400000,0x00000000e497e728,0x00000000e4980000)
  to   space 20480K, 0% used [0x00000000e4980000,0x00000000e4980000,0x00000000e5d80000)
 ParOldGen       total 128512K, used 68277K [0x0000000080000000, 0x0000000087d80000, 0x00000000d5580000)
  object space 128512K, 53% used [0x0000000080000000,0x00000000842ad7b0,0x0000000087d80000)
 Metaspace       used 75124K, capacity 78924K, committed 79000K, reserved 1122304K
  class space    used 10461K, capacity 11147K, committed 11184K, reserved 1048576K
Event: 14.216 GC heap after
Heap after GC invocations=19 (full 4):
 PSYoungGen      total 249856K, used 0K [0x00000000d5580000, 0x00000000e5f00000, 0x0000000100000000)
  eden space 227840K, 0% used [0x00000000d5580000,0x00000000d5580000,0x00000000e3400000)
  from space 22016K, 0% used [0x00000000e3400000,0x00000000e3400000,0x00000000e4980000)
  to   space 20480K, 0% used [0x00000000e4980000,0x00000000e4980000,0x00000000e5d80000)
 ParOldGen       total 128512K, used 85356K [0x0000000080000000, 0x0000000087d80000, 0x00000000d5580000)
  object space 128512K, 66% used [0x0000000080000000,0x000000008535b0b8,0x0000000087d80000)
 Metaspace       used 74805K, capacity 77976K, committed 79000K, reserved 1120256K
  class space    used 10357K, capacity 10963K, committed 11184K, reserved 1048576K
}

