# JRE version: OpenJDK Runtime Environment (8.0_242-b01) (build 1.8.0_242-release-1644-b01)
# Java VM: OpenJDK 64-Bit Server VM (25.242-b01 mixed mode windows-amd64 compressed oops)
Heap:
 PSYoungGen      total 238592K, used 50413K [0x00000000d5580000, 0x00000000e7980000, 0x0000000100000000)
  eden space 216576K, 13% used [0x00000000d5580000,0x00000000d7142028,0x00000000e2900000)
  from space 22016K, 99% used [0x00000000e4a80000,0x00000000e5ff9740,0x00000000e6000000)
  to   space 34304K, 0% used [0x00000000e2900000,0x00000000e2900000,0x00000000e4a80000)
 ParOldGen       total 130048K, used 57626K [0x0000000080000000, 0x0000000087f00000, 0x00000000d5580000)
  object space 130048K, 44% used [0x0000000080000000,0x0000000083846a58,0x0000000087f00000)
 Metaspace       used 70685K, capacity 74062K, committed 74264K, reserved 1114112K
  class space    used 9589K, capacity 10234K, committed 10288K, reserved 1048576K
GC Heap History (10 events):
Event: 8.224 GC heap before
{Heap before GC invocations=13 (full 2):
 PSYoungGen      total 169984K, used 165660K [0x00000000d5580000, 0x00000000e0800000, 0x0000000100000000)
  eden space 157184K, 100% used [0x00000000d5580000,0x00000000def00000,0x00000000def00000)
  from space 12800K, 66% used [0x00000000dfb80000,0x00000000e03c70c8,0x00000000e0800000)
  to   space 12800K, 0% used [0x00000000def00000,0x00000000def00000,0x00000000dfb80000)
 ParOldGen       total 84992K, used 18159K [0x0000000080000000, 0x0000000085300000, 0x00000000d5580000)
  object space 84992K, 21% used [0x0000000080000000,0x00000000811bbe60,0x0000000085300000)
 Metaspace       used 52364K, capacity 54510K, committed 54568K, reserved 1095680K
  class space    used 6986K, capacity 7435K, committed 7472K, reserved 1048576K
Event: 8.241 GC heap after
Heap after GC invocations=13 (full 2):
 PSYoungGen      total 169984K, used 12780K [0x00000000d5580000, 0x00000000e3680000, 0x0000000100000000)
  eden space 157184K, 0% used [0x00000000d5580000,0x00000000d5580000,0x00000000def00000)
  from space 12800K, 99% used [0x00000000def00000,0x00000000dfb7b310,0x00000000dfb80000)
  to   space 18432K, 0% used [0x00000000e2480000,0x00000000e2480000,0x00000000e3680000)
 ParOldGen       total 84992K, used 29108K [0x0000000080000000, 0x0000000085300000, 0x00000000d5580000)
  object space 84992K, 34% used [0x0000000080000000,0x0000000081c6d1d0,0x0000000085300000)
 Metaspace       used 52364K, capacity 54510K, committed 54568K, reserved 1095680K
  class space    used 6986K, capacity 7435K, committed 7472K, reserved 1048576K
}
Event: 8.925 GC heap before
{Heap before GC invocations=14 (full 2):
 PSYoungGen      total 169984K, used 69359K [0x00000000d5580000, 0x00000000e3680000, 0x0000000100000000)
  eden space 157184K, 35% used [0x00000000d5580000,0x00000000d8cc0cc0,0x00000000def00000)
  from space 12800K, 99% used [0x00000000def00000,0x00000000dfb7b310,0x00000000dfb80000)
  to   space 18432K, 0% used [0x00000000e2480000,0x00000000e2480000,0x00000000e3680000)
 ParOldGen       total 84992K, used 29108K [0x0000000080000000, 0x0000000085300000, 0x00000000d5580000)
  object space 84992K, 34% used [0x0000000080000000,0x0000000081c6d1d0,0x0000000085300000)
 Metaspace       used 56814K, capacity 59046K, committed 59160K, reserved 1099776K
  class space    used 7703K, capacity 8166K, committed 8240K, reserved 1048576K
Event: 8.947 GC heap after
Heap after GC invocations=14 (full 2):
 PSYoungGen      total 210432K, used 15118K [0x00000000d5580000, 0x00000000e3d80000, 0x0000000100000000)
  eden space 192000K, 0% used [0x00000000d5580000,0x00000000d5580000,0x00000000e1100000)
  from space 18432K, 82% used [0x00000000e2480000,0x00000000e3343ac0,0x00000000e3680000)
  to   space 19968K, 0% used [0x00000000e1100000,0x00000000e1100000,0x00000000e2480000)
 ParOldGen       total 84992K, used 33846K [0x0000000080000000, 0x0000000085300000, 0x00000000d5580000)
  object space 84992K, 39% used [0x0000000080000000,0x000000008210dae0,0x0000000085300000)
 Metaspace       used 56814K, capacity 59046K, committed 59160K, reserved 1099776K
  class space    used 7703K, capacity 8166K, committed 8240K, reserved 1048576K
}
Event: 8.947 GC heap before
{Heap before GC invocations=15 (full 3):
 PSYoungGen      total 210432K, used 15118K [0x00000000d5580000, 0x00000000e3d80000, 0x0000000100000000)
  eden space 192000K, 0% used [0x00000000d5580000,0x00000000d5580000,0x00000000e1100000)
  from space 18432K, 82% used [0x00000000e2480000,0x00000000e3343ac0,0x00000000e3680000)
  to   space 19968K, 0% used [0x00000000e1100000,0x00000000e1100000,0x00000000e2480000)
 ParOldGen       total 84992K, used 33846K [0x0000000080000000, 0x0000000085300000, 0x00000000d5580000)
  object space 84992K, 39% used [0x0000000080000000,0x000000008210dae0,0x0000000085300000)
 Metaspace       used 56814K, capacity 59046K, committed 59160K, reserved 1099776K
  class space    used 7703K, capacity 8166K, committed 8240K, reserved 1048576K
Event: 9.183 GC heap after
Heap after GC invocations=15 (full 3):
 PSYoungGen      total 210432K, used 0K [0x00000000d5580000, 0x00000000e3d80000, 0x0000000100000000)
  eden space 192000K, 0% used [0x00000000d5580000,0x00000000d5580000,0x00000000e1100000)
  from space 18432K, 0% used [0x00000000e2480000,0x00000000e2480000,0x00000000e3680000)
  to   space 19968K, 0% used [0x00000000e1100000,0x00000000e1100000,0x00000000e2480000)
 ParOldGen       total 130048K, used 33859K [0x0000000080000000, 0x0000000087f00000, 0x00000000d5580000)
  object space 130048K, 26% used [0x0000000080000000,0x0000000082110de0,0x0000000087f00000)
 Metaspace       used 56766K, capacity 58884K, committed 59160K, reserved 1099776K
  class space    used 7689K, capacity 8139K, committed 8240K, reserved 1048576K
}
Event: 11.383 GC heap before
{Heap before GC invocations=16 (full 3):
 PSYoungGen      total 210432K, used 192000K [0x00000000d5580000, 0x00000000e3d80000, 0x0000000100000000)
  eden space 192000K, 100% used [0x00000000d5580000,0x00000000e1100000,0x00000000e1100000)
  from space 18432K, 0% used [0x00000000e2480000,0x00000000e2480000,0x00000000e3680000)
  to   space 19968K, 0% used [0x00000000e1100000,0x00000000e1100000,0x00000000e2480000)
 ParOldGen       total 130048K, used 33859K [0x0000000080000000, 0x0000000087f00000, 0x00000000d5580000)
  object space 130048K, 26% used [0x0000000080000000,0x0000000082110de0,0x0000000087f00000)
 Metaspace       used 66047K, capacity 69268K, committed 69400K, reserved 1110016K
  class space    used 9115K, capacity 9743K, committed 9776K, reserved 1048576K
Event: 11.404 GC heap after
Heap after GC invocations=16 (full 3):
 PSYoungGen      total 211968K, used 17897K [0x00000000d5580000, 0x00000000e6000000, 0x0000000100000000)
  eden space 192000K, 0% used [0x00000000d5580000,0x00000000d5580000,0x00000000e1100000)
  from space 19968K, 89% used [0x00000000e1100000,0x00000000e227a4f8,0x00000000e2480000)
  to   space 22016K, 0% used [0x00000000e4a80000,0x00000000e4a80000,0x00000000e6000000)
 ParOldGen       total 130048K, used 33867K [0x0000000080000000, 0x0000000087f00000, 0x00000000d5580000)
  object space 130048K, 26% used [0x0000000080000000,0x0000000082112de0,0x0000000087f00000)
 Metaspace       used 66047K, capacity 69268K, committed 69400K, reserved 1110016K
  class space    used 9115K, capacity 9743K, committed 9776K, reserved 1048576K
}
Event: 13.411 GC heap before
{Heap before GC invocations=17 (full 3):
 PSYoungGen      total 211968K, used 209897K [0x00000000d5580000, 0x00000000e6000000, 0x0000000100000000)
  eden space 192000K, 100% used [0x00000000d5580000,0x00000000e1100000,0x00000000e1100000)
  from space 19968K, 89% used [0x00000000e1100000,0x00000000e227a4f8,0x00000000e2480000)
  to   space 22016K, 0% used [0x00000000e4a80000,0x00000000e4a80000,0x00000000e6000000)
 ParOldGen       total 130048K, used 33867K [0x0000000080000000, 0x0000000087f00000, 0x00000000d5580000)
  object space 130048K, 26% used [0x0000000080000000,0x0000000082112de0,0x0000000087f00000)
 Metaspace       used 70333K, capacity 73766K, committed 74008K, reserved 1114112K
  class space    used 9552K, capacity 10190K, committed 10288K, reserved 1048576K
Event: 13.457 GC heap after
Heap after GC invocations=17 (full 3):
 PSYoungGen      total 238592K, used 21989K [0x00000000d5580000, 0x00000000e7980000, 0x0000000100000000)
  eden space 216576K, 0% used [0x00000000d5580000,0x00000000d5580000,0x00000000e2900000)
  from space 22016K, 99% used [0x00000000e4a80000,0x00000000e5ff9740,0x00000000e6000000)
  to   space 34304K, 0% used [0x00000000e2900000,0x00000000e2900000,0x00000000e4a80000)
 ParOldGen       total 130048K, used 57626K [0x0000000080000000, 0x0000000087f00000, 0x00000000d5580000)
  object space 130048K, 44% used [0x0000000080000000,0x0000000083846a58,0x0000000087f00000)
 Metaspace       used 70333K, capacity 73766K, committed 74008K, reserved 1114112K
  class space    used 9552K, capacity 10190K, committed 10288K, reserved 1048576K
}

