# JRE version: OpenJDK Runtime Environment (8.0_242-b01) (build 1.8.0_242-release-1644-b01)
# Java VM: OpenJDK 64-Bit Server VM (25.242-b01 mixed mode windows-amd64 compressed oops)
Heap:
 PSYoungGen      total 300032K, used 187900K [0x00000000d5580000, 0x00000000eae80000, 0x0000000100000000)
  eden space 248832K, 54% used [0x00000000d5580000,0x00000000ddb00f28,0x00000000e4880000)
  from space 51200K, 99% used [0x00000000e4880000,0x00000000e7a7e130,0x00000000e7a80000)
  to   space 46080K, 0% used [0x00000000e7a80000,0x00000000e7a80000,0x00000000ea780000)
 ParOldGen       total 219136K, used 86911K [0x0000000080000000, 0x000000008d600000, 0x00000000d5580000)
  object space 219136K, 39% used [0x0000000080000000,0x00000000854dfe48,0x000000008d600000)
 Metaspace       used 110807K, capacity 118018K, committed 118168K, reserved 1150976K
  class space    used 14480K, capacity 16005K, committed 16048K, reserved 1048576K
GC Heap History (10 events):
Event: 344.005 GC heap before
{Heap before GC invocations=21 (full 4):
 PSYoungGen      total 254464K, used 220160K [0x00000000d5580000, 0x00000000e7980000, 0x0000000100000000)
  eden space 220160K, 100% used [0x00000000d5580000,0x00000000e2c80000,0x00000000e2c80000)
  from space 34304K, 0% used [0x00000000e4f00000,0x00000000e4f00000,0x00000000e7080000)
  to   space 35328K, 0% used [0x00000000e2c80000,0x00000000e2c80000,0x00000000e4f00000)
 ParOldGen       total 219136K, used 67037K [0x0000000080000000, 0x000000008d600000, 0x00000000d5580000)
  object space 219136K, 30% used [0x0000000080000000,0x00000000841775b8,0x000000008d600000)
 Metaspace       used 96934K, capacity 102070K, committed 102296K, reserved 1138688K
  class space    used 12813K, capacity 13919K, committed 14000K, reserved 1048576K
Event: 344.018 GC heap after
Heap after GC invocations=21 (full 4):
 PSYoungGen      total 255488K, used 12246K [0x00000000d5580000, 0x00000000e8380000, 0x0000000100000000)
  eden space 220160K, 0% used [0x00000000d5580000,0x00000000d5580000,0x00000000e2c80000)
  from space 35328K, 34% used [0x00000000e2c80000,0x00000000e3875890,0x00000000e4f00000)
  to   space 33792K, 0% used [0x00000000e6280000,0x00000000e6280000,0x00000000e8380000)
 ParOldGen       total 219136K, used 67045K [0x0000000080000000, 0x000000008d600000, 0x00000000d5580000)
  object space 219136K, 30% used [0x0000000080000000,0x00000000841795b8,0x000000008d600000)
 Metaspace       used 96934K, capacity 102070K, committed 102296K, reserved 1138688K
  class space    used 12813K, capacity 13919K, committed 14000K, reserved 1048576K
}
Event: 521.144 GC heap before
{Heap before GC invocations=22 (full 4):
 PSYoungGen      total 255488K, used 232406K [0x00000000d5580000, 0x00000000e8380000, 0x0000000100000000)
  eden space 220160K, 100% used [0x00000000d5580000,0x00000000e2c80000,0x00000000e2c80000)
  from space 35328K, 34% used [0x00000000e2c80000,0x00000000e3875890,0x00000000e4f00000)
  to   space 33792K, 0% used [0x00000000e6280000,0x00000000e6280000,0x00000000e8380000)
 ParOldGen       total 219136K, used 67045K [0x0000000080000000, 0x000000008d600000, 0x00000000d5580000)
  object space 219136K, 30% used [0x0000000080000000,0x00000000841795b8,0x000000008d600000)
 Metaspace       used 100424K, capacity 106092K, committed 106392K, reserved 1140736K
  class space    used 13193K, capacity 14419K, committed 14512K, reserved 1048576K
Event: 521.165 GC heap after
Heap after GC invocations=22 (full 4):
 PSYoungGen      total 269312K, used 23410K [0x00000000d5580000, 0x00000000e8180000, 0x0000000100000000)
  eden space 237568K, 0% used [0x00000000d5580000,0x00000000d5580000,0x00000000e3d80000)
  from space 31744K, 73% used [0x00000000e6280000,0x00000000e795cb70,0x00000000e8180000)
  to   space 34816K, 0% used [0x00000000e3d80000,0x00000000e3d80000,0x00000000e5f80000)
 ParOldGen       total 219136K, used 67053K [0x0000000080000000, 0x000000008d600000, 0x00000000d5580000)
  object space 219136K, 30% used [0x0000000080000000,0x000000008417b5b8,0x000000008d600000)
 Metaspace       used 100424K, capacity 106092K, committed 106392K, reserved 1140736K
  class space    used 13193K, capacity 14419K, committed 14512K, reserved 1048576K
}
Event: 529.567 GC heap before
{Heap before GC invocations=23 (full 4):
 PSYoungGen      total 269312K, used 260978K [0x00000000d5580000, 0x00000000e8180000, 0x0000000100000000)
  eden space 237568K, 100% used [0x00000000d5580000,0x00000000e3d80000,0x00000000e3d80000)
  from space 31744K, 73% used [0x00000000e6280000,0x00000000e795cb70,0x00000000e8180000)
  to   space 34816K, 0% used [0x00000000e3d80000,0x00000000e3d80000,0x00000000e5f80000)
 ParOldGen       total 219136K, used 67053K [0x0000000080000000, 0x000000008d600000, 0x00000000d5580000)
  object space 219136K, 30% used [0x0000000080000000,0x000000008417b5b8,0x000000008d600000)
 Metaspace       used 102361K, capacity 108390K, committed 108696K, reserved 1142784K
  class space    used 13407K, capacity 14692K, committed 14768K, reserved 1048576K
Event: 529.599 GC heap after
Heap after GC invocations=23 (full 4):
 PSYoungGen      total 272384K, used 34785K [0x00000000d5580000, 0x00000000ea780000, 0x0000000100000000)
  eden space 237568K, 0% used [0x00000000d5580000,0x00000000d5580000,0x00000000e3d80000)
  from space 34816K, 99% used [0x00000000e3d80000,0x00000000e5f78480,0x00000000e5f80000)
  to   space 46080K, 0% used [0x00000000e7a80000,0x00000000e7a80000,0x00000000ea780000)
 ParOldGen       total 219136K, used 82640K [0x0000000080000000, 0x000000008d600000, 0x00000000d5580000)
  object space 219136K, 37% used [0x0000000080000000,0x00000000850b4258,0x000000008d600000)
 Metaspace       used 102361K, capacity 108390K, committed 108696K, reserved 1142784K
  class space    used 13407K, capacity 14692K, committed 14768K, reserved 1048576K
}
Event: 582.161 GC heap before
{Heap before GC invocations=24 (full 4):
 PSYoungGen      total 272384K, used 272353K [0x00000000d5580000, 0x00000000ea780000, 0x0000000100000000)
  eden space 237568K, 100% used [0x00000000d5580000,0x00000000e3d80000,0x00000000e3d80000)
  from space 34816K, 99% used [0x00000000e3d80000,0x00000000e5f78480,0x00000000e5f80000)
  to   space 46080K, 0% used [0x00000000e7a80000,0x00000000e7a80000,0x00000000ea780000)
 ParOldGen       total 219136K, used 82640K [0x0000000080000000, 0x000000008d600000, 0x00000000d5580000)
  object space 219136K, 37% used [0x0000000080000000,0x00000000850b4258,0x000000008d600000)
 Metaspace       used 107990K, capacity 114514K, committed 114584K, reserved 1148928K
  class space    used 14123K, capacity 15519K, committed 15536K, reserved 1048576K
Event: 582.203 GC heap after
Heap after GC invocations=24 (full 4):
 PSYoungGen      total 294912K, used 40123K [0x00000000d5580000, 0x00000000eae80000, 0x0000000100000000)
  eden space 248832K, 0% used [0x00000000d5580000,0x00000000d5580000,0x00000000e4880000)
  from space 46080K, 87% used [0x00000000e7a80000,0x00000000ea1aefd0,0x00000000ea780000)
  to   space 51200K, 0% used [0x00000000e4880000,0x00000000e4880000,0x00000000e7a80000)
 ParOldGen       total 219136K, used 82648K [0x0000000080000000, 0x000000008d600000, 0x00000000d5580000)
  object space 219136K, 37% used [0x0000000080000000,0x00000000850b6258,0x000000008d600000)
 Metaspace       used 107990K, capacity 114514K, committed 114584K, reserved 1148928K
  class space    used 14123K, capacity 15519K, committed 15536K, reserved 1048576K
}
Event: 612.965 GC heap before
{Heap before GC invocations=25 (full 4):
 PSYoungGen      total 294912K, used 288955K [0x00000000d5580000, 0x00000000eae80000, 0x0000000100000000)
  eden space 248832K, 100% used [0x00000000d5580000,0x00000000e4880000,0x00000000e4880000)
  from space 46080K, 87% used [0x00000000e7a80000,0x00000000ea1aefd0,0x00000000ea780000)
  to   space 51200K, 0% used [0x00000000e4880000,0x00000000e4880000,0x00000000e7a80000)
 ParOldGen       total 219136K, used 82648K [0x0000000080000000, 0x000000008d600000, 0x00000000d5580000)
  object space 219136K, 37% used [0x0000000080000000,0x00000000850b6258,0x000000008d600000)
 Metaspace       used 110757K, capacity 118012K, committed 118168K, reserved 1150976K
  class space    used 14478K, capacity 16004K, committed 16048K, reserved 1048576K
Event: 613.007 GC heap after
Heap after GC invocations=25 (full 4):
 PSYoungGen      total 300032K, used 51192K [0x00000000d5580000, 0x00000000eae80000, 0x0000000100000000)
  eden space 248832K, 0% used [0x00000000d5580000,0x00000000d5580000,0x00000000e4880000)
  from space 51200K, 99% used [0x00000000e4880000,0x00000000e7a7e130,0x00000000e7a80000)
  to   space 46080K, 0% used [0x00000000e7a80000,0x00000000e7a80000,0x00000000ea780000)
 ParOldGen       total 219136K, used 86911K [0x0000000080000000, 0x000000008d600000, 0x00000000d5580000)
  object space 219136K, 39% used [0x0000000080000000,0x00000000854dfe48,0x000000008d600000)
 Metaspace       used 110757K, capacity 118012K, committed 118168K, reserved 1150976K
  class space    used 14478K, capacity 16004K, committed 16048K, reserved 1048576K
}

