# JRE version: OpenJDK Runtime Environment (8.0_242-b01) (build 1.8.0_242-release-1644-b01)
# Java VM: OpenJDK 64-Bit Server VM (25.242-b01 mixed mode windows-amd64 compressed oops)
Heap:
 PSYoungGen      total 371200K, used 289438K [0x00000000d5580000, 0x00000000efa00000, 0x0000000100000000)
  eden space 324096K, 82% used [0x00000000d5580000,0x00000000e5a6b7f8,0x00000000e9200000)
  from space 47104K, 47% used [0x00000000ecc00000,0x00000000ee1bc0a0,0x00000000efa00000)
  to   space 53248K, 0% used [0x00000000e9200000,0x00000000e9200000,0x00000000ec600000)
 ParOldGen       total 138752K, used 72233K [0x0000000080000000, 0x0000000088780000, 0x00000000d5580000)
  object space 138752K, 52% used [0x0000000080000000,0x000000008468a508,0x0000000088780000)
 Metaspace       used 103894K, capacity 110238K, committed 111128K, reserved 1144832K
  class space    used 13576K, capacity 14701K, committed 15152K, reserved 1048576K
GC Heap History (10 events):
Event: 59.698 GC heap before
{Heap before GC invocations=24 (full 6):
 PSYoungGen      total 331776K, used 301531K [0x00000000d5580000, 0x00000000eef00000, 0x0000000100000000)
  eden space 290816K, 100% used [0x00000000d5580000,0x00000000e7180000,0x00000000e7180000)
  from space 40960K, 26% used [0x00000000ec700000,0x00000000ed176c70,0x00000000eef00000)
  to   space 35840K, 0% used [0x00000000e7180000,0x00000000e7180000,0x00000000e9480000)
 ParOldGen       total 138752K, used 138644K [0x0000000080000000, 0x0000000088780000, 0x00000000d5580000)
  object space 138752K, 99% used [0x0000000080000000,0x0000000088765020,0x0000000088780000)
 Metaspace       used 100616K, capacity 105474K, committed 107544K, reserved 1142784K
  class space    used 13297K, capacity 14269K, committed 15152K, reserved 1048576K
Event: 59.884 GC heap after
Heap after GC invocations=24 (full 6):
 PSYoungGen      total 331776K, used 0K [0x00000000d5580000, 0x00000000eef00000, 0x0000000100000000)
  eden space 290816K, 0% used [0x00000000d5580000,0x00000000d5580000,0x00000000e7180000)
  from space 40960K, 0% used [0x00000000ec700000,0x00000000ec700000,0x00000000eef00000)
  to   space 35840K, 0% used [0x00000000e7180000,0x00000000e7180000,0x00000000e9480000)
 ParOldGen       total 138752K, used 72201K [0x0000000080000000, 0x0000000088780000, 0x00000000d5580000)
  object space 138752K, 52% used [0x0000000080000000,0x0000000084682508,0x0000000088780000)
 Metaspace       used 100616K, capacity 105474K, committed 107544K, reserved 1142784K
  class space    used 13297K, capacity 14269K, committed 15152K, reserved 1048576K
}
Event: 172.509 GC heap before
{Heap before GC invocations=25 (full 6):
 PSYoungGen      total 331776K, used 290816K [0x00000000d5580000, 0x00000000eef00000, 0x0000000100000000)
  eden space 290816K, 100% used [0x00000000d5580000,0x00000000e7180000,0x00000000e7180000)
  from space 40960K, 0% used [0x00000000ec700000,0x00000000ec700000,0x00000000eef00000)
  to   space 35840K, 0% used [0x00000000e7180000,0x00000000e7180000,0x00000000e9480000)
 ParOldGen       total 138752K, used 72201K [0x0000000080000000, 0x0000000088780000, 0x00000000d5580000)
  object space 138752K, 52% used [0x0000000080000000,0x0000000084682508,0x0000000088780000)
 Metaspace       used 101758K, capacity 106880K, committed 108568K, reserved 1142784K
  class space    used 13382K, capacity 14352K, committed 15152K, reserved 1048576K
Event: 172.524 GC heap after
Heap after GC invocations=25 (full 6):
 PSYoungGen      total 326656K, used 19174K [0x00000000d5580000, 0x00000000efe00000, 0x0000000100000000)
  eden space 290816K, 0% used [0x00000000d5580000,0x00000000d5580000,0x00000000e7180000)
  from space 35840K, 53% used [0x00000000e7180000,0x00000000e8439940,0x00000000e9480000)
  to   space 59392K, 0% used [0x00000000ec400000,0x00000000ec400000,0x00000000efe00000)
 ParOldGen       total 138752K, used 72209K [0x0000000080000000, 0x0000000088780000, 0x00000000d5580000)
  object space 138752K, 52% used [0x0000000080000000,0x0000000084684508,0x0000000088780000)
 Metaspace       used 101758K, capacity 106880K, committed 108568K, reserved 1142784K
  class space    used 13382K, capacity 14352K, committed 15152K, reserved 1048576K
}
Event: 366.044 GC heap before
{Heap before GC invocations=26 (full 6):
 PSYoungGen      total 326656K, used 309990K [0x00000000d5580000, 0x00000000efe00000, 0x0000000100000000)
  eden space 290816K, 100% used [0x00000000d5580000,0x00000000e7180000,0x00000000e7180000)
  from space 35840K, 53% used [0x00000000e7180000,0x00000000e8439940,0x00000000e9480000)
  to   space 59392K, 0% used [0x00000000ec400000,0x00000000ec400000,0x00000000efe00000)
 ParOldGen       total 138752K, used 72209K [0x0000000080000000, 0x0000000088780000, 0x00000000d5580000)
  object space 138752K, 52% used [0x0000000080000000,0x0000000084684508,0x0000000088780000)
 Metaspace       used 102262K, capacity 107466K, committed 109080K, reserved 1142784K
  class space    used 13406K, capacity 14393K, committed 15152K, reserved 1048576K
Event: 366.056 GC heap after
Heap after GC invocations=26 (full 6):
 PSYoungGen      total 359936K, used 15872K [0x00000000d5580000, 0x00000000ef400000, 0x0000000100000000)
  eden space 310784K, 0% used [0x00000000d5580000,0x00000000d5580000,0x00000000e8500000)
  from space 49152K, 32% used [0x00000000ec400000,0x00000000ed380060,0x00000000ef400000)
  to   space 56832K, 0% used [0x00000000e8500000,0x00000000e8500000,0x00000000ebc80000)
 ParOldGen       total 138752K, used 72217K [0x0000000080000000, 0x0000000088780000, 0x00000000d5580000)
  object space 138752K, 52% used [0x0000000080000000,0x0000000084686508,0x0000000088780000)
 Metaspace       used 102262K, capacity 107466K, committed 109080K, reserved 1142784K
  class space    used 13406K, capacity 14393K, committed 15152K, reserved 1048576K
}
Event: 438.604 GC heap before
{Heap before GC invocations=27 (full 6):
 PSYoungGen      total 359936K, used 326656K [0x00000000d5580000, 0x00000000ef400000, 0x0000000100000000)
  eden space 310784K, 100% used [0x00000000d5580000,0x00000000e8500000,0x00000000e8500000)
  from space 49152K, 32% used [0x00000000ec400000,0x00000000ed380060,0x00000000ef400000)
  to   space 56832K, 0% used [0x00000000e8500000,0x00000000e8500000,0x00000000ebc80000)
 ParOldGen       total 138752K, used 72217K [0x0000000080000000, 0x0000000088780000, 0x00000000d5580000)
  object space 138752K, 52% used [0x0000000080000000,0x0000000084686508,0x0000000088780000)
 Metaspace       used 102675K, capacity 108056K, committed 109592K, reserved 1144832K
  class space    used 13435K, capacity 14446K, committed 15152K, reserved 1048576K
Event: 438.612 GC heap after
Heap after GC invocations=27 (full 6):
 PSYoungGen      total 367616K, used 5648K [0x00000000d5580000, 0x00000000f0300000, 0x0000000100000000)
  eden space 310784K, 0% used [0x00000000d5580000,0x00000000d5580000,0x00000000e8500000)
  from space 56832K, 9% used [0x00000000e8500000,0x00000000e8a84060,0x00000000ebc80000)
  to   space 56320K, 0% used [0x00000000ecc00000,0x00000000ecc00000,0x00000000f0300000)
 ParOldGen       total 138752K, used 72225K [0x0000000080000000, 0x0000000088780000, 0x00000000d5580000)
  object space 138752K, 52% used [0x0000000080000000,0x0000000084688508,0x0000000088780000)
 Metaspace       used 102675K, capacity 108056K, committed 109592K, reserved 1144832K
  class space    used 13435K, capacity 14446K, committed 15152K, reserved 1048576K
}
Event: 457.658 GC heap before
{Heap before GC invocations=28 (full 6):
 PSYoungGen      total 367616K, used 316432K [0x00000000d5580000, 0x00000000f0300000, 0x0000000100000000)
  eden space 310784K, 100% used [0x00000000d5580000,0x00000000e8500000,0x00000000e8500000)
  from space 56832K, 9% used [0x00000000e8500000,0x00000000e8a84060,0x00000000ebc80000)
  to   space 56320K, 0% used [0x00000000ecc00000,0x00000000ecc00000,0x00000000f0300000)
 ParOldGen       total 138752K, used 72225K [0x0000000080000000, 0x0000000088780000, 0x00000000d5580000)
  object space 138752K, 52% used [0x0000000080000000,0x0000000084688508,0x0000000088780000)
 Metaspace       used 103135K, capacity 108700K, committed 110104K, reserved 1144832K
  class space    used 13470K, capacity 14510K, committed 15152K, reserved 1048576K
Event: 457.679 GC heap after
Heap after GC invocations=28 (full 6):
 PSYoungGen      total 371200K, used 22256K [0x00000000d5580000, 0x00000000efa00000, 0x0000000100000000)
  eden space 324096K, 0% used [0x00000000d5580000,0x00000000d5580000,0x00000000e9200000)
  from space 47104K, 47% used [0x00000000ecc00000,0x00000000ee1bc0a0,0x00000000efa00000)
  to   space 53248K, 0% used [0x00000000e9200000,0x00000000e9200000,0x00000000ec600000)
 ParOldGen       total 138752K, used 72233K [0x0000000080000000, 0x0000000088780000, 0x00000000d5580000)
  object space 138752K, 52% used [0x0000000080000000,0x000000008468a508,0x0000000088780000)
 Metaspace       used 103135K, capacity 108700K, committed 110104K, reserved 1144832K
  class space    used 13470K, capacity 14510K, committed 15152K, reserved 1048576K
}

