# JRE version: OpenJDK Runtime Environment (8.0_242-b01) (build 1.8.0_242-release-1644-b01)
# Java VM: OpenJDK 64-Bit Server VM (25.242-b01 mixed mode windows-amd64 compressed oops)
Heap:
 PSYoungGen      total 147456K, used 42576K [0x00000000d6180000, 0x00000000e3300000, 0x0000000100000000)
  eden space 131584K, 20% used [0x00000000d6180000,0x00000000d7b99c60,0x00000000de200000)
  from space 15872K, 99% used [0x00000000df900000,0x00000000e087a5d8,0x00000000e0880000)
  to   space 23552K, 0% used [0x00000000de200000,0x00000000de200000,0x00000000df900000)
 ParOldGen       total 65024K, used 29621K [0x0000000082400000, 0x0000000086380000, 0x00000000d6180000)
  object space 65024K, 45% used [0x0000000082400000,0x00000000840ed440,0x0000000086380000)
 Metaspace       used 47307K, capacity 48046K, committed 48512K, reserved 1091584K
  class space    used 5732K, capacity 5938K, committed 6016K, reserved 1048576K
GC Heap History (10 events):
Event: 1.885 GC heap before
{Heap before GC invocations=4 (full 1):
 PSYoungGen      total 70656K, used 5104K [0x00000000d6180000, 0x00000000deb80000, 0x0000000100000000)
  eden space 65536K, 0% used [0x00000000d6180000,0x00000000d6180000,0x00000000da180000)
  from space 5120K, 99% used [0x00000000da180000,0x00000000da67c020,0x00000000da680000)
  to   space 5120K, 0% used [0x00000000de680000,0x00000000de680000,0x00000000deb80000)
 ParOldGen       total 86016K, used 11682K [0x0000000082400000, 0x0000000087800000, 0x00000000d6180000)
  object space 86016K, 13% used [0x0000000082400000,0x0000000082f68900,0x0000000087800000)
 Metaspace       used 20777K, capacity 21164K, committed 21296K, reserved 1069056K
  class space    used 2482K, capacity 2626K, committed 2688K, reserved 1048576K
Event: 1.924 GC heap after
Heap after GC invocations=4 (full 1):
 PSYoungGen      total 70656K, used 0K [0x00000000d6180000, 0x00000000deb80000, 0x0000000100000000)
  eden space 65536K, 0% used [0x00000000d6180000,0x00000000d6180000,0x00000000da180000)
  from space 5120K, 0% used [0x00000000da180000,0x00000000da180000,0x00000000da680000)
  to   space 5120K, 0% used [0x00000000de680000,0x00000000de680000,0x00000000deb80000)
 ParOldGen       total 65024K, used 9219K [0x0000000082400000, 0x0000000086380000, 0x00000000d6180000)
  object space 65024K, 14% used [0x0000000082400000,0x0000000082d00c38,0x0000000086380000)
 Metaspace       used 20777K, capacity 21164K, committed 21296K, reserved 1069056K
  class space    used 2482K, capacity 2626K, committed 2688K, reserved 1048576K
}
Event: 2.858 GC heap before
{Heap before GC invocations=5 (full 1):
 PSYoungGen      total 70656K, used 65536K [0x00000000d6180000, 0x00000000deb80000, 0x0000000100000000)
  eden space 65536K, 100% used [0x00000000d6180000,0x00000000da180000,0x00000000da180000)
  from space 5120K, 0% used [0x00000000da180000,0x00000000da180000,0x00000000da680000)
  to   space 5120K, 0% used [0x00000000de680000,0x00000000de680000,0x00000000deb80000)
 ParOldGen       total 65024K, used 9219K [0x0000000082400000, 0x0000000086380000, 0x00000000d6180000)
  object space 65024K, 14% used [0x0000000082400000,0x0000000082d00c38,0x0000000086380000)
 Metaspace       used 29428K, capacity 29857K, committed 30208K, reserved 1075200K
  class space    used 3652K, capacity 3784K, committed 3840K, reserved 1048576K
Event: 2.870 GC heap after
Heap after GC invocations=5 (full 1):
 PSYoungGen      total 100352K, used 5090K [0x00000000d6180000, 0x00000000deb80000, 0x0000000100000000)
  eden space 95232K, 0% used [0x00000000d6180000,0x00000000d6180000,0x00000000dbe80000)
  from space 5120K, 99% used [0x00000000de680000,0x00000000deb78918,0x00000000deb80000)
  to   space 5120K, 0% used [0x00000000de180000,0x00000000de180000,0x00000000de680000)
 ParOldGen       total 65024K, used 20205K [0x0000000082400000, 0x0000000086380000, 0x00000000d6180000)
  object space 65024K, 31% used [0x0000000082400000,0x00000000837bb6f0,0x0000000086380000)
 Metaspace       used 29428K, capacity 29857K, committed 30208K, reserved 1075200K
  class space    used 3652K, capacity 3784K, committed 3840K, reserved 1048576K
}
Event: 3.472 GC heap before
{Heap before GC invocations=6 (full 1):
 PSYoungGen      total 100352K, used 33612K [0x00000000d6180000, 0x00000000deb80000, 0x0000000100000000)
  eden space 95232K, 29% used [0x00000000d6180000,0x00000000d7d5a720,0x00000000dbe80000)
  from space 5120K, 99% used [0x00000000de680000,0x00000000deb78918,0x00000000deb80000)
  to   space 5120K, 0% used [0x00000000de180000,0x00000000de180000,0x00000000de680000)
 ParOldGen       total 65024K, used 20205K [0x0000000082400000, 0x0000000086380000, 0x00000000d6180000)
  object space 65024K, 31% used [0x0000000082400000,0x00000000837bb6f0,0x0000000086380000)
 Metaspace       used 34667K, capacity 35153K, committed 35456K, reserved 1079296K
  class space    used 4482K, capacity 4616K, committed 4736K, reserved 1048576K
Event: 3.483 GC heap after
Heap after GC invocations=6 (full 1):
 PSYoungGen      total 136192K, used 5099K [0x00000000d6180000, 0x00000000e0880000, 0x0000000100000000)
  eden space 131072K, 0% used [0x00000000d6180000,0x00000000d6180000,0x00000000de180000)
  from space 5120K, 99% used [0x00000000de180000,0x00000000de67add8,0x00000000de680000)
  to   space 15872K, 0% used [0x00000000df900000,0x00000000df900000,0x00000000e0880000)
 ParOldGen       total 65024K, used 26730K [0x0000000082400000, 0x0000000086380000, 0x00000000d6180000)
  object space 65024K, 41% used [0x0000000082400000,0x0000000083e1abd0,0x0000000086380000)
 Metaspace       used 34667K, capacity 35153K, committed 35456K, reserved 1079296K
  class space    used 4482K, capacity 4616K, committed 4736K, reserved 1048576K
}
Event: 3.483 GC heap before
{Heap before GC invocations=7 (full 2):
 PSYoungGen      total 136192K, used 5099K [0x00000000d6180000, 0x00000000e0880000, 0x0000000100000000)
  eden space 131072K, 0% used [0x00000000d6180000,0x00000000d6180000,0x00000000de180000)
  from space 5120K, 99% used [0x00000000de180000,0x00000000de67add8,0x00000000de680000)
  to   space 15872K, 0% used [0x00000000df900000,0x00000000df900000,0x00000000e0880000)
 ParOldGen       total 65024K, used 26730K [0x0000000082400000, 0x0000000086380000, 0x00000000d6180000)
  object space 65024K, 41% used [0x0000000082400000,0x0000000083e1abd0,0x0000000086380000)
 Metaspace       used 34667K, capacity 35153K, committed 35456K, reserved 1079296K
  class space    used 4482K, capacity 4616K, committed 4736K, reserved 1048576K
Event: 3.581 GC heap after
Heap after GC invocations=7 (full 2):
 PSYoungGen      total 136192K, used 0K [0x00000000d6180000, 0x00000000e0880000, 0x0000000100000000)
  eden space 131072K, 0% used [0x00000000d6180000,0x00000000d6180000,0x00000000de180000)
  from space 5120K, 0% used [0x00000000de180000,0x00000000de180000,0x00000000de680000)
  to   space 15872K, 0% used [0x00000000df900000,0x00000000df900000,0x00000000e0880000)
 ParOldGen       total 65024K, used 19196K [0x0000000082400000, 0x0000000086380000, 0x00000000d6180000)
  object space 65024K, 29% used [0x0000000082400000,0x00000000836bf2c8,0x0000000086380000)
 Metaspace       used 34667K, capacity 35153K, committed 35456K, reserved 1079296K
  class space    used 4482K, capacity 4616K, committed 4736K, reserved 1048576K
}
Event: 5.761 GC heap before
{Heap before GC invocations=8 (full 2):
 PSYoungGen      total 136192K, used 131072K [0x00000000d6180000, 0x00000000e0880000, 0x0000000100000000)
  eden space 131072K, 100% used [0x00000000d6180000,0x00000000de180000,0x00000000de180000)
  from space 5120K, 0% used [0x00000000de180000,0x00000000de180000,0x00000000de680000)
  to   space 15872K, 0% used [0x00000000df900000,0x00000000df900000,0x00000000e0880000)
 ParOldGen       total 65024K, used 19196K [0x0000000082400000, 0x0000000086380000, 0x00000000d6180000)
  object space 65024K, 29% used [0x0000000082400000,0x00000000836bf2c8,0x0000000086380000)
 Metaspace       used 44512K, capacity 45218K, committed 45696K, reserved 1089536K
  class space    used 5478K, capacity 5666K, committed 5760K, reserved 1048576K
Event: 5.781 GC heap after
Heap after GC invocations=8 (full 2):
 PSYoungGen      total 147456K, used 15849K [0x00000000d6180000, 0x00000000e3300000, 0x0000000100000000)
  eden space 131584K, 0% used [0x00000000d6180000,0x00000000d6180000,0x00000000de200000)
  from space 15872K, 99% used [0x00000000df900000,0x00000000e087a5d8,0x00000000e0880000)
  to   space 23552K, 0% used [0x00000000de200000,0x00000000de200000,0x00000000df900000)
 ParOldGen       total 65024K, used 29621K [0x0000000082400000, 0x0000000086380000, 0x00000000d6180000)
  object space 65024K, 45% used [0x0000000082400000,0x00000000840ed440,0x0000000086380000)
 Metaspace       used 44512K, capacity 45218K, committed 45696K, reserved 1089536K
  class space    used 5478K, capacity 5666K, committed 5760K, reserved 1048576K
}

