# JRE version: OpenJDK Runtime Environment (8.0_242-b01) (build 1.8.0_242-release-1644-b01)
# Java VM: OpenJDK 64-Bit Server VM (25.242-b01 mixed mode windows-amd64 compressed oops)
Heap:
 PSYoungGen      total 412672K, used 249948K [0x00000000d5580000, 0x00000000f9f80000, 0x0000000100000000)
  eden space 337408K, 51% used [0x00000000d5580000,0x00000000e001cd10,0x00000000e9f00000)
  from space 75264K, 99% used [0x00000000e9f00000,0x00000000ee87a600,0x00000000ee880000)
  to   space 103424K, 0% used [0x00000000f3a80000,0x00000000f3a80000,0x00000000f9f80000)
 ParOldGen       total 259072K, used 153875K [0x0000000080000000, 0x000000008fd00000, 0x00000000d5580000)
  object space 259072K, 59% used [0x0000000080000000,0x0000000089644f10,0x000000008fd00000)
 Metaspace       used 101218K, capacity 106430K, committed 108440K, reserved 1142784K
  class space    used 13225K, capacity 14239K, committed 15024K, reserved 1048576K
GC Heap History (10 events):
Event: 24.688 GC heap before
{Heap before GC invocations=21 (full 4):
 PSYoungGen      total 318976K, used 263680K [0x00000000d5580000, 0x00000000ee080000, 0x0000000100000000)
  eden space 263680K, 100% used [0x00000000d5580000,0x00000000e5700000,0x00000000e5700000)
  from space 55296K, 0% used [0x00000000e9400000,0x00000000e9400000,0x00000000eca00000)
  to   space 62464K, 0% used [0x00000000e5700000,0x00000000e5700000,0x00000000e9400000)
 ParOldGen       total 259072K, used 94479K [0x0000000080000000, 0x000000008fd00000, 0x00000000d5580000)
  object space 259072K, 36% used [0x0000000080000000,0x0000000085c43cc0,0x000000008fd00000)
 Metaspace       used 94823K, capacity 99552K, committed 102296K, reserved 1136640K
  class space    used 12784K, capacity 13684K, committed 14512K, reserved 1048576K
Event: 24.755 GC heap after
Heap after GC invocations=21 (full 4):
 PSYoungGen      total 326144K, used 62446K [0x00000000d5580000, 0x00000000f1c80000, 0x0000000100000000)
  eden space 263680K, 0% used [0x00000000d5580000,0x00000000d5580000,0x00000000e5700000)
  from space 62464K, 99% used [0x00000000e5700000,0x00000000e93fb848,0x00000000e9400000)
  to   space 77824K, 0% used [0x00000000ed080000,0x00000000ed080000,0x00000000f1c80000)
 ParOldGen       total 259072K, used 108814K [0x0000000080000000, 0x000000008fd00000, 0x00000000d5580000)
  object space 259072K, 42% used [0x0000000080000000,0x0000000086a439e8,0x000000008fd00000)
 Metaspace       used 94823K, capacity 99552K, committed 102296K, reserved 1136640K
  class space    used 12784K, capacity 13684K, committed 14512K, reserved 1048576K
}
Event: 92.388 GC heap before
{Heap before GC invocations=22 (full 4):
 PSYoungGen      total 326144K, used 326126K [0x00000000d5580000, 0x00000000f1c80000, 0x0000000100000000)
  eden space 263680K, 100% used [0x00000000d5580000,0x00000000e5700000,0x00000000e5700000)
  from space 62464K, 99% used [0x00000000e5700000,0x00000000e93fb848,0x00000000e9400000)
  to   space 77824K, 0% used [0x00000000ed080000,0x00000000ed080000,0x00000000f1c80000)
 ParOldGen       total 259072K, used 108814K [0x0000000080000000, 0x000000008fd00000, 0x00000000d5580000)
  object space 259072K, 42% used [0x0000000080000000,0x0000000086a439e8,0x000000008fd00000)
 Metaspace       used 99478K, capacity 104368K, committed 106776K, reserved 1140736K
  class space    used 13173K, capacity 14142K, committed 14896K, reserved 1048576K
Event: 92.424 GC heap after
Heap after GC invocations=22 (full 4):
 PSYoungGen      total 373760K, used 43387K [0x00000000d5580000, 0x00000000f1580000, 0x0000000100000000)
  eden space 303104K, 0% used [0x00000000d5580000,0x00000000d5580000,0x00000000e7d80000)
  from space 70656K, 61% used [0x00000000ed080000,0x00000000efadef60,0x00000000f1580000)
  to   space 77824K, 0% used [0x00000000e7d80000,0x00000000e7d80000,0x00000000ec980000)
 ParOldGen       total 259072K, used 108822K [0x0000000080000000, 0x000000008fd00000, 0x00000000d5580000)
  object space 259072K, 42% used [0x0000000080000000,0x0000000086a459e8,0x000000008fd00000)
 Metaspace       used 99478K, capacity 104368K, committed 106776K, reserved 1140736K
  class space    used 13173K, capacity 14142K, committed 14896K, reserved 1048576K
}
Event: 235.516 GC heap before
{Heap before GC invocations=23 (full 4):
 PSYoungGen      total 373760K, used 346491K [0x00000000d5580000, 0x00000000f1580000, 0x0000000100000000)
  eden space 303104K, 100% used [0x00000000d5580000,0x00000000e7d80000,0x00000000e7d80000)
  from space 70656K, 61% used [0x00000000ed080000,0x00000000efadef60,0x00000000f1580000)
  to   space 77824K, 0% used [0x00000000e7d80000,0x00000000e7d80000,0x00000000ec980000)
 ParOldGen       total 259072K, used 108822K [0x0000000080000000, 0x000000008fd00000, 0x00000000d5580000)
  object space 259072K, 42% used [0x0000000080000000,0x0000000086a459e8,0x000000008fd00000)
 Metaspace       used 100386K, capacity 105420K, committed 107672K, reserved 1142784K
  class space    used 13202K, capacity 14208K, committed 15024K, reserved 1048576K
Event: 235.551 GC heap after
Heap after GC invocations=23 (full 4):
 PSYoungGen      total 380928K, used 33676K [0x00000000d5580000, 0x00000000f3380000, 0x0000000100000000)
  eden space 303104K, 0% used [0x00000000d5580000,0x00000000d5580000,0x00000000e7d80000)
  from space 77824K, 43% used [0x00000000e7d80000,0x00000000e9e63210,0x00000000ec980000)
  to   space 74240K, 0% used [0x00000000eeb00000,0x00000000eeb00000,0x00000000f3380000)
 ParOldGen       total 259072K, used 108830K [0x0000000080000000, 0x000000008fd00000, 0x00000000d5580000)
  object space 259072K, 42% used [0x0000000080000000,0x0000000086a479e8,0x000000008fd00000)
 Metaspace       used 100386K, capacity 105420K, committed 107672K, reserved 1142784K
  class space    used 13202K, capacity 14208K, committed 15024K, reserved 1048576K
}
Event: 240.937 GC heap before
{Heap before GC invocations=24 (full 4):
 PSYoungGen      total 380928K, used 336780K [0x00000000d5580000, 0x00000000f3380000, 0x0000000100000000)
  eden space 303104K, 100% used [0x00000000d5580000,0x00000000e7d80000,0x00000000e7d80000)
  from space 77824K, 43% used [0x00000000e7d80000,0x00000000e9e63210,0x00000000ec980000)
  to   space 74240K, 0% used [0x00000000eeb00000,0x00000000eeb00000,0x00000000f3380000)
 ParOldGen       total 259072K, used 108830K [0x0000000080000000, 0x000000008fd00000, 0x00000000d5580000)
  object space 259072K, 42% used [0x0000000080000000,0x0000000086a479e8,0x000000008fd00000)
 Metaspace       used 100902K, capacity 105984K, committed 107928K, reserved 1142784K
  class space    used 13217K, capacity 14232K, committed 15024K, reserved 1048576K
Event: 240.980 GC heap after
Heap after GC invocations=24 (full 4):
 PSYoungGen      total 410112K, used 45341K [0x00000000d5580000, 0x00000000f3200000, 0x0000000100000000)
  eden space 337408K, 0% used [0x00000000d5580000,0x00000000d5580000,0x00000000e9f00000)
  from space 72704K, 62% used [0x00000000eeb00000,0x00000000f17476b0,0x00000000f3200000)
  to   space 75264K, 0% used [0x00000000e9f00000,0x00000000e9f00000,0x00000000ee880000)
 ParOldGen       total 259072K, used 108838K [0x0000000080000000, 0x000000008fd00000, 0x00000000d5580000)
  object space 259072K, 42% used [0x0000000080000000,0x0000000086a499e8,0x000000008fd00000)
 Metaspace       used 100902K, capacity 105984K, committed 107928K, reserved 1142784K
  class space    used 13217K, capacity 14232K, committed 15024K, reserved 1048576K
}
Event: 242.465 GC heap before
{Heap before GC invocations=25 (full 4):
 PSYoungGen      total 410112K, used 382749K [0x00000000d5580000, 0x00000000f3200000, 0x0000000100000000)
  eden space 337408K, 100% used [0x00000000d5580000,0x00000000e9f00000,0x00000000e9f00000)
  from space 72704K, 62% used [0x00000000eeb00000,0x00000000f17476b0,0x00000000f3200000)
  to   space 75264K, 0% used [0x00000000e9f00000,0x00000000e9f00000,0x00000000ee880000)
 ParOldGen       total 259072K, used 108838K [0x0000000080000000, 0x000000008fd00000, 0x00000000d5580000)
  object space 259072K, 42% used [0x0000000080000000,0x0000000086a499e8,0x000000008fd00000)
 Metaspace       used 101159K, capacity 106350K, committed 108184K, reserved 1142784K
  class space    used 13221K, capacity 14237K, committed 15024K, reserved 1048576K
Event: 242.563 GC heap after
Heap after GC invocations=25 (full 4):
 PSYoungGen      total 412672K, used 75241K [0x00000000d5580000, 0x00000000f9f80000, 0x0000000100000000)
  eden space 337408K, 0% used [0x00000000d5580000,0x00000000d5580000,0x00000000e9f00000)
  from space 75264K, 99% used [0x00000000e9f00000,0x00000000ee87a600,0x00000000ee880000)
  to   space 103424K, 0% used [0x00000000f3a80000,0x00000000f3a80000,0x00000000f9f80000)
 ParOldGen       total 259072K, used 153875K [0x0000000080000000, 0x000000008fd00000, 0x00000000d5580000)
  object space 259072K, 59% used [0x0000000080000000,0x0000000089644f10,0x000000008fd00000)
 Metaspace       used 101159K, capacity 106350K, committed 108184K, reserved 1142784K
  class space    used 13221K, capacity 14237K, committed 15024K, reserved 1048576K
}

