# JRE version: OpenJDK Runtime Environment (8.0_242-b01) (build 1.8.0_242-release-1644-b01)
# Java VM: OpenJDK 64-Bit Server VM (25.242-b01 mixed mode windows-amd64 compressed oops)
Heap:
 PSYoungGen      total 102400K, used 33900K [0x00000000d5580000, 0x00000000dc480000, 0x0000000100000000)
  eden space 91136K, 30% used [0x00000000d5580000,0x00000000d70c8a48,0x00000000dae80000)
  from space 11264K, 52% used [0x00000000dae80000,0x00000000db452950,0x00000000db980000)
  to   space 10752K, 0% used [0x00000000dba00000,0x00000000dba00000,0x00000000dc480000)
 ParOldGen       total 83456K, used 15251K [0x0000000080000000, 0x0000000085180000, 0x00000000d5580000)
  object space 83456K, 18% used [0x0000000080000000,0x0000000080ee4d78,0x0000000085180000)
 Metaspace       used 38671K, capacity 40346K, committed 40616K, reserved 1083392K
  class space    used 5335K, capacity 5691K, committed 5808K, reserved 1048576K
GC Heap History (10 events):
Event: 4.228 GC heap before
{Heap before GC invocations=9 (full 1):
 PSYoungGen      total 75264K, used 64512K [0x00000000d5580000, 0x00000000daa80000, 0x0000000100000000)
  eden space 64512K, 100% used [0x00000000d5580000,0x00000000d9480000,0x00000000d9480000)
  from space 10752K, 0% used [0x00000000d9480000,0x00000000d9480000,0x00000000d9f00000)
  to   space 9728K, 0% used [0x00000000d9f00000,0x00000000d9f00000,0x00000000da880000)
 ParOldGen       total 51200K, used 6976K [0x0000000080000000, 0x0000000083200000, 0x00000000d5580000)
  object space 51200K, 13% used [0x0000000080000000,0x00000000806d03d0,0x0000000083200000)
 Metaspace       used 28450K, capacity 29310K, committed 29616K, reserved 1075200K
  class space    used 3937K, capacity 4187K, committed 4272K, reserved 1048576K
Event: 4.233 GC heap after
Heap after GC invocations=9 (full 1):
 PSYoungGen      total 73728K, used 8063K [0x00000000d5580000, 0x00000000dd880000, 0x0000000100000000)
  eden space 64000K, 0% used [0x00000000d5580000,0x00000000d5580000,0x00000000d9400000)
  from space 9728K, 82% used [0x00000000d9f00000,0x00000000da6dfd78,0x00000000da880000)
  to   space 11264K, 0% used [0x00000000d9400000,0x00000000d9400000,0x00000000d9f00000)
 ParOldGen       total 51200K, used 6984K [0x0000000080000000, 0x0000000083200000, 0x00000000d5580000)
  object space 51200K, 13% used [0x0000000080000000,0x00000000806d23d0,0x0000000083200000)
 Metaspace       used 28450K, capacity 29310K, committed 29616K, reserved 1075200K
  class space    used 3937K, capacity 4187K, committed 4272K, reserved 1048576K
}
Event: 4.904 GC heap before
{Heap before GC invocations=10 (full 1):
 PSYoungGen      total 73728K, used 72063K [0x00000000d5580000, 0x00000000dd880000, 0x0000000100000000)
  eden space 64000K, 100% used [0x00000000d5580000,0x00000000d9400000,0x00000000d9400000)
  from space 9728K, 82% used [0x00000000d9f00000,0x00000000da6dfd78,0x00000000da880000)
  to   space 11264K, 0% used [0x00000000d9400000,0x00000000d9400000,0x00000000d9f00000)
 ParOldGen       total 51200K, used 6984K [0x0000000080000000, 0x0000000083200000, 0x00000000d5580000)
  object space 51200K, 13% used [0x0000000080000000,0x00000000806d23d0,0x0000000083200000)
 Metaspace       used 32650K, capacity 33636K, committed 33712K, reserved 1079296K
  class space    used 4453K, capacity 4718K, committed 4784K, reserved 1048576K
Event: 4.915 GC heap after
Heap after GC invocations=10 (full 1):
 PSYoungGen      total 75264K, used 9554K [0x00000000d5580000, 0x00000000dc580000, 0x0000000100000000)
  eden space 64000K, 0% used [0x00000000d5580000,0x00000000d5580000,0x00000000d9400000)
  from space 11264K, 84% used [0x00000000d9400000,0x00000000d9d54a38,0x00000000d9f00000)
  to   space 11776K, 0% used [0x00000000dba00000,0x00000000dba00000,0x00000000dc580000)
 ParOldGen       total 51200K, used 6992K [0x0000000080000000, 0x0000000083200000, 0x00000000d5580000)
  object space 51200K, 13% used [0x0000000080000000,0x00000000806d43d0,0x0000000083200000)
 Metaspace       used 32650K, capacity 33636K, committed 33712K, reserved 1079296K
  class space    used 4453K, capacity 4718K, committed 4784K, reserved 1048576K
}
Event: 5.222 GC heap before
{Heap before GC invocations=11 (full 1):
 PSYoungGen      total 75264K, used 46745K [0x00000000d5580000, 0x00000000dc580000, 0x0000000100000000)
  eden space 64000K, 58% used [0x00000000d5580000,0x00000000d79d1cf8,0x00000000d9400000)
  from space 11264K, 84% used [0x00000000d9400000,0x00000000d9d54a38,0x00000000d9f00000)
  to   space 11776K, 0% used [0x00000000dba00000,0x00000000dba00000,0x00000000dc580000)
 ParOldGen       total 51200K, used 6992K [0x0000000080000000, 0x0000000083200000, 0x00000000d5580000)
  object space 51200K, 13% used [0x0000000080000000,0x00000000806d43d0,0x0000000083200000)
 Metaspace       used 34271K, capacity 35412K, committed 35496K, reserved 1079296K
  class space    used 4719K, capacity 5001K, committed 5040K, reserved 1048576K
Event: 5.231 GC heap after
Heap after GC invocations=11 (full 1):
 PSYoungGen      total 101888K, used 5944K [0x00000000d5580000, 0x00000000dc480000, 0x0000000100000000)
  eden space 91136K, 0% used [0x00000000d5580000,0x00000000d5580000,0x00000000dae80000)
  from space 10752K, 55% used [0x00000000dba00000,0x00000000dbfce310,0x00000000dc480000)
  to   space 11264K, 0% used [0x00000000dae80000,0x00000000dae80000,0x00000000db980000)
 ParOldGen       total 51200K, used 10100K [0x0000000080000000, 0x0000000083200000, 0x00000000d5580000)
  object space 51200K, 19% used [0x0000000080000000,0x00000000809dd278,0x0000000083200000)
 Metaspace       used 34271K, capacity 35412K, committed 35496K, reserved 1079296K
  class space    used 4719K, capacity 5001K, committed 5040K, reserved 1048576K
}
Event: 5.231 GC heap before
{Heap before GC invocations=12 (full 2):
 PSYoungGen      total 101888K, used 5944K [0x00000000d5580000, 0x00000000dc480000, 0x0000000100000000)
  eden space 91136K, 0% used [0x00000000d5580000,0x00000000d5580000,0x00000000dae80000)
  from space 10752K, 55% used [0x00000000dba00000,0x00000000dbfce310,0x00000000dc480000)
  to   space 11264K, 0% used [0x00000000dae80000,0x00000000dae80000,0x00000000db980000)
 ParOldGen       total 51200K, used 10100K [0x0000000080000000, 0x0000000083200000, 0x00000000d5580000)
  object space 51200K, 19% used [0x0000000080000000,0x00000000809dd278,0x0000000083200000)
 Metaspace       used 34271K, capacity 35412K, committed 35496K, reserved 1079296K
  class space    used 4719K, capacity 5001K, committed 5040K, reserved 1048576K
Event: 5.352 GC heap after
Heap after GC invocations=12 (full 2):
 PSYoungGen      total 101888K, used 0K [0x00000000d5580000, 0x00000000dc480000, 0x0000000100000000)
  eden space 91136K, 0% used [0x00000000d5580000,0x00000000d5580000,0x00000000dae80000)
  from space 10752K, 0% used [0x00000000dba00000,0x00000000dba00000,0x00000000dc480000)
  to   space 11264K, 0% used [0x00000000dae80000,0x00000000dae80000,0x00000000db980000)
 ParOldGen       total 83456K, used 15243K [0x0000000080000000, 0x0000000085180000, 0x00000000d5580000)
  object space 83456K, 18% used [0x0000000080000000,0x0000000080ee2d78,0x0000000085180000)
 Metaspace       used 34271K, capacity 35412K, committed 35496K, reserved 1079296K
  class space    used 4719K, capacity 5001K, committed 5040K, reserved 1048576K
}
Event: 6.074 GC heap before
{Heap before GC invocations=13 (full 2):
 PSYoungGen      total 101888K, used 91136K [0x00000000d5580000, 0x00000000dc480000, 0x0000000100000000)
  eden space 91136K, 100% used [0x00000000d5580000,0x00000000dae80000,0x00000000dae80000)
  from space 10752K, 0% used [0x00000000dba00000,0x00000000dba00000,0x00000000dc480000)
  to   space 11264K, 0% used [0x00000000dae80000,0x00000000dae80000,0x00000000db980000)
 ParOldGen       total 83456K, used 15243K [0x0000000080000000, 0x0000000085180000, 0x00000000d5580000)
  object space 83456K, 18% used [0x0000000080000000,0x0000000080ee2d78,0x0000000085180000)
 Metaspace       used 36732K, capacity 38302K, committed 38440K, reserved 1083392K
  class space    used 5057K, capacity 5350K, committed 5424K, reserved 1048576K
Event: 6.080 GC heap after
Heap after GC invocations=13 (full 2):
 PSYoungGen      total 102400K, used 5962K [0x00000000d5580000, 0x00000000dc480000, 0x0000000100000000)
  eden space 91136K, 0% used [0x00000000d5580000,0x00000000d5580000,0x00000000dae80000)
  from space 11264K, 52% used [0x00000000dae80000,0x00000000db452950,0x00000000db980000)
  to   space 10752K, 0% used [0x00000000dba00000,0x00000000dba00000,0x00000000dc480000)
 ParOldGen       total 83456K, used 15251K [0x0000000080000000, 0x0000000085180000, 0x00000000d5580000)
  object space 83456K, 18% used [0x0000000080000000,0x0000000080ee4d78,0x0000000085180000)
 Metaspace       used 36732K, capacity 38302K, committed 38440K, reserved 1083392K
  class space    used 5057K, capacity 5350K, committed 5424K, reserved 1048576K
}

