# JRE version: OpenJDK Runtime Environment (8.0_242-b01) (build 1.8.0_242-release-1644-b01)
# Java VM: OpenJDK 64-Bit Server VM (25.242-b01 mixed mode windows-amd64 compressed oops)
Heap:
 PSYoungGen      total 309760K, used 163606K [0x00000000d5580000, 0x00000000e9d80000, 0x0000000100000000)
  eden space 285696K, 48% used [0x00000000d5580000,0x00000000dddca8a8,0x00000000e6c80000)
  from space 24064K, 99% used [0x00000000e6c80000,0x00000000e83fb050,0x00000000e8400000)
  to   space 18432K, 13% used [0x00000000e8400000,0x00000000e866c1c0,0x00000000e9600000)
 ParOldGen       total 129536K, used 49733K [0x0000000080000000, 0x0000000087e80000, 0x00000000d5580000)
  object space 129536K, 38% used [0x0000000080000000,0x0000000083099618,0x0000000087e80000)
 Metaspace       used 70767K, capacity 74176K, committed 74264K, reserved 1118208K
  class space    used 9603K, capacity 10263K, committed 10288K, reserved 1048576K
GC Heap History (10 events):
Event: 5.785 GC heap before
{Heap before GC invocations=10 (full 2):
 PSYoungGen      total 235008K, used 8940K [0x00000000d5580000, 0x00000000e4b00000, 0x0000000100000000)
  eden space 220160K, 0% used [0x00000000d5580000,0x00000000d5580000,0x00000000e2c80000)
  from space 14848K, 60% used [0x00000000e3b00000,0x00000000e43bb300,0x00000000e4980000)
  to   space 14848K, 0% used [0x00000000e2c80000,0x00000000e2c80000,0x00000000e3b00000)
 ParOldGen       total 55296K, used 9574K [0x0000000080000000, 0x0000000083600000, 0x00000000d5580000)
  object space 55296K, 17% used [0x0000000080000000,0x0000000080959868,0x0000000083600000)
 Metaspace       used 34275K, capacity 35412K, committed 35496K, reserved 1079296K
  class space    used 4720K, capacity 5001K, committed 5040K, reserved 1048576K
Event: 5.836 GC heap after
Heap after GC invocations=10 (full 2):
 PSYoungGen      total 235008K, used 0K [0x00000000d5580000, 0x00000000e4b00000, 0x0000000100000000)
  eden space 220160K, 0% used [0x00000000d5580000,0x00000000d5580000,0x00000000e2c80000)
  from space 14848K, 0% used [0x00000000e3b00000,0x00000000e3b00000,0x00000000e4980000)
  to   space 14848K, 0% used [0x00000000e2c80000,0x00000000e2c80000,0x00000000e3b00000)
 ParOldGen       total 81408K, used 15354K [0x0000000080000000, 0x0000000084f80000, 0x00000000d5580000)
  object space 81408K, 18% used [0x0000000080000000,0x0000000080efebd0,0x0000000084f80000)
 Metaspace       used 34275K, capacity 35412K, committed 35496K, reserved 1079296K
  class space    used 4720K, capacity 5001K, committed 5040K, reserved 1048576K
}
Event: 7.926 GC heap before
{Heap before GC invocations=11 (full 2):
 PSYoungGen      total 235008K, used 220160K [0x00000000d5580000, 0x00000000e4b00000, 0x0000000100000000)
  eden space 220160K, 100% used [0x00000000d5580000,0x00000000e2c80000,0x00000000e2c80000)
  from space 14848K, 0% used [0x00000000e3b00000,0x00000000e3b00000,0x00000000e4980000)
  to   space 14848K, 0% used [0x00000000e2c80000,0x00000000e2c80000,0x00000000e3b00000)
 ParOldGen       total 81408K, used 15354K [0x0000000080000000, 0x0000000084f80000, 0x00000000d5580000)
  object space 81408K, 18% used [0x0000000080000000,0x0000000080efebd0,0x0000000084f80000)
 Metaspace       used 45502K, capacity 47386K, committed 47528K, reserved 1089536K
  class space    used 6156K, capacity 6497K, committed 6576K, reserved 1048576K
Event: 7.941 GC heap after
Heap after GC invocations=11 (full 2):
 PSYoungGen      total 235008K, used 14826K [0x00000000d5580000, 0x00000000e9600000, 0x0000000100000000)
  eden space 220160K, 0% used [0x00000000d5580000,0x00000000d5580000,0x00000000e2c80000)
  from space 14848K, 99% used [0x00000000e2c80000,0x00000000e3afabe8,0x00000000e3b00000)
  to   space 18432K, 0% used [0x00000000e8400000,0x00000000e8400000,0x00000000e9600000)
 ParOldGen       total 81408K, used 19645K [0x0000000080000000, 0x0000000084f80000, 0x00000000d5580000)
  object space 81408K, 24% used [0x0000000080000000,0x000000008132f568,0x0000000084f80000)
 Metaspace       used 45502K, capacity 47386K, committed 47528K, reserved 1089536K
  class space    used 6156K, capacity 6497K, committed 6576K, reserved 1048576K
}
Event: 9.628 GC heap before
{Heap before GC invocations=12 (full 2):
 PSYoungGen      total 235008K, used 160814K [0x00000000d5580000, 0x00000000e9600000, 0x0000000100000000)
  eden space 220160K, 66% used [0x00000000d5580000,0x00000000de410e58,0x00000000e2c80000)
  from space 14848K, 99% used [0x00000000e2c80000,0x00000000e3afabe8,0x00000000e3b00000)
  to   space 18432K, 0% used [0x00000000e8400000,0x00000000e8400000,0x00000000e9600000)
 ParOldGen       total 81408K, used 19645K [0x0000000080000000, 0x0000000084f80000, 0x00000000d5580000)
  object space 81408K, 24% used [0x0000000080000000,0x000000008132f568,0x0000000084f80000)
 Metaspace       used 56727K, capacity 59040K, committed 59160K, reserved 1099776K
  class space    used 7687K, capacity 8165K, committed 8240K, reserved 1048576K
Event: 9.650 GC heap after
Heap after GC invocations=12 (full 2):
 PSYoungGen      total 304128K, used 18418K [0x00000000d5580000, 0x00000000e9d80000, 0x0000000100000000)
  eden space 285696K, 0% used [0x00000000d5580000,0x00000000d5580000,0x00000000e6c80000)
  from space 18432K, 99% used [0x00000000e8400000,0x00000000e95fc870,0x00000000e9600000)
  to   space 24064K, 0% used [0x00000000e6c80000,0x00000000e6c80000,0x00000000e8400000)
 ParOldGen       total 81408K, used 26995K [0x0000000080000000, 0x0000000084f80000, 0x00000000d5580000)
  object space 81408K, 33% used [0x0000000080000000,0x0000000081a5cc90,0x0000000084f80000)
 Metaspace       used 56727K, capacity 59040K, committed 59160K, reserved 1099776K
  class space    used 7687K, capacity 8165K, committed 8240K, reserved 1048576K
}
Event: 9.650 GC heap before
{Heap before GC invocations=13 (full 3):
 PSYoungGen      total 304128K, used 18418K [0x00000000d5580000, 0x00000000e9d80000, 0x0000000100000000)
  eden space 285696K, 0% used [0x00000000d5580000,0x00000000d5580000,0x00000000e6c80000)
  from space 18432K, 99% used [0x00000000e8400000,0x00000000e95fc870,0x00000000e9600000)
  to   space 24064K, 0% used [0x00000000e6c80000,0x00000000e6c80000,0x00000000e8400000)
 ParOldGen       total 81408K, used 26995K [0x0000000080000000, 0x0000000084f80000, 0x00000000d5580000)
  object space 81408K, 33% used [0x0000000080000000,0x0000000081a5cc90,0x0000000084f80000)
 Metaspace       used 56727K, capacity 59040K, committed 59160K, reserved 1099776K
  class space    used 7687K, capacity 8165K, committed 8240K, reserved 1048576K
Event: 9.898 GC heap after
Heap after GC invocations=13 (full 3):
 PSYoungGen      total 304128K, used 0K [0x00000000d5580000, 0x00000000e9d80000, 0x0000000100000000)
  eden space 285696K, 0% used [0x00000000d5580000,0x00000000d5580000,0x00000000e6c80000)
  from space 18432K, 0% used [0x00000000e8400000,0x00000000e8400000,0x00000000e9600000)
  to   space 24064K, 0% used [0x00000000e6c80000,0x00000000e6c80000,0x00000000e8400000)
 ParOldGen       total 129536K, used 38158K [0x0000000080000000, 0x0000000087e80000, 0x00000000d5580000)
  object space 129536K, 29% used [0x0000000080000000,0x0000000082543810,0x0000000087e80000)
 Metaspace       used 56681K, capacity 58884K, committed 59160K, reserved 1099776K
  class space    used 7673K, capacity 8139K, committed 8240K, reserved 1048576K
}
Event: 13.378 GC heap before
{Heap before GC invocations=14 (full 3):
 PSYoungGen      total 304128K, used 285696K [0x00000000d5580000, 0x00000000e9d80000, 0x0000000100000000)
  eden space 285696K, 100% used [0x00000000d5580000,0x00000000e6c80000,0x00000000e6c80000)
  from space 18432K, 0% used [0x00000000e8400000,0x00000000e8400000,0x00000000e9600000)
  to   space 24064K, 0% used [0x00000000e6c80000,0x00000000e6c80000,0x00000000e8400000)
 ParOldGen       total 129536K, used 38158K [0x0000000080000000, 0x0000000087e80000, 0x00000000d5580000)
  object space 129536K, 29% used [0x0000000080000000,0x0000000082543810,0x0000000087e80000)
 Metaspace       used 67010K, capacity 70314K, committed 70552K, reserved 1110016K
  class space    used 9214K, capacity 9846K, committed 9904K, reserved 1048576K
Event: 13.406 GC heap after
Heap after GC invocations=14 (full 3):
 PSYoungGen      total 309760K, used 24044K [0x00000000d5580000, 0x00000000e9d80000, 0x0000000100000000)
  eden space 285696K, 0% used [0x00000000d5580000,0x00000000d5580000,0x00000000e6c80000)
  from space 24064K, 99% used [0x00000000e6c80000,0x00000000e83fb050,0x00000000e8400000)
  to   space 18432K, 0% used [0x00000000e8400000,0x00000000e8400000,0x00000000e9600000)
 ParOldGen       total 129536K, used 46520K [0x0000000080000000, 0x0000000087e80000, 0x00000000d5580000)
  object space 129536K, 35% used [0x0000000080000000,0x0000000082d6e078,0x0000000087e80000)
 Metaspace       used 67010K, capacity 70314K, committed 70552K, reserved 1110016K
  class space    used 9214K, capacity 9846K, committed 9904K, reserved 1048576K
}

