# JRE version: OpenJDK Runtime Environment (8.0_242-b01) (build 1.8.0_242-release-1644-b01)
# Java VM: OpenJDK 64-Bit Server VM (25.242-b01 mixed mode windows-amd64 compressed oops)
Heap:
 PSYoungGen      total 221184K, used 70849K [0x00000000d5580000, 0x00000000e4500000, 0x0000000100000000)
  eden space 202240K, 35% used [0x00000000d5580000,0x00000000d9ab06b0,0x00000000e1b00000)
  from space 18944K, 0% used [0x00000000e2e80000,0x00000000e2e80000,0x00000000e4100000)
  to   space 19968K, 0% used [0x00000000e1b00000,0x00000000e1b00000,0x00000000e2e80000)
 ParOldGen       total 140800K, used 125632K [0x0000000080000000, 0x0000000088980000, 0x00000000d5580000)
  object space 140800K, 89% used [0x0000000080000000,0x0000000087ab00b0,0x0000000088980000)
 Metaspace       used 80900K, capacity 84874K, committed 85912K, reserved 1122304K
  class space    used 11205K, capacity 11970K, committed 12208K, reserved 1048576K
GC Heap History (10 events):
Event: 11.470 GC heap before
{Heap before GC invocations=16 (full 3):
 PSYoungGen      total 221184K, used 202240K [0x00000000d5580000, 0x00000000e4500000, 0x0000000100000000)
  eden space 202240K, 100% used [0x00000000d5580000,0x00000000e1b00000,0x00000000e1b00000)
  from space 18944K, 0% used [0x00000000e2e80000,0x00000000e2e80000,0x00000000e4100000)
  to   space 19968K, 0% used [0x00000000e1b00000,0x00000000e1b00000,0x00000000e2e80000)
 ParOldGen       total 123904K, used 33487K [0x0000000080000000, 0x0000000087900000, 0x00000000d5580000)
  object space 123904K, 27% used [0x0000000080000000,0x00000000820b3e58,0x0000000087900000)
 Metaspace       used 65738K, capacity 69026K, committed 69144K, reserved 1107968K
  class space    used 9054K, capacity 9710K, committed 9776K, reserved 1048576K
Event: 11.487 GC heap after
Heap after GC invocations=16 (full 3):
 PSYoungGen      total 222208K, used 18677K [0x00000000d5580000, 0x00000000e4500000, 0x0000000100000000)
  eden space 202240K, 0% used [0x00000000d5580000,0x00000000d5580000,0x00000000e1b00000)
  from space 19968K, 93% used [0x00000000e1b00000,0x00000000e2d3d428,0x00000000e2e80000)
  to   space 18944K, 0% used [0x00000000e2e80000,0x00000000e2e80000,0x00000000e4100000)
 ParOldGen       total 123904K, used 33495K [0x0000000080000000, 0x0000000087900000, 0x00000000d5580000)
  object space 123904K, 27% used [0x0000000080000000,0x00000000820b5e58,0x0000000087900000)
 Metaspace       used 65738K, capacity 69026K, committed 69144K, reserved 1107968K
  class space    used 9054K, capacity 9710K, committed 9776K, reserved 1048576K
}
Event: 12.864 GC heap before
{Heap before GC invocations=17 (full 3):
 PSYoungGen      total 222208K, used 220917K [0x00000000d5580000, 0x00000000e4500000, 0x0000000100000000)
  eden space 202240K, 100% used [0x00000000d5580000,0x00000000e1b00000,0x00000000e1b00000)
  from space 19968K, 93% used [0x00000000e1b00000,0x00000000e2d3d428,0x00000000e2e80000)
  to   space 18944K, 0% used [0x00000000e2e80000,0x00000000e2e80000,0x00000000e4100000)
 ParOldGen       total 123904K, used 33495K [0x0000000080000000, 0x0000000087900000, 0x00000000d5580000)
  object space 123904K, 27% used [0x0000000080000000,0x00000000820b5e58,0x0000000087900000)
 Metaspace       used 71345K, capacity 74758K, committed 75032K, reserved 1114112K
  class space    used 9767K, capacity 10436K, committed 10544K, reserved 1048576K
Event: 12.893 GC heap after
Heap after GC invocations=17 (full 3):
 PSYoungGen      total 221184K, used 18935K [0x00000000d5580000, 0x00000000e4500000, 0x0000000100000000)
  eden space 202240K, 0% used [0x00000000d5580000,0x00000000d5580000,0x00000000e1b00000)
  from space 18944K, 99% used [0x00000000e2e80000,0x00000000e40fde30,0x00000000e4100000)
  to   space 19968K, 0% used [0x00000000e1b00000,0x00000000e1b00000,0x00000000e2e80000)
 ParOldGen       total 123904K, used 46665K [0x0000000080000000, 0x0000000087900000, 0x00000000d5580000)
  object space 123904K, 37% used [0x0000000080000000,0x0000000082d926b8,0x0000000087900000)
 Metaspace       used 71345K, capacity 74758K, committed 75032K, reserved 1114112K
  class space    used 9767K, capacity 10436K, committed 10544K, reserved 1048576K
}
Event: 14.686 GC heap before
{Heap before GC invocations=18 (full 3):
 PSYoungGen      total 221184K, used 221175K [0x00000000d5580000, 0x00000000e4500000, 0x0000000100000000)
  eden space 202240K, 100% used [0x00000000d5580000,0x00000000e1b00000,0x00000000e1b00000)
  from space 18944K, 99% used [0x00000000e2e80000,0x00000000e40fde30,0x00000000e4100000)
  to   space 19968K, 0% used [0x00000000e1b00000,0x00000000e1b00000,0x00000000e2e80000)
 ParOldGen       total 123904K, used 46665K [0x0000000080000000, 0x0000000087900000, 0x00000000d5580000)
  object space 123904K, 37% used [0x0000000080000000,0x0000000082d926b8,0x0000000087900000)
 Metaspace       used 79651K, capacity 84038K, committed 84120K, reserved 1122304K
  class space    used 11080K, capacity 11896K, committed 11952K, reserved 1048576K
Event: 14.732 GC heap after
Heap after GC invocations=18 (full 3):
 PSYoungGen      total 222208K, used 19940K [0x00000000d5580000, 0x00000000e4500000, 0x0000000100000000)
  eden space 202240K, 0% used [0x00000000d5580000,0x00000000d5580000,0x00000000e1b00000)
  from space 19968K, 99% used [0x00000000e1b00000,0x00000000e2e790c0,0x00000000e2e80000)
  to   space 18944K, 0% used [0x00000000e2e80000,0x00000000e2e80000,0x00000000e4100000)
 ParOldGen       total 123904K, used 70774K [0x0000000080000000, 0x0000000087900000, 0x00000000d5580000)
  object space 123904K, 57% used [0x0000000080000000,0x000000008451d910,0x0000000087900000)
 Metaspace       used 79651K, capacity 84038K, committed 84120K, reserved 1122304K
  class space    used 11080K, capacity 11896K, committed 11952K, reserved 1048576K
}
Event: 16.500 GC heap before
{Heap before GC invocations=19 (full 3):
 PSYoungGen      total 222208K, used 222180K [0x00000000d5580000, 0x00000000e4500000, 0x0000000100000000)
  eden space 202240K, 100% used [0x00000000d5580000,0x00000000e1b00000,0x00000000e1b00000)
  from space 19968K, 99% used [0x00000000e1b00000,0x00000000e2e790c0,0x00000000e2e80000)
  to   space 18944K, 0% used [0x00000000e2e80000,0x00000000e2e80000,0x00000000e4100000)
 ParOldGen       total 123904K, used 70774K [0x0000000080000000, 0x0000000087900000, 0x00000000d5580000)
  object space 123904K, 57% used [0x0000000080000000,0x000000008451d910,0x0000000087900000)
 Metaspace       used 81224K, capacity 85818K, committed 85912K, reserved 1122304K
  class space    used 11313K, capacity 12160K, committed 12208K, reserved 1048576K
Event: 16.566 GC heap after
Heap after GC invocations=19 (full 3):
 PSYoungGen      total 221184K, used 18923K [0x00000000d5580000, 0x00000000e4500000, 0x0000000100000000)
  eden space 202240K, 0% used [0x00000000d5580000,0x00000000d5580000,0x00000000e1b00000)
  from space 18944K, 99% used [0x00000000e2e80000,0x00000000e40facc0,0x00000000e4100000)
  to   space 19968K, 0% used [0x00000000e1b00000,0x00000000e1b00000,0x00000000e2e80000)
 ParOldGen       total 140800K, used 140403K [0x0000000080000000, 0x0000000088980000, 0x00000000d5580000)
  object space 140800K, 99% used [0x0000000080000000,0x000000008891cd98,0x0000000088980000)
 Metaspace       used 81224K, capacity 85818K, committed 85912K, reserved 1122304K
  class space    used 11313K, capacity 12160K, committed 12208K, reserved 1048576K
}
Event: 16.567 GC heap before
{Heap before GC invocations=20 (full 4):
 PSYoungGen      total 221184K, used 18923K [0x00000000d5580000, 0x00000000e4500000, 0x0000000100000000)
  eden space 202240K, 0% used [0x00000000d5580000,0x00000000d5580000,0x00000000e1b00000)
  from space 18944K, 99% used [0x00000000e2e80000,0x00000000e40facc0,0x00000000e4100000)
  to   space 19968K, 0% used [0x00000000e1b00000,0x00000000e1b00000,0x00000000e2e80000)
 ParOldGen       total 140800K, used 140403K [0x0000000080000000, 0x0000000088980000, 0x00000000d5580000)
  object space 140800K, 99% used [0x0000000080000000,0x000000008891cd98,0x0000000088980000)
 Metaspace       used 81224K, capacity 85818K, committed 85912K, reserved 1122304K
  class space    used 11313K, capacity 12160K, committed 12208K, reserved 1048576K
Event: 17.036 GC heap after
Heap after GC invocations=20 (full 4):
 PSYoungGen      total 221184K, used 0K [0x00000000d5580000, 0x00000000e4500000, 0x0000000100000000)
  eden space 202240K, 0% used [0x00000000d5580000,0x00000000d5580000,0x00000000e1b00000)
  from space 18944K, 0% used [0x00000000e2e80000,0x00000000e2e80000,0x00000000e4100000)
  to   space 19968K, 0% used [0x00000000e1b00000,0x00000000e1b00000,0x00000000e2e80000)
 ParOldGen       total 140800K, used 125632K [0x0000000080000000, 0x0000000088980000, 0x00000000d5580000)
  object space 140800K, 89% used [0x0000000080000000,0x0000000087ab00b0,0x0000000088980000)
 Metaspace       used 80889K, capacity 84858K, committed 85912K, reserved 1122304K
  class space    used 11204K, capacity 11968K, committed 12208K, reserved 1048576K
}

