# JRE version: OpenJDK Runtime Environment (8.0_242-b01) (build 1.8.0_242-release-1644-b01)
# Java VM: OpenJDK 64-Bit Server VM (25.242-b01 mixed mode windows-amd64 compressed oops)
Heap:
 PSYoungGen      total 321536K, used 264567K [0x00000000d5580000, 0x00000000ee600000, 0x0000000100000000)
  eden space 260096K, 94% used [0x00000000d5580000,0x00000000e46960f0,0x00000000e5380000)
  from space 61440K, 28% used [0x00000000e5380000,0x00000000e64c7cd8,0x00000000e8f80000)
  to   space 58368K, 0% used [0x00000000ead00000,0x00000000ead00000,0x00000000ee600000)
 ParOldGen       total 273920K, used 128271K [0x0000000080000000, 0x0000000090b80000, 0x00000000d5580000)
  object space 273920K, 46% used [0x0000000080000000,0x0000000087d43cc0,0x0000000090b80000)
 Metaspace       used 91565K, capacity 96098K, committed 96408K, reserved 1132544K
  class space    used 12275K, capacity 13151K, committed 13232K, reserved 1048576K
GC Heap History (10 events):
Event: 17.613 GC heap before
{Heap before GC invocations=17 (full 3):
 PSYoungGen      total 227328K, used 227305K [0x00000000d5580000, 0x00000000e7c00000, 0x0000000100000000)
  eden space 208896K, 100% used [0x00000000d5580000,0x00000000e2180000,0x00000000e2180000)
  from space 18432K, 99% used [0x00000000e2180000,0x00000000e337a4d0,0x00000000e3380000)
  to   space 25088K, 0% used [0x00000000e6380000,0x00000000e6380000,0x00000000e7c00000)
 ParOldGen       total 122880K, used 43499K [0x0000000080000000, 0x0000000087800000, 0x00000000d5580000)
  object space 122880K, 35% used [0x0000000080000000,0x0000000082a7ae10,0x0000000087800000)
 Metaspace       used 71712K, capacity 75062K, committed 75160K, reserved 1114112K
  class space    used 9776K, capacity 10410K, committed 10416K, reserved 1048576K
Event: 17.648 GC heap after
Heap after GC invocations=17 (full 3):
 PSYoungGen      total 271360K, used 17628K [0x00000000d5580000, 0x00000000e7a80000, 0x0000000100000000)
  eden space 247808K, 0% used [0x00000000d5580000,0x00000000d5580000,0x00000000e4780000)
  from space 23552K, 74% used [0x00000000e6380000,0x00000000e74b7128,0x00000000e7a80000)
  to   space 26112K, 0% used [0x00000000e4780000,0x00000000e4780000,0x00000000e6100000)
 ParOldGen       total 122880K, used 58734K [0x0000000080000000, 0x0000000087800000, 0x00000000d5580000)
  object space 122880K, 47% used [0x0000000080000000,0x000000008395b958,0x0000000087800000)
 Metaspace       used 71712K, capacity 75062K, committed 75160K, reserved 1114112K
  class space    used 9776K, capacity 10410K, committed 10416K, reserved 1048576K
}
Event: 27.193 GC heap before
{Heap before GC invocations=18 (full 3):
 PSYoungGen      total 271360K, used 265436K [0x00000000d5580000, 0x00000000e7a80000, 0x0000000100000000)
  eden space 247808K, 100% used [0x00000000d5580000,0x00000000e4780000,0x00000000e4780000)
  from space 23552K, 74% used [0x00000000e6380000,0x00000000e74b7128,0x00000000e7a80000)
  to   space 26112K, 0% used [0x00000000e4780000,0x00000000e4780000,0x00000000e6100000)
 ParOldGen       total 122880K, used 58734K [0x0000000080000000, 0x0000000087800000, 0x00000000d5580000)
  object space 122880K, 47% used [0x0000000080000000,0x000000008395b958,0x0000000087800000)
 Metaspace       used 77124K, capacity 80822K, committed 81176K, reserved 1120256K
  class space    used 10509K, capacity 11209K, committed 11312K, reserved 1048576K
Event: 27.226 GC heap after
Heap after GC invocations=18 (full 3):
 PSYoungGen      total 273920K, used 26088K [0x00000000d5580000, 0x00000000eb100000, 0x0000000100000000)
  eden space 247808K, 0% used [0x00000000d5580000,0x00000000d5580000,0x00000000e4780000)
  from space 26112K, 99% used [0x00000000e4780000,0x00000000e60fa2b0,0x00000000e6100000)
  to   space 34304K, 0% used [0x00000000e8f80000,0x00000000e8f80000,0x00000000eb100000)
 ParOldGen       total 122880K, used 70343K [0x0000000080000000, 0x0000000087800000, 0x00000000d5580000)
  object space 122880K, 57% used [0x0000000080000000,0x00000000844b1de8,0x0000000087800000)
 Metaspace       used 77124K, capacity 80822K, committed 81176K, reserved 1120256K
  class space    used 10509K, capacity 11209K, committed 11312K, reserved 1048576K
}
Event: 29.654 GC heap before
{Heap before GC invocations=19 (full 3):
 PSYoungGen      total 273920K, used 273896K [0x00000000d5580000, 0x00000000eb100000, 0x0000000100000000)
  eden space 247808K, 100% used [0x00000000d5580000,0x00000000e4780000,0x00000000e4780000)
  from space 26112K, 99% used [0x00000000e4780000,0x00000000e60fa2b0,0x00000000e6100000)
  to   space 34304K, 0% used [0x00000000e8f80000,0x00000000e8f80000,0x00000000eb100000)
 ParOldGen       total 122880K, used 70343K [0x0000000080000000, 0x0000000087800000, 0x00000000d5580000)
  object space 122880K, 57% used [0x0000000080000000,0x00000000844b1de8,0x0000000087800000)
 Metaspace       used 86114K, capacity 91026K, committed 91288K, reserved 1128448K
  class space    used 11957K, capacity 12863K, committed 12976K, reserved 1048576K
Event: 29.758 GC heap after
Heap after GC invocations=19 (full 3):
 PSYoungGen      total 294400K, used 34301K [0x00000000d5580000, 0x00000000ef580000, 0x0000000100000000)
  eden space 260096K, 0% used [0x00000000d5580000,0x00000000d5580000,0x00000000e5380000)
  from space 34304K, 99% used [0x00000000e8f80000,0x00000000eb0ff5b8,0x00000000eb100000)
  to   space 61440K, 0% used [0x00000000e5380000,0x00000000e5380000,0x00000000e8f80000)
 ParOldGen       total 128512K, used 128321K [0x0000000080000000, 0x0000000087d80000, 0x00000000d5580000)
  object space 128512K, 99% used [0x0000000080000000,0x0000000087d50750,0x0000000087d80000)
 Metaspace       used 86114K, capacity 91026K, committed 91288K, reserved 1128448K
  class space    used 11957K, capacity 12863K, committed 12976K, reserved 1048576K
}
Event: 29.758 GC heap before
{Heap before GC invocations=20 (full 4):
 PSYoungGen      total 294400K, used 34301K [0x00000000d5580000, 0x00000000ef580000, 0x0000000100000000)
  eden space 260096K, 0% used [0x00000000d5580000,0x00000000d5580000,0x00000000e5380000)
  from space 34304K, 99% used [0x00000000e8f80000,0x00000000eb0ff5b8,0x00000000eb100000)
  to   space 61440K, 0% used [0x00000000e5380000,0x00000000e5380000,0x00000000e8f80000)
 ParOldGen       total 128512K, used 128321K [0x0000000080000000, 0x0000000087d80000, 0x00000000d5580000)
  object space 128512K, 99% used [0x0000000080000000,0x0000000087d50750,0x0000000087d80000)
 Metaspace       used 86114K, capacity 91026K, committed 91288K, reserved 1128448K
  class space    used 11957K, capacity 12863K, committed 12976K, reserved 1048576K
Event: 30.380 GC heap after
Heap after GC invocations=20 (full 4):
 PSYoungGen      total 294400K, used 508K [0x00000000d5580000, 0x00000000ef580000, 0x0000000100000000)
  eden space 260096K, 0% used [0x00000000d5580000,0x00000000d5580000,0x00000000e5380000)
  from space 34304K, 1% used [0x00000000e8f80000,0x00000000e8fff228,0x00000000eb100000)
  to   space 61440K, 0% used [0x00000000e5380000,0x00000000e5380000,0x00000000e8f80000)
 ParOldGen       total 273920K, used 128039K [0x0000000080000000, 0x0000000090b80000, 0x00000000d5580000)
  object space 273920K, 46% used [0x0000000080000000,0x0000000087d09cc0,0x0000000090b80000)
 Metaspace       used 85789K, capacity 90098K, committed 91288K, reserved 1128448K
  class space    used 11849K, capacity 12673K, committed 12976K, reserved 1048576K
}
Event: 48.857 GC heap before
{Heap before GC invocations=21 (full 4):
 PSYoungGen      total 294400K, used 260604K [0x00000000d5580000, 0x00000000ef580000, 0x0000000100000000)
  eden space 260096K, 100% used [0x00000000d5580000,0x00000000e5380000,0x00000000e5380000)
  from space 34304K, 1% used [0x00000000e8f80000,0x00000000e8fff228,0x00000000eb100000)
  to   space 61440K, 0% used [0x00000000e5380000,0x00000000e5380000,0x00000000e8f80000)
 ParOldGen       total 273920K, used 128039K [0x0000000080000000, 0x0000000090b80000, 0x00000000d5580000)
  object space 273920K, 46% used [0x0000000080000000,0x0000000087d09cc0,0x0000000090b80000)
 Metaspace       used 90554K, capacity 94916K, committed 95640K, reserved 1132544K
  class space    used 12243K, capacity 13102K, committed 13232K, reserved 1048576K
Event: 48.901 GC heap after
Heap after GC invocations=21 (full 4):
 PSYoungGen      total 321536K, used 17695K [0x00000000d5580000, 0x00000000ee600000, 0x0000000100000000)
  eden space 260096K, 0% used [0x00000000d5580000,0x00000000d5580000,0x00000000e5380000)
  from space 61440K, 28% used [0x00000000e5380000,0x00000000e64c7cd8,0x00000000e8f80000)
  to   space 58368K, 0% used [0x00000000ead00000,0x00000000ead00000,0x00000000ee600000)
 ParOldGen       total 273920K, used 128271K [0x0000000080000000, 0x0000000090b80000, 0x00000000d5580000)
  object space 273920K, 46% used [0x0000000080000000,0x0000000087d43cc0,0x0000000090b80000)
 Metaspace       used 90554K, capacity 94916K, committed 95640K, reserved 1132544K
  class space    used 12243K, capacity 13102K, committed 13232K, reserved 1048576K
}

