# JRE version: OpenJDK Runtime Environment (8.0_242-b01) (build 1.8.0_242-release-1644-b01)
# Java VM: OpenJDK 64-Bit Server VM (25.242-b01 mixed mode windows-amd64 compressed oops)
Heap:
 PSYoungGen      total 379904K, used 115084K [0x00000000d5580000, 0x00000000f1580000, 0x0000000100000000)
  eden space 345600K, 23% used [0x00000000d5580000,0x00000000da4ab920,0x00000000ea700000)
  from space 34304K, 99% used [0x00000000ed800000,0x00000000ef97c960,0x00000000ef980000)
  to   space 50176K, 0% used [0x00000000ea700000,0x00000000ea700000,0x00000000ed800000)
 ParOldGen       total 177664K, used 121552K [0x0000000080000000, 0x000000008ad80000, 0x00000000d5580000)
  object space 177664K, 68% used [0x0000000080000000,0x00000000876b4020,0x000000008ad80000)
 Metaspace       used 108398K, capacity 114852K, committed 115160K, reserved 1148928K
  class space    used 14173K, capacity 15521K, committed 15616K, reserved 1048576K
GC Heap History (10 events):
Event: 225.467 GC heap before
{Heap before GC invocations=20 (full 4):
 PSYoungGen      total 283136K, used 258048K [0x00000000d5580000, 0x00000000eba00000, 0x0000000100000000)
  eden space 258048K, 100% used [0x00000000d5580000,0x00000000e5180000,0x00000000e5180000)
  from space 25088K, 0% used [0x00000000e5180000,0x00000000e5180000,0x00000000e6a00000)
  to   space 30720K, 0% used [0x00000000e9c00000,0x00000000e9c00000,0x00000000eba00000)
 ParOldGen       total 177664K, used 60379K [0x0000000080000000, 0x000000008ad80000, 0x00000000d5580000)
  object space 177664K, 33% used [0x0000000080000000,0x0000000083af6c70,0x000000008ad80000)
 Metaspace       used 94639K, capacity 99526K, committed 100312K, reserved 1136640K
  class space    used 12484K, capacity 13588K, committed 13824K, reserved 1048576K
Event: 225.486 GC heap after
Heap after GC invocations=20 (full 4):
 PSYoungGen      total 329216K, used 9752K [0x00000000d5580000, 0x00000000eb680000, 0x0000000100000000)
  eden space 302080K, 0% used [0x00000000d5580000,0x00000000d5580000,0x00000000e7c80000)
  from space 27136K, 35% used [0x00000000e9c00000,0x00000000ea5860d0,0x00000000eb680000)
  to   space 29696K, 0% used [0x00000000e7c80000,0x00000000e7c80000,0x00000000e9980000)
 ParOldGen       total 177664K, used 60387K [0x0000000080000000, 0x000000008ad80000, 0x00000000d5580000)
  object space 177664K, 33% used [0x0000000080000000,0x0000000083af8c70,0x000000008ad80000)
 Metaspace       used 94639K, capacity 99526K, committed 100312K, reserved 1136640K
  class space    used 12484K, capacity 13588K, committed 13824K, reserved 1048576K
}
Event: 465.752 GC heap before
{Heap before GC invocations=21 (full 4):
 PSYoungGen      total 329216K, used 311832K [0x00000000d5580000, 0x00000000eb680000, 0x0000000100000000)
  eden space 302080K, 100% used [0x00000000d5580000,0x00000000e7c80000,0x00000000e7c80000)
  from space 27136K, 35% used [0x00000000e9c00000,0x00000000ea5860d0,0x00000000eb680000)
  to   space 29696K, 0% used [0x00000000e7c80000,0x00000000e7c80000,0x00000000e9980000)
 ParOldGen       total 177664K, used 60387K [0x0000000080000000, 0x000000008ad80000, 0x00000000d5580000)
  object space 177664K, 33% used [0x0000000080000000,0x0000000083af8c70,0x000000008ad80000)
 Metaspace       used 98001K, capacity 103428K, committed 103768K, reserved 1138688K
  class space    used 12900K, capacity 14089K, committed 14208K, reserved 1048576K
Event: 465.791 GC heap after
Heap after GC invocations=21 (full 4):
 PSYoungGen      total 331776K, used 29673K [0x00000000d5580000, 0x00000000ede00000, 0x0000000100000000)
  eden space 302080K, 0% used [0x00000000d5580000,0x00000000d5580000,0x00000000e7c80000)
  from space 29696K, 99% used [0x00000000e7c80000,0x00000000e997a520,0x00000000e9980000)
  to   space 35840K, 0% used [0x00000000ebb00000,0x00000000ebb00000,0x00000000ede00000)
 ParOldGen       total 177664K, used 64366K [0x0000000080000000, 0x000000008ad80000, 0x00000000d5580000)
  object space 177664K, 36% used [0x0000000080000000,0x0000000083edb938,0x000000008ad80000)
 Metaspace       used 98001K, capacity 103428K, committed 103768K, reserved 1138688K
  class space    used 12900K, capacity 14089K, committed 14208K, reserved 1048576K
}
Event: 469.971 GC heap before
{Heap before GC invocations=22 (full 4):
 PSYoungGen      total 331776K, used 331753K [0x00000000d5580000, 0x00000000ede00000, 0x0000000100000000)
  eden space 302080K, 100% used [0x00000000d5580000,0x00000000e7c80000,0x00000000e7c80000)
  from space 29696K, 99% used [0x00000000e7c80000,0x00000000e997a520,0x00000000e9980000)
  to   space 35840K, 0% used [0x00000000ebb00000,0x00000000ebb00000,0x00000000ede00000)
 ParOldGen       total 177664K, used 64366K [0x0000000080000000, 0x000000008ad80000, 0x00000000d5580000)
  object space 177664K, 36% used [0x0000000080000000,0x0000000083edb938,0x000000008ad80000)
 Metaspace       used 103073K, capacity 108824K, committed 108888K, reserved 1142784K
  class space    used 13463K, capacity 14695K, committed 14720K, reserved 1048576K
Event: 470.024 GC heap after
Heap after GC invocations=22 (full 4):
 PSYoungGen      total 367616K, used 15540K [0x00000000d5580000, 0x00000000edf00000, 0x0000000100000000)
  eden space 331776K, 0% used [0x00000000d5580000,0x00000000d5580000,0x00000000e9980000)
  from space 35840K, 43% used [0x00000000ebb00000,0x00000000eca2d268,0x00000000ede00000)
  to   space 34304K, 0% used [0x00000000e9980000,0x00000000e9980000,0x00000000ebb00000)
 ParOldGen       total 177664K, used 92924K [0x0000000080000000, 0x000000008ad80000, 0x00000000d5580000)
  object space 177664K, 52% used [0x0000000080000000,0x0000000085abf020,0x000000008ad80000)
 Metaspace       used 103073K, capacity 108824K, committed 108888K, reserved 1142784K
  class space    used 13463K, capacity 14695K, committed 14720K, reserved 1048576K
}
Event: 489.844 GC heap before
{Heap before GC invocations=23 (full 4):
 PSYoungGen      total 367616K, used 347316K [0x00000000d5580000, 0x00000000edf00000, 0x0000000100000000)
  eden space 331776K, 100% used [0x00000000d5580000,0x00000000e9980000,0x00000000e9980000)
  from space 35840K, 43% used [0x00000000ebb00000,0x00000000eca2d268,0x00000000ede00000)
  to   space 34304K, 0% used [0x00000000e9980000,0x00000000e9980000,0x00000000ebb00000)
 ParOldGen       total 177664K, used 92924K [0x0000000080000000, 0x000000008ad80000, 0x00000000d5580000)
  object space 177664K, 52% used [0x0000000080000000,0x0000000085abf020,0x000000008ad80000)
 Metaspace       used 105585K, capacity 111602K, committed 111832K, reserved 1146880K
  class space    used 13771K, capacity 15070K, committed 15104K, reserved 1048576K
Event: 489.865 GC heap after
Heap after GC invocations=23 (full 4):
 PSYoungGen      total 366080K, used 19740K [0x00000000d5580000, 0x00000000ef980000, 0x0000000100000000)
  eden space 331776K, 0% used [0x00000000d5580000,0x00000000d5580000,0x00000000e9980000)
  from space 34304K, 57% used [0x00000000e9980000,0x00000000eacc72f8,0x00000000ebb00000)
  to   space 34304K, 0% used [0x00000000ed800000,0x00000000ed800000,0x00000000ef980000)
 ParOldGen       total 177664K, used 92932K [0x0000000080000000, 0x000000008ad80000, 0x00000000d5580000)
  object space 177664K, 52% used [0x0000000080000000,0x0000000085ac1020,0x000000008ad80000)
 Metaspace       used 105585K, capacity 111602K, committed 111832K, reserved 1146880K
  class space    used 13771K, capacity 15070K, committed 15104K, reserved 1048576K
}
Event: 503.338 GC heap before
{Heap before GC invocations=24 (full 4):
 PSYoungGen      total 366080K, used 351516K [0x00000000d5580000, 0x00000000ef980000, 0x0000000100000000)
  eden space 331776K, 100% used [0x00000000d5580000,0x00000000e9980000,0x00000000e9980000)
  from space 34304K, 57% used [0x00000000e9980000,0x00000000eacc72f8,0x00000000ebb00000)
  to   space 34304K, 0% used [0x00000000ed800000,0x00000000ed800000,0x00000000ef980000)
 ParOldGen       total 177664K, used 92932K [0x0000000080000000, 0x000000008ad80000, 0x00000000d5580000)
  object space 177664K, 52% used [0x0000000080000000,0x0000000085ac1020,0x000000008ad80000)
 Metaspace       used 107588K, capacity 113986K, committed 114264K, reserved 1148928K
  class space    used 14065K, capacity 15388K, committed 15488K, reserved 1048576K
Event: 503.382 GC heap after
Heap after GC invocations=24 (full 4):
 PSYoungGen      total 379904K, used 34290K [0x00000000d5580000, 0x00000000f1580000, 0x0000000100000000)
  eden space 345600K, 0% used [0x00000000d5580000,0x00000000d5580000,0x00000000ea700000)
  from space 34304K, 99% used [0x00000000ed800000,0x00000000ef97c960,0x00000000ef980000)
  to   space 50176K, 0% used [0x00000000ea700000,0x00000000ea700000,0x00000000ed800000)
 ParOldGen       total 177664K, used 121552K [0x0000000080000000, 0x000000008ad80000, 0x00000000d5580000)
  object space 177664K, 68% used [0x0000000080000000,0x00000000876b4020,0x000000008ad80000)
 Metaspace       used 107588K, capacity 113986K, committed 114264K, reserved 1148928K
  class space    used 14065K, capacity 15388K, committed 15488K, reserved 1048576K
}

