# JRE version: OpenJDK Runtime Environment (8.0_242-b01) (build 1.8.0_242-release-1644-b01)
# Java VM: OpenJDK 64-Bit Server VM (25.242-b01 mixed mode windows-amd64 compressed oops)
Heap:
 PSYoungGen      total 284672K, used 83931K [0x00000000d5580000, 0x00000000ed400000, 0x0000000100000000)
  eden space 231936K, 13% used [0x00000000d5580000,0x00000000d73fe5e8,0x00000000e3800000)
  from space 52736K, 99% used [0x00000000e7980000,0x00000000eacf86d0,0x00000000ead00000)
  to   space 67072K, 0% used [0x00000000e3800000,0x00000000e3800000,0x00000000e7980000)
 ParOldGen       total 230912K, used 104097K [0x0000000080000000, 0x000000008e180000, 0x00000000d5580000)
  object space 230912K, 45% used [0x0000000080000000,0x00000000865a8660,0x000000008e180000)
 Metaspace       used 97129K, capacity 102398K, committed 103448K, reserved 1138688K
  class space    used 12927K, capacity 13895K, committed 14384K, reserved 1048576K
GC Heap History (10 events):
Event: 308.442 GC heap before
{Heap before GC invocations=20 (full 3):
 PSYoungGen      total 267776K, used 267767K [0x00000000d5580000, 0x00000000e8600000, 0x0000000100000000)
  eden space 236544K, 99% used [0x00000000d5580000,0x00000000e3c7ed50,0x00000000e3c80000)
  from space 31232K, 99% used [0x00000000e6100000,0x00000000e7f7f100,0x00000000e7f80000)
  to   space 37376K, 0% used [0x00000000e3c80000,0x00000000e3c80000,0x00000000e6100000)
 ParOldGen       total 134656K, used 46709K [0x0000000080000000, 0x0000000088380000, 0x00000000d5580000)
  object space 134656K, 34% used [0x0000000080000000,0x0000000082d9d5c0,0x0000000088380000)
 Metaspace       used 81152K, capacity 85152K, committed 85400K, reserved 1124352K
  class space    used 10702K, capacity 11426K, committed 11440K, reserved 1048576K
Event: 308.457 GC heap after
Heap after GC invocations=20 (full 3):
 PSYoungGen      total 247808K, used 18976K [0x00000000d5580000, 0x00000000e7b80000, 0x0000000100000000)
  eden space 228352K, 0% used [0x00000000d5580000,0x00000000d5580000,0x00000000e3480000)
  from space 19456K, 97% used [0x00000000e3c80000,0x00000000e4f08070,0x00000000e4f80000)
  to   space 36352K, 0% used [0x00000000e5800000,0x00000000e5800000,0x00000000e7b80000)
 ParOldGen       total 134656K, used 59189K [0x0000000080000000, 0x0000000088380000, 0x00000000d5580000)
  object space 134656K, 43% used [0x0000000080000000,0x00000000839cd690,0x0000000088380000)
 Metaspace       used 81152K, capacity 85152K, committed 85400K, reserved 1124352K
  class space    used 10702K, capacity 11426K, committed 11440K, reserved 1048576K
}
Event: 310.788 GC heap before
{Heap before GC invocations=21 (full 3):
 PSYoungGen      total 247808K, used 247328K [0x00000000d5580000, 0x00000000e7b80000, 0x0000000100000000)
  eden space 228352K, 100% used [0x00000000d5580000,0x00000000e3480000,0x00000000e3480000)
  from space 19456K, 97% used [0x00000000e3c80000,0x00000000e4f08070,0x00000000e4f80000)
  to   space 36352K, 0% used [0x00000000e5800000,0x00000000e5800000,0x00000000e7b80000)
 ParOldGen       total 134656K, used 59189K [0x0000000080000000, 0x0000000088380000, 0x00000000d5580000)
  object space 134656K, 43% used [0x0000000080000000,0x00000000839cd690,0x0000000088380000)
 Metaspace       used 87033K, capacity 91310K, committed 91416K, reserved 1128448K
  class space    used 11449K, capacity 12255K, committed 12336K, reserved 1048576K
Event: 310.811 GC heap after
Heap after GC invocations=21 (full 3):
 PSYoungGen      total 257024K, used 36343K [0x00000000d5580000, 0x00000000e8100000, 0x0000000100000000)
  eden space 220672K, 0% used [0x00000000d5580000,0x00000000d5580000,0x00000000e2d00000)
  from space 36352K, 99% used [0x00000000e5800000,0x00000000e7b7dcd8,0x00000000e7b80000)
  to   space 43008K, 0% used [0x00000000e2d00000,0x00000000e2d00000,0x00000000e5700000)
 ParOldGen       total 134656K, used 62213K [0x0000000080000000, 0x0000000088380000, 0x00000000d5580000)
  object space 134656K, 46% used [0x0000000080000000,0x0000000083cc14d8,0x0000000088380000)
 Metaspace       used 87033K, capacity 91310K, committed 91416K, reserved 1128448K
  class space    used 11449K, capacity 12255K, committed 12336K, reserved 1048576K
}
Event: 311.384 GC heap before
{Heap before GC invocations=22 (full 3):
 PSYoungGen      total 257024K, used 178713K [0x00000000d5580000, 0x00000000e8100000, 0x0000000100000000)
  eden space 220672K, 64% used [0x00000000d5580000,0x00000000de088918,0x00000000e2d00000)
  from space 36352K, 99% used [0x00000000e5800000,0x00000000e7b7dcd8,0x00000000e7b80000)
  to   space 43008K, 0% used [0x00000000e2d00000,0x00000000e2d00000,0x00000000e5700000)
 ParOldGen       total 134656K, used 62213K [0x0000000080000000, 0x0000000088380000, 0x00000000d5580000)
  object space 134656K, 46% used [0x0000000080000000,0x0000000083cc14d8,0x0000000088380000)
 Metaspace       used 92883K, capacity 98498K, committed 98600K, reserved 1134592K
  class space    used 12537K, capacity 13713K, committed 13744K, reserved 1048576K
Event: 311.408 GC heap after
Heap after GC invocations=22 (full 3):
 PSYoungGen      total 263680K, used 42976K [0x00000000d5580000, 0x00000000ead00000, 0x0000000100000000)
  eden space 220672K, 0% used [0x00000000d5580000,0x00000000d5580000,0x00000000e2d00000)
  from space 43008K, 99% used [0x00000000e2d00000,0x00000000e56f83a8,0x00000000e5700000)
  to   space 52736K, 0% used [0x00000000e7980000,0x00000000e7980000,0x00000000ead00000)
 ParOldGen       total 134656K, used 69877K [0x0000000080000000, 0x0000000088380000, 0x00000000d5580000)
  object space 134656K, 51% used [0x0000000080000000,0x000000008443d7c8,0x0000000088380000)
 Metaspace       used 92883K, capacity 98498K, committed 98600K, reserved 1134592K
  class space    used 12537K, capacity 13713K, committed 13744K, reserved 1048576K
}
Event: 311.408 GC heap before
{Heap before GC invocations=23 (full 4):
 PSYoungGen      total 263680K, used 42976K [0x00000000d5580000, 0x00000000ead00000, 0x0000000100000000)
  eden space 220672K, 0% used [0x00000000d5580000,0x00000000d5580000,0x00000000e2d00000)
  from space 43008K, 99% used [0x00000000e2d00000,0x00000000e56f83a8,0x00000000e5700000)
  to   space 52736K, 0% used [0x00000000e7980000,0x00000000e7980000,0x00000000ead00000)
 ParOldGen       total 134656K, used 69877K [0x0000000080000000, 0x0000000088380000, 0x00000000d5580000)
  object space 134656K, 51% used [0x0000000080000000,0x000000008443d7c8,0x0000000088380000)
 Metaspace       used 92883K, capacity 98498K, committed 98600K, reserved 1134592K
  class space    used 12537K, capacity 13713K, committed 13744K, reserved 1048576K
Event: 311.580 GC heap after
Heap after GC invocations=23 (full 4):
 PSYoungGen      total 263680K, used 0K [0x00000000d5580000, 0x00000000ead00000, 0x0000000100000000)
  eden space 220672K, 0% used [0x00000000d5580000,0x00000000d5580000,0x00000000e2d00000)
  from space 43008K, 0% used [0x00000000e2d00000,0x00000000e2d00000,0x00000000e5700000)
  to   space 52736K, 0% used [0x00000000e7980000,0x00000000e7980000,0x00000000ead00000)
 ParOldGen       total 230912K, used 88816K [0x0000000080000000, 0x000000008e180000, 0x00000000d5580000)
  object space 230912K, 38% used [0x0000000080000000,0x00000000856bc258,0x000000008e180000)
 Metaspace       used 91627K, capacity 95764K, committed 98600K, reserved 1134592K
  class space    used 12079K, capacity 12886K, committed 13744K, reserved 1048576K
}
Event: 312.831 GC heap before
{Heap before GC invocations=24 (full 4):
 PSYoungGen      total 263680K, used 220672K [0x00000000d5580000, 0x00000000ead00000, 0x0000000100000000)
  eden space 220672K, 100% used [0x00000000d5580000,0x00000000e2d00000,0x00000000e2d00000)
  from space 43008K, 0% used [0x00000000e2d00000,0x00000000e2d00000,0x00000000e5700000)
  to   space 52736K, 0% used [0x00000000e7980000,0x00000000e7980000,0x00000000ead00000)
 ParOldGen       total 230912K, used 88816K [0x0000000080000000, 0x000000008e180000, 0x00000000d5580000)
  object space 230912K, 38% used [0x0000000080000000,0x00000000856bc258,0x000000008e180000)
 Metaspace       used 97085K, capacity 102394K, committed 103448K, reserved 1138688K
  class space    used 12927K, capacity 13895K, committed 14384K, reserved 1048576K
Event: 312.881 GC heap after
Heap after GC invocations=24 (full 4):
 PSYoungGen      total 284672K, used 52705K [0x00000000d5580000, 0x00000000ed400000, 0x0000000100000000)
  eden space 231936K, 0% used [0x00000000d5580000,0x00000000d5580000,0x00000000e3800000)
  from space 52736K, 99% used [0x00000000e7980000,0x00000000eacf86d0,0x00000000ead00000)
  to   space 67072K, 0% used [0x00000000e3800000,0x00000000e3800000,0x00000000e7980000)
 ParOldGen       total 230912K, used 104097K [0x0000000080000000, 0x000000008e180000, 0x00000000d5580000)
  object space 230912K, 45% used [0x0000000080000000,0x00000000865a8660,0x000000008e180000)
 Metaspace       used 97085K, capacity 102394K, committed 103448K, reserved 1138688K
  class space    used 12927K, capacity 13895K, committed 14384K, reserved 1048576K
}

