# JRE version: OpenJDK Runtime Environment (8.0_242-b01) (build 1.8.0_242-release-1644-b01)
# Java VM: OpenJDK 64-Bit Server VM (25.242-b01 mixed mode windows-amd64 compressed oops)
Heap:
 PSYoungGen      total 365568K, used 56543K [0x00000000d5580000, 0x00000000ed080000, 0x0000000100000000)
  eden space 350208K, 11% used [0x00000000d5580000,0x00000000d7dbee00,0x00000000eab80000)
  from space 15360K, 99% used [0x00000000ec000000,0x00000000ecef9030,0x00000000ecf00000)
  to   space 18944K, 0% used [0x00000000eab80000,0x00000000eab80000,0x00000000ebe00000)
 ParOldGen       total 91648K, used 18123K [0x0000000080000000, 0x0000000085980000, 0x00000000d5580000)
  object space 91648K, 19% used [0x0000000080000000,0x00000000811b2cb8,0x0000000085980000)
 Metaspace       used 50032K, capacity 51988K, committed 52136K, reserved 1093632K
  class space    used 6684K, capacity 7074K, committed 7088K, reserved 1048576K
GC Heap History (10 events):
Event: 3.647 GC heap before
{Heap before GC invocations=6 (full 1):
 PSYoungGen      total 136192K, used 5108K [0x00000000d5580000, 0x00000000e6e80000, 0x0000000100000000)
  eden space 131072K, 0% used [0x00000000d5580000,0x00000000d5580000,0x00000000dd580000)
  from space 5120K, 99% used [0x00000000dd580000,0x00000000dda7d060,0x00000000dda80000)
  to   space 12800K, 0% used [0x00000000e6200000,0x00000000e6200000,0x00000000e6e80000)
 ParOldGen       total 86016K, used 10956K [0x0000000080000000, 0x0000000085400000, 0x00000000d5580000)
  object space 86016K, 12% used [0x0000000080000000,0x0000000080ab3208,0x0000000085400000)
 Metaspace       used 20578K, capacity 21224K, committed 21296K, reserved 1067008K
  class space    used 2873K, capacity 3076K, committed 3120K, reserved 1048576K
Event: 3.690 GC heap after
Heap after GC invocations=6 (full 1):
 PSYoungGen      total 136192K, used 0K [0x00000000d5580000, 0x00000000e6e80000, 0x0000000100000000)
  eden space 131072K, 0% used [0x00000000d5580000,0x00000000d5580000,0x00000000dd580000)
  from space 5120K, 0% used [0x00000000dd580000,0x00000000dd580000,0x00000000dda80000)
  to   space 12800K, 0% used [0x00000000e6200000,0x00000000e6200000,0x00000000e6e80000)
 ParOldGen       total 58368K, used 7290K [0x0000000080000000, 0x0000000083900000, 0x00000000d5580000)
  object space 58368K, 12% used [0x0000000080000000,0x000000008071ebe0,0x0000000083900000)
 Metaspace       used 20578K, capacity 21224K, committed 21296K, reserved 1067008K
  class space    used 2873K, capacity 3076K, committed 3120K, reserved 1048576K
}
Event: 4.949 GC heap before
{Heap before GC invocations=7 (full 1):
 PSYoungGen      total 136192K, used 131072K [0x00000000d5580000, 0x00000000e6e80000, 0x0000000100000000)
  eden space 131072K, 100% used [0x00000000d5580000,0x00000000dd580000,0x00000000dd580000)
  from space 5120K, 0% used [0x00000000dd580000,0x00000000dd580000,0x00000000dda80000)
  to   space 12800K, 0% used [0x00000000e6200000,0x00000000e6200000,0x00000000e6e80000)
 ParOldGen       total 58368K, used 7290K [0x0000000080000000, 0x0000000083900000, 0x00000000d5580000)
  object space 58368K, 12% used [0x0000000080000000,0x000000008071ebe0,0x0000000083900000)
 Metaspace       used 32646K, capacity 33636K, committed 33712K, reserved 1079296K
  class space    used 4453K, capacity 4718K, committed 4784K, reserved 1048576K
Event: 4.962 GC heap after
Heap after GC invocations=7 (full 1):
 PSYoungGen      total 226304K, used 12796K [0x00000000d5580000, 0x00000000e6e80000, 0x0000000100000000)
  eden space 213504K, 0% used [0x00000000d5580000,0x00000000d5580000,0x00000000e2600000)
  from space 12800K, 99% used [0x00000000e6200000,0x00000000e6e7f128,0x00000000e6e80000)
  to   space 15872K, 0% used [0x00000000e4f80000,0x00000000e4f80000,0x00000000e5f00000)
 ParOldGen       total 58368K, used 8905K [0x0000000080000000, 0x0000000083900000, 0x00000000d5580000)
  object space 58368K, 15% used [0x0000000080000000,0x00000000808b2678,0x0000000083900000)
 Metaspace       used 32646K, capacity 33636K, committed 33712K, reserved 1079296K
  class space    used 4453K, capacity 4718K, committed 4784K, reserved 1048576K
}
Event: 5.221 GC heap before
{Heap before GC invocations=8 (full 1):
 PSYoungGen      total 226304K, used 51646K [0x00000000d5580000, 0x00000000e6e80000, 0x0000000100000000)
  eden space 213504K, 18% used [0x00000000d5580000,0x00000000d7b70ab8,0x00000000e2600000)
  from space 12800K, 99% used [0x00000000e6200000,0x00000000e6e7f128,0x00000000e6e80000)
  to   space 15872K, 0% used [0x00000000e4f80000,0x00000000e4f80000,0x00000000e5f00000)
 ParOldGen       total 58368K, used 8905K [0x0000000080000000, 0x0000000083900000, 0x00000000d5580000)
  object space 58368K, 15% used [0x0000000080000000,0x00000000808b2678,0x0000000083900000)
 Metaspace       used 34256K, capacity 35412K, committed 35496K, reserved 1079296K
  class space    used 4719K, capacity 5001K, committed 5040K, reserved 1048576K
Event: 5.230 GC heap after
Heap after GC invocations=8 (full 1):
 PSYoungGen      total 271872K, used 8955K [0x00000000d5580000, 0x00000000ecf00000, 0x0000000100000000)
  eden space 256000K, 0% used [0x00000000d5580000,0x00000000d5580000,0x00000000e4f80000)
  from space 15872K, 56% used [0x00000000e4f80000,0x00000000e583ec78,0x00000000e5f00000)
  to   space 15360K, 0% used [0x00000000ec000000,0x00000000ec000000,0x00000000ecf00000)
 ParOldGen       total 58368K, used 8913K [0x0000000080000000, 0x0000000083900000, 0x00000000d5580000)
  object space 58368K, 15% used [0x0000000080000000,0x00000000808b4678,0x0000000083900000)
 Metaspace       used 34256K, capacity 35412K, committed 35496K, reserved 1079296K
  class space    used 4719K, capacity 5001K, committed 5040K, reserved 1048576K
}
Event: 5.231 GC heap before
{Heap before GC invocations=9 (full 2):
 PSYoungGen      total 271872K, used 8955K [0x00000000d5580000, 0x00000000ecf00000, 0x0000000100000000)
  eden space 256000K, 0% used [0x00000000d5580000,0x00000000d5580000,0x00000000e4f80000)
  from space 15872K, 56% used [0x00000000e4f80000,0x00000000e583ec78,0x00000000e5f00000)
  to   space 15360K, 0% used [0x00000000ec000000,0x00000000ec000000,0x00000000ecf00000)
 ParOldGen       total 58368K, used 8913K [0x0000000080000000, 0x0000000083900000, 0x00000000d5580000)
  object space 58368K, 15% used [0x0000000080000000,0x00000000808b4678,0x0000000083900000)
 Metaspace       used 34256K, capacity 35412K, committed 35496K, reserved 1079296K
  class space    used 4719K, capacity 5001K, committed 5040K, reserved 1048576K
Event: 5.320 GC heap after
Heap after GC invocations=9 (full 2):
 PSYoungGen      total 271872K, used 0K [0x00000000d5580000, 0x00000000ecf00000, 0x0000000100000000)
  eden space 256000K, 0% used [0x00000000d5580000,0x00000000d5580000,0x00000000e4f80000)
  from space 15872K, 0% used [0x00000000e4f80000,0x00000000e4f80000,0x00000000e5f00000)
  to   space 15360K, 0% used [0x00000000ec000000,0x00000000ec000000,0x00000000ecf00000)
 ParOldGen       total 91648K, used 15260K [0x0000000080000000, 0x0000000085980000, 0x00000000d5580000)
  object space 91648K, 16% used [0x0000000080000000,0x0000000080ee7188,0x0000000085980000)
 Metaspace       used 34256K, capacity 35412K, committed 35496K, reserved 1079296K
  class space    used 4719K, capacity 5001K, committed 5040K, reserved 1048576K
}
Event: 7.318 GC heap before
{Heap before GC invocations=10 (full 2):
 PSYoungGen      total 271872K, used 256000K [0x00000000d5580000, 0x00000000ecf00000, 0x0000000100000000)
  eden space 256000K, 100% used [0x00000000d5580000,0x00000000e4f80000,0x00000000e4f80000)
  from space 15872K, 0% used [0x00000000e4f80000,0x00000000e4f80000,0x00000000e5f00000)
  to   space 15360K, 0% used [0x00000000ec000000,0x00000000ec000000,0x00000000ecf00000)
 ParOldGen       total 91648K, used 15260K [0x0000000080000000, 0x0000000085980000, 0x00000000d5580000)
  object space 91648K, 16% used [0x0000000080000000,0x0000000080ee7188,0x0000000085980000)
 Metaspace       used 46233K, capacity 48018K, committed 48424K, reserved 1091584K
  class space    used 6253K, capacity 6597K, committed 6704K, reserved 1048576K
Event: 7.334 GC heap after
Heap after GC invocations=10 (full 2):
 PSYoungGen      total 365568K, used 15332K [0x00000000d5580000, 0x00000000ed080000, 0x0000000100000000)
  eden space 350208K, 0% used [0x00000000d5580000,0x00000000d5580000,0x00000000eab80000)
  from space 15360K, 99% used [0x00000000ec000000,0x00000000ecef9030,0x00000000ecf00000)
  to   space 18944K, 0% used [0x00000000eab80000,0x00000000eab80000,0x00000000ebe00000)
 ParOldGen       total 91648K, used 18123K [0x0000000080000000, 0x0000000085980000, 0x00000000d5580000)
  object space 91648K, 19% used [0x0000000080000000,0x00000000811b2cb8,0x0000000085980000)
 Metaspace       used 46233K, capacity 48018K, committed 48424K, reserved 1091584K
  class space    used 6253K, capacity 6597K, committed 6704K, reserved 1048576K
}

