# JRE version: OpenJDK Runtime Environment (8.0_242-b01) (build 1.8.0_242-release-1644-b01)
# Java VM: OpenJDK 64-Bit Server VM (25.242-b01 mixed mode windows-amd64 compressed oops)
Heap:
 PSYoungGen      total 477184K, used 351418K [0x00000000d5580000, 0x00000000f6980000, 0x0000000100000000)
  eden space 423936K, 82% used [0x00000000d5580000,0x00000000eacae8c0,0x00000000ef380000)
  from space 53248K, 0% used [0x00000000f3580000,0x00000000f3580000,0x00000000f6980000)
  to   space 55296K, 0% used [0x00000000ef380000,0x00000000ef380000,0x00000000f2980000)
 ParOldGen       total 148480K, used 83554K [0x0000000080000000, 0x0000000089100000, 0x00000000d5580000)
  object space 148480K, 56% used [0x0000000080000000,0x00000000851989f8,0x0000000089100000)
 Metaspace       used 118511K, capacity 124526K, committed 124824K, reserved 1157120K
  class space    used 15640K, capacity 16771K, committed 16816K, reserved 1048576K
GC Heap History (10 events):
Event: 29.312 GC heap before
{Heap before GC invocations=32 (full 16):
 PSYoungGen      total 464896K, used 420820K [0x00000000d5580000, 0x00000000f6100000, 0x0000000100000000)
  eden space 404992K, 100% used [0x00000000d5580000,0x00000000ee100000,0x00000000ee100000)
  from space 59904K, 26% used [0x00000000ee100000,0x00000000ef075290,0x00000000f1b80000)
  to   space 56832K, 0% used [0x00000000f2980000,0x00000000f2980000,0x00000000f6100000)
 ParOldGen       total 148480K, used 93478K [0x0000000080000000, 0x0000000089100000, 0x00000000d5580000)
  object space 148480K, 62% used [0x0000000080000000,0x0000000085b49b98,0x0000000089100000)
 Metaspace       used 81610K, capacity 85784K, committed 87448K, reserved 1124352K
  class space    used 11044K, capacity 11811K, committed 12208K, reserved 1048576K
Event: 29.363 GC heap after
Heap after GC invocations=32 (full 16):
 PSYoungGen      total 480768K, used 27027K [0x00000000d5580000, 0x00000000f6300000, 0x0000000100000000)
  eden space 423936K, 0% used [0x00000000d5580000,0x00000000d5580000,0x00000000ef380000)
  from space 56832K, 47% used [0x00000000f2980000,0x00000000f43e4fc8,0x00000000f6100000)
  to   space 55296K, 0% used [0x00000000ef380000,0x00000000ef380000,0x00000000f2980000)
 ParOldGen       total 148480K, used 93486K [0x0000000080000000, 0x0000000089100000, 0x00000000d5580000)
  object space 148480K, 62% used [0x0000000080000000,0x0000000085b4bb98,0x0000000089100000)
 Metaspace       used 81610K, capacity 85784K, committed 87448K, reserved 1124352K
  class space    used 11044K, capacity 11811K, committed 12208K, reserved 1048576K
}
Event: 30.810 GC heap before
{Heap before GC invocations=33 (full 16):
 PSYoungGen      total 480768K, used 450963K [0x00000000d5580000, 0x00000000f6300000, 0x0000000100000000)
  eden space 423936K, 100% used [0x00000000d5580000,0x00000000ef380000,0x00000000ef380000)
  from space 56832K, 47% used [0x00000000f2980000,0x00000000f43e4fc8,0x00000000f6100000)
  to   space 55296K, 0% used [0x00000000ef380000,0x00000000ef380000,0x00000000f2980000)
 ParOldGen       total 148480K, used 93486K [0x0000000080000000, 0x0000000089100000, 0x00000000d5580000)
  object space 148480K, 62% used [0x0000000080000000,0x0000000085b4bb98,0x0000000089100000)
 Metaspace       used 81633K, capacity 85790K, committed 87448K, reserved 1124352K
  class space    used 11045K, capacity 11812K, committed 12208K, reserved 1048576K
Event: 30.837 GC heap after
Heap after GC invocations=33 (full 16):
 PSYoungGen      total 479232K, used 13617K [0x00000000d5580000, 0x00000000f6980000, 0x0000000100000000)
  eden space 423936K, 0% used [0x00000000d5580000,0x00000000d5580000,0x00000000ef380000)
  from space 55296K, 24% used [0x00000000ef380000,0x00000000f00cc5b8,0x00000000f2980000)
  to   space 53248K, 0% used [0x00000000f3580000,0x00000000f3580000,0x00000000f6980000)
 ParOldGen       total 148480K, used 93494K [0x0000000080000000, 0x0000000089100000, 0x00000000d5580000)
  object space 148480K, 62% used [0x0000000080000000,0x0000000085b4db98,0x0000000089100000)
 Metaspace       used 81633K, capacity 85790K, committed 87448K, reserved 1124352K
  class space    used 11045K, capacity 11812K, committed 12208K, reserved 1048576K
}
Event: 32.848 GC heap before
{Heap before GC invocations=34 (full 16):
 PSYoungGen      total 479232K, used 437553K [0x00000000d5580000, 0x00000000f6980000, 0x0000000100000000)
  eden space 423936K, 100% used [0x00000000d5580000,0x00000000ef380000,0x00000000ef380000)
  from space 55296K, 24% used [0x00000000ef380000,0x00000000f00cc5b8,0x00000000f2980000)
  to   space 53248K, 0% used [0x00000000f3580000,0x00000000f3580000,0x00000000f6980000)
 ParOldGen       total 148480K, used 93494K [0x0000000080000000, 0x0000000089100000, 0x00000000d5580000)
  object space 148480K, 62% used [0x0000000080000000,0x0000000085b4db98,0x0000000089100000)
 Metaspace       used 85635K, capacity 90016K, committed 91032K, reserved 1128448K
  class space    used 11576K, capacity 12408K, committed 12720K, reserved 1048576K
Event: 32.937 GC heap after
Heap after GC invocations=34 (full 16):
 PSYoungGen      total 477184K, used 53235K [0x00000000d5580000, 0x00000000f6980000, 0x0000000100000000)
  eden space 423936K, 0% used [0x00000000d5580000,0x00000000d5580000,0x00000000ef380000)
  from space 53248K, 99% used [0x00000000f3580000,0x00000000f697ccc0,0x00000000f6980000)
  to   space 55296K, 0% used [0x00000000ef380000,0x00000000ef380000,0x00000000f2980000)
 ParOldGen       total 148480K, used 127965K [0x0000000080000000, 0x0000000089100000, 0x00000000d5580000)
  object space 148480K, 86% used [0x0000000080000000,0x0000000087cf74b8,0x0000000089100000)
 Metaspace       used 85635K, capacity 90016K, committed 91032K, reserved 1128448K
  class space    used 11576K, capacity 12408K, committed 12720K, reserved 1048576K
}
Event: 32.937 GC heap before
{Heap before GC invocations=35 (full 17):
 PSYoungGen      total 477184K, used 53235K [0x00000000d5580000, 0x00000000f6980000, 0x0000000100000000)
  eden space 423936K, 0% used [0x00000000d5580000,0x00000000d5580000,0x00000000ef380000)
  from space 53248K, 99% used [0x00000000f3580000,0x00000000f697ccc0,0x00000000f6980000)
  to   space 55296K, 0% used [0x00000000ef380000,0x00000000ef380000,0x00000000f2980000)
 ParOldGen       total 148480K, used 127965K [0x0000000080000000, 0x0000000089100000, 0x00000000d5580000)
  object space 148480K, 86% used [0x0000000080000000,0x0000000087cf74b8,0x0000000089100000)
 Metaspace       used 85635K, capacity 90016K, committed 91032K, reserved 1128448K
  class space    used 11576K, capacity 12408K, committed 12720K, reserved 1048576K
Event: 33.396 GC heap after
Heap after GC invocations=35 (full 17):
 PSYoungGen      total 477184K, used 0K [0x00000000d5580000, 0x00000000f6980000, 0x0000000100000000)
  eden space 423936K, 0% used [0x00000000d5580000,0x00000000d5580000,0x00000000ef380000)
  from space 53248K, 0% used [0x00000000f3580000,0x00000000f3580000,0x00000000f6980000)
  to   space 55296K, 0% used [0x00000000ef380000,0x00000000ef380000,0x00000000f2980000)
 ParOldGen       total 148480K, used 136170K [0x0000000080000000, 0x0000000089100000, 0x00000000d5580000)
  object space 148480K, 91% used [0x0000000080000000,0x00000000884fab78,0x0000000089100000)
 Metaspace       used 85612K, capacity 89954K, committed 91032K, reserved 1128448K
  class space    used 11568K, capacity 12393K, committed 12720K, reserved 1048576K
}
Event: 54.451 GC heap before
{Heap before GC invocations=36 (full 18):
 PSYoungGen      total 477184K, used 423936K [0x00000000d5580000, 0x00000000f6980000, 0x0000000100000000)
  eden space 423936K, 100% used [0x00000000d5580000,0x00000000ef380000,0x00000000ef380000)
  from space 53248K, 0% used [0x00000000f3580000,0x00000000f3580000,0x00000000f6980000)
  to   space 55296K, 0% used [0x00000000ef380000,0x00000000ef380000,0x00000000f2980000)
 ParOldGen       total 148480K, used 136170K [0x0000000080000000, 0x0000000089100000, 0x00000000d5580000)
  object space 148480K, 91% used [0x0000000080000000,0x00000000884fab78,0x0000000089100000)
 Metaspace       used 107317K, capacity 112886K, committed 112920K, reserved 1146880K
  class space    used 14092K, capacity 15129K, committed 15152K, reserved 1048576K
Event: 54.633 GC heap after
Heap after GC invocations=36 (full 18):
 PSYoungGen      total 477184K, used 0K [0x00000000d5580000, 0x00000000f6980000, 0x0000000100000000)
  eden space 423936K, 0% used [0x00000000d5580000,0x00000000d5580000,0x00000000ef380000)
  from space 53248K, 0% used [0x00000000f3580000,0x00000000f3580000,0x00000000f6980000)
  to   space 55296K, 0% used [0x00000000ef380000,0x00000000ef380000,0x00000000f2980000)
 ParOldGen       total 148480K, used 83554K [0x0000000080000000, 0x0000000089100000, 0x00000000d5580000)
  object space 148480K, 56% used [0x0000000080000000,0x00000000851989f8,0x0000000089100000)
 Metaspace       used 107242K, capacity 112712K, committed 112920K, reserved 1146880K
  class space    used 14069K, capacity 15071K, committed 15152K, reserved 1048576K
}

