# JRE version: OpenJDK Runtime Environment (8.0_242-b01) (build 1.8.0_242-release-1644-b01)
# Java VM: OpenJDK 64-Bit Server VM (25.242-b01 mixed mode windows-amd64 compressed oops)
Heap:
 PSYoungGen      total 337920K, used 53884K [0x00000000d5580000, 0x00000000ef700000, 0x0000000100000000)
  eden space 286720K, 11% used [0x00000000d5580000,0x00000000d76dba58,0x00000000e6d80000)
  from space 51200K, 38% used [0x00000000e6d80000,0x00000000e80d85d0,0x00000000e9f80000)
  to   space 48128K, 0% used [0x00000000ec800000,0x00000000ec800000,0x00000000ef700000)
 ParOldGen       total 140800K, used 110662K [0x0000000080000000, 0x0000000088980000, 0x00000000d5580000)
  object space 140800K, 78% used [0x0000000080000000,0x0000000086c11908,0x0000000088980000)
 Metaspace       used 83605K, capacity 88328K, committed 88600K, reserved 1126400K
  class space    used 11343K, capacity 12209K, committed 12336K, reserved 1048576K
GC Heap History (10 events):
Event: 5.060 GC heap before
{Heap before GC invocations=12 (full 2):
 PSYoungGen      total 232448K, used 171657K [0x00000000d5580000, 0x00000000e8180000, 0x0000000100000000)
  eden space 217600K, 72% used [0x00000000d5580000,0x00000000deea51a8,0x00000000e2a00000)
  from space 14848K, 99% used [0x00000000e2a00000,0x00000000e387d518,0x00000000e3880000)
  to   space 16896K, 0% used [0x00000000e7100000,0x00000000e7100000,0x00000000e8180000)
 ParOldGen       total 87552K, used 15458K [0x0000000080000000, 0x0000000085580000, 0x00000000d5580000)
  object space 87552K, 17% used [0x0000000080000000,0x0000000080f188c0,0x0000000085580000)
 Metaspace       used 56789K, capacity 59040K, committed 59160K, reserved 1099776K
  class space    used 7695K, capacity 8165K, committed 8240K, reserved 1048576K
Event: 5.074 GC heap after
Heap after GC invocations=12 (full 2):
 PSYoungGen      total 284672K, used 16876K [0x00000000d5580000, 0x00000000e8880000, 0x0000000100000000)
  eden space 267776K, 0% used [0x00000000d5580000,0x00000000d5580000,0x00000000e5b00000)
  from space 16896K, 99% used [0x00000000e7100000,0x00000000e817b310,0x00000000e8180000)
  to   space 22528K, 0% used [0x00000000e5b00000,0x00000000e5b00000,0x00000000e7100000)
 ParOldGen       total 87552K, used 24772K [0x0000000080000000, 0x0000000085580000, 0x00000000d5580000)
  object space 87552K, 28% used [0x0000000080000000,0x0000000081831018,0x0000000085580000)
 Metaspace       used 56789K, capacity 59040K, committed 59160K, reserved 1099776K
  class space    used 7695K, capacity 8165K, committed 8240K, reserved 1048576K
}
Event: 5.074 GC heap before
{Heap before GC invocations=13 (full 3):
 PSYoungGen      total 284672K, used 16876K [0x00000000d5580000, 0x00000000e8880000, 0x0000000100000000)
  eden space 267776K, 0% used [0x00000000d5580000,0x00000000d5580000,0x00000000e5b00000)
  from space 16896K, 99% used [0x00000000e7100000,0x00000000e817b310,0x00000000e8180000)
  to   space 22528K, 0% used [0x00000000e5b00000,0x00000000e5b00000,0x00000000e7100000)
 ParOldGen       total 87552K, used 24772K [0x0000000080000000, 0x0000000085580000, 0x00000000d5580000)
  object space 87552K, 28% used [0x0000000080000000,0x0000000081831018,0x0000000085580000)
 Metaspace       used 56789K, capacity 59040K, committed 59160K, reserved 1099776K
  class space    used 7695K, capacity 8165K, committed 8240K, reserved 1048576K
Event: 5.257 GC heap after
Heap after GC invocations=13 (full 3):
 PSYoungGen      total 284672K, used 0K [0x00000000d5580000, 0x00000000e8880000, 0x0000000100000000)
  eden space 267776K, 0% used [0x00000000d5580000,0x00000000d5580000,0x00000000e5b00000)
  from space 16896K, 0% used [0x00000000e7100000,0x00000000e7100000,0x00000000e8180000)
  to   space 22528K, 0% used [0x00000000e5b00000,0x00000000e5b00000,0x00000000e7100000)
 ParOldGen       total 140800K, used 38589K [0x0000000080000000, 0x0000000088980000, 0x00000000d5580000)
  object space 140800K, 27% used [0x0000000080000000,0x00000000825af560,0x0000000088980000)
 Metaspace       used 56743K, capacity 58884K, committed 59160K, reserved 1099776K
  class space    used 7681K, capacity 8139K, committed 8240K, reserved 1048576K
}
Event: 7.041 GC heap before
{Heap before GC invocations=14 (full 3):
 PSYoungGen      total 284672K, used 267761K [0x00000000d5580000, 0x00000000e8880000, 0x0000000100000000)
  eden space 267776K, 99% used [0x00000000d5580000,0x00000000e5afc788,0x00000000e5b00000)
  from space 16896K, 0% used [0x00000000e7100000,0x00000000e7100000,0x00000000e8180000)
  to   space 22528K, 0% used [0x00000000e5b00000,0x00000000e5b00000,0x00000000e7100000)
 ParOldGen       total 140800K, used 38589K [0x0000000080000000, 0x0000000088980000, 0x00000000d5580000)
  object space 140800K, 27% used [0x0000000080000000,0x00000000825af560,0x0000000088980000)
 Metaspace       used 68409K, capacity 71660K, committed 71704K, reserved 1112064K
  class space    used 9404K, capacity 10019K, committed 10032K, reserved 1048576K
Event: 7.055 GC heap after
Heap after GC invocations=14 (full 3):
 PSYoungGen      total 290304K, used 22497K [0x00000000d5580000, 0x00000000eb980000, 0x0000000100000000)
  eden space 267776K, 0% used [0x00000000d5580000,0x00000000d5580000,0x00000000e5b00000)
  from space 22528K, 99% used [0x00000000e5b00000,0x00000000e70f8550,0x00000000e7100000)
  to   space 26624K, 0% used [0x00000000e9f80000,0x00000000e9f80000,0x00000000eb980000)
 ParOldGen       total 140800K, used 40085K [0x0000000080000000, 0x0000000088980000, 0x00000000d5580000)
  object space 140800K, 28% used [0x0000000080000000,0x00000000827254a0,0x0000000088980000)
 Metaspace       used 68409K, capacity 71660K, committed 71704K, reserved 1112064K
  class space    used 9404K, capacity 10019K, committed 10032K, reserved 1048576K
}
Event: 8.359 GC heap before
{Heap before GC invocations=15 (full 3):
 PSYoungGen      total 290304K, used 290273K [0x00000000d5580000, 0x00000000eb980000, 0x0000000100000000)
  eden space 267776K, 100% used [0x00000000d5580000,0x00000000e5b00000,0x00000000e5b00000)
  from space 22528K, 99% used [0x00000000e5b00000,0x00000000e70f8550,0x00000000e7100000)
  to   space 26624K, 0% used [0x00000000e9f80000,0x00000000e9f80000,0x00000000eb980000)
 ParOldGen       total 140800K, used 40085K [0x0000000080000000, 0x0000000088980000, 0x00000000d5580000)
  object space 140800K, 28% used [0x0000000080000000,0x00000000827254a0,0x0000000088980000)
 Metaspace       used 77076K, capacity 81162K, committed 81432K, reserved 1120256K
  class space    used 10741K, capacity 11520K, committed 11568K, reserved 1048576K
Event: 8.405 GC heap after
Heap after GC invocations=15 (full 3):
 PSYoungGen      total 313344K, used 26613K [0x00000000d5580000, 0x00000000ef080000, 0x0000000100000000)
  eden space 286720K, 0% used [0x00000000d5580000,0x00000000d5580000,0x00000000e6d80000)
  from space 26624K, 99% used [0x00000000e9f80000,0x00000000eb97d448,0x00000000eb980000)
  to   space 51200K, 0% used [0x00000000e6d80000,0x00000000e6d80000,0x00000000e9f80000)
 ParOldGen       total 140800K, used 95844K [0x0000000080000000, 0x0000000088980000, 0x00000000d5580000)
  object space 140800K, 68% used [0x0000000080000000,0x0000000085d991b8,0x0000000088980000)
 Metaspace       used 77076K, capacity 81162K, committed 81432K, reserved 1120256K
  class space    used 10741K, capacity 11520K, committed 11568K, reserved 1048576K
}
Event: 284.182 GC heap before
{Heap before GC invocations=16 (full 3):
 PSYoungGen      total 313344K, used 313333K [0x00000000d5580000, 0x00000000ef080000, 0x0000000100000000)
  eden space 286720K, 100% used [0x00000000d5580000,0x00000000e6d80000,0x00000000e6d80000)
  from space 26624K, 99% used [0x00000000e9f80000,0x00000000eb97d448,0x00000000eb980000)
  to   space 51200K, 0% used [0x00000000e6d80000,0x00000000e6d80000,0x00000000e9f80000)
 ParOldGen       total 140800K, used 95844K [0x0000000080000000, 0x0000000088980000, 0x00000000d5580000)
  object space 140800K, 68% used [0x0000000080000000,0x0000000085d991b8,0x0000000088980000)
 Metaspace       used 83334K, capacity 87940K, committed 87960K, reserved 1124352K
  class space    used 11332K, capacity 12189K, committed 12208K, reserved 1048576K
Event: 284.205 GC heap after
Heap after GC invocations=16 (full 3):
 PSYoungGen      total 337920K, used 19809K [0x00000000d5580000, 0x00000000ef700000, 0x0000000100000000)
  eden space 286720K, 0% used [0x00000000d5580000,0x00000000d5580000,0x00000000e6d80000)
  from space 51200K, 38% used [0x00000000e6d80000,0x00000000e80d85d0,0x00000000e9f80000)
  to   space 48128K, 0% used [0x00000000ec800000,0x00000000ec800000,0x00000000ef700000)
 ParOldGen       total 140800K, used 110662K [0x0000000080000000, 0x0000000088980000, 0x00000000d5580000)
  object space 140800K, 78% used [0x0000000080000000,0x0000000086c11908,0x0000000088980000)
 Metaspace       used 83334K, capacity 87940K, committed 87960K, reserved 1124352K
  class space    used 11332K, capacity 12189K, committed 12208K, reserved 1048576K
}

