# JRE version: OpenJDK Runtime Environment (8.0_242-b01) (build 1.8.0_242-release-1644-b01)
# Java VM: OpenJDK 64-Bit Server VM (25.242-b01 mixed mode windows-amd64 compressed oops)
Heap:
 PSYoungGen      total 101376K, used 61993K [0x00000000d5580000, 0x00000000dc480000, 0x0000000100000000)
  eden space 91136K, 68% used [0x00000000d5580000,0x00000000d920a728,0x00000000dae80000)
  from space 10240K, 0% used [0x00000000dba80000,0x00000000dba80000,0x00000000dc480000)
  to   space 11264K, 0% used [0x00000000dae80000,0x00000000dae80000,0x00000000db980000)
 ParOldGen       total 81408K, used 15350K [0x0000000080000000, 0x0000000084f80000, 0x00000000d5580000)
  object space 81408K, 18% used [0x0000000080000000,0x0000000080efd8e8,0x0000000084f80000)
 Metaspace       used 36308K, capacity 37786K, committed 37928K, reserved 1081344K
  class space    used 4996K, capacity 5308K, committed 5424K, reserved 1048576K
GC Heap History (10 events):
Event: 3.002 GC heap before
{Heap before GC invocations=8 (full 1):
 PSYoungGen      total 75264K, used 4492K [0x00000000d5580000, 0x00000000daa80000, 0x0000000100000000)
  eden space 64512K, 0% used [0x00000000d5580000,0x00000000d5580000,0x00000000d9480000)
  from space 10752K, 41% used [0x00000000d9480000,0x00000000d98e3060,0x00000000d9f00000)
  to   space 9728K, 0% used [0x00000000d9f00000,0x00000000d9f00000,0x00000000da880000)
 ParOldGen       total 86016K, used 7982K [0x0000000080000000, 0x0000000085400000, 0x00000000d5580000)
  object space 86016K, 9% used [0x0000000080000000,0x00000000807cb910,0x0000000085400000)
 Metaspace       used 20595K, capacity 21224K, committed 21296K, reserved 1067008K
  class space    used 2881K, capacity 3076K, committed 3120K, reserved 1048576K
Event: 3.040 GC heap after
Heap after GC invocations=8 (full 1):
 PSYoungGen      total 75264K, used 0K [0x00000000d5580000, 0x00000000daa80000, 0x0000000100000000)
  eden space 64512K, 0% used [0x00000000d5580000,0x00000000d5580000,0x00000000d9480000)
  from space 10752K, 0% used [0x00000000d9480000,0x00000000d9480000,0x00000000d9f00000)
  to   space 9728K, 0% used [0x00000000d9f00000,0x00000000d9f00000,0x00000000da880000)
 ParOldGen       total 51200K, used 7034K [0x0000000080000000, 0x0000000083200000, 0x00000000d5580000)
  object space 51200K, 13% used [0x0000000080000000,0x00000000806de880,0x0000000083200000)
 Metaspace       used 20595K, capacity 21224K, committed 21296K, reserved 1067008K
  class space    used 2881K, capacity 3076K, committed 3120K, reserved 1048576K
}
Event: 3.870 GC heap before
{Heap before GC invocations=9 (full 1):
 PSYoungGen      total 75264K, used 64512K [0x00000000d5580000, 0x00000000daa80000, 0x0000000100000000)
  eden space 64512K, 100% used [0x00000000d5580000,0x00000000d9480000,0x00000000d9480000)
  from space 10752K, 0% used [0x00000000d9480000,0x00000000d9480000,0x00000000d9f00000)
  to   space 9728K, 0% used [0x00000000d9f00000,0x00000000d9f00000,0x00000000da880000)
 ParOldGen       total 51200K, used 7034K [0x0000000080000000, 0x0000000083200000, 0x00000000d5580000)
  object space 51200K, 13% used [0x0000000080000000,0x00000000806de880,0x0000000083200000)
 Metaspace       used 28466K, capacity 29310K, committed 29616K, reserved 1075200K
  class space    used 3944K, capacity 4187K, committed 4272K, reserved 1048576K
Event: 3.880 GC heap after
Heap after GC invocations=9 (full 1):
 PSYoungGen      total 73728K, used 8138K [0x00000000d5580000, 0x00000000dd980000, 0x0000000100000000)
  eden space 64000K, 0% used [0x00000000d5580000,0x00000000d5580000,0x00000000d9400000)
  from space 9728K, 83% used [0x00000000d9f00000,0x00000000da6f2990,0x00000000da880000)
  to   space 11264K, 0% used [0x00000000d9400000,0x00000000d9400000,0x00000000d9f00000)
 ParOldGen       total 51200K, used 7042K [0x0000000080000000, 0x0000000083200000, 0x00000000d5580000)
  object space 51200K, 13% used [0x0000000080000000,0x00000000806e0880,0x0000000083200000)
 Metaspace       used 28466K, capacity 29310K, committed 29616K, reserved 1075200K
  class space    used 3944K, capacity 4187K, committed 4272K, reserved 1048576K
}
Event: 4.713 GC heap before
{Heap before GC invocations=10 (full 1):
 PSYoungGen      total 73728K, used 72138K [0x00000000d5580000, 0x00000000dd980000, 0x0000000100000000)
  eden space 64000K, 100% used [0x00000000d5580000,0x00000000d9400000,0x00000000d9400000)
  from space 9728K, 83% used [0x00000000d9f00000,0x00000000da6f2990,0x00000000da880000)
  to   space 11264K, 0% used [0x00000000d9400000,0x00000000d9400000,0x00000000d9f00000)
 ParOldGen       total 51200K, used 7042K [0x0000000080000000, 0x0000000083200000, 0x00000000d5580000)
  object space 51200K, 13% used [0x0000000080000000,0x00000000806e0880,0x0000000083200000)
 Metaspace       used 32636K, capacity 33636K, committed 33712K, reserved 1079296K
  class space    used 4452K, capacity 4718K, committed 4784K, reserved 1048576K
Event: 4.727 GC heap after
Heap after GC invocations=10 (full 1):
 PSYoungGen      total 75264K, used 9455K [0x00000000d5580000, 0x00000000dc600000, 0x0000000100000000)
  eden space 64000K, 0% used [0x00000000d5580000,0x00000000d5580000,0x00000000d9400000)
  from space 11264K, 83% used [0x00000000d9400000,0x00000000d9d3bfa8,0x00000000d9f00000)
  to   space 11776K, 0% used [0x00000000dba80000,0x00000000dba80000,0x00000000dc600000)
 ParOldGen       total 51200K, used 7050K [0x0000000080000000, 0x0000000083200000, 0x00000000d5580000)
  object space 51200K, 13% used [0x0000000080000000,0x00000000806e2880,0x0000000083200000)
 Metaspace       used 32636K, capacity 33636K, committed 33712K, reserved 1079296K
  class space    used 4452K, capacity 4718K, committed 4784K, reserved 1048576K
}
Event: 5.044 GC heap before
{Heap before GC invocations=11 (full 1):
 PSYoungGen      total 75264K, used 47729K [0x00000000d5580000, 0x00000000dc600000, 0x0000000100000000)
  eden space 64000K, 59% used [0x00000000d5580000,0x00000000d7ae0750,0x00000000d9400000)
  from space 11264K, 83% used [0x00000000d9400000,0x00000000d9d3bfa8,0x00000000d9f00000)
  to   space 11776K, 0% used [0x00000000dba80000,0x00000000dba80000,0x00000000dc600000)
 ParOldGen       total 51200K, used 7050K [0x0000000080000000, 0x0000000083200000, 0x00000000d5580000)
  object space 51200K, 13% used [0x0000000080000000,0x00000000806e2880,0x0000000083200000)
 Metaspace       used 34317K, capacity 35414K, committed 35496K, reserved 1079296K
  class space    used 4725K, capacity 5002K, committed 5040K, reserved 1048576K
Event: 5.053 GC heap after
Heap after GC invocations=11 (full 1):
 PSYoungGen      total 101376K, used 5920K [0x00000000d5580000, 0x00000000dc480000, 0x0000000100000000)
  eden space 91136K, 0% used [0x00000000d5580000,0x00000000d5580000,0x00000000dae80000)
  from space 10240K, 57% used [0x00000000dba80000,0x00000000dc0483a0,0x00000000dc480000)
  to   space 11264K, 0% used [0x00000000dae80000,0x00000000dae80000,0x00000000db980000)
 ParOldGen       total 51200K, used 10155K [0x0000000080000000, 0x0000000083200000, 0x00000000d5580000)
  object space 51200K, 19% used [0x0000000080000000,0x00000000809eae60,0x0000000083200000)
 Metaspace       used 34317K, capacity 35414K, committed 35496K, reserved 1079296K
  class space    used 4725K, capacity 5002K, committed 5040K, reserved 1048576K
}
Event: 5.053 GC heap before
{Heap before GC invocations=12 (full 2):
 PSYoungGen      total 101376K, used 5920K [0x00000000d5580000, 0x00000000dc480000, 0x0000000100000000)
  eden space 91136K, 0% used [0x00000000d5580000,0x00000000d5580000,0x00000000dae80000)
  from space 10240K, 57% used [0x00000000dba80000,0x00000000dc0483a0,0x00000000dc480000)
  to   space 11264K, 0% used [0x00000000dae80000,0x00000000dae80000,0x00000000db980000)
 ParOldGen       total 51200K, used 10155K [0x0000000080000000, 0x0000000083200000, 0x00000000d5580000)
  object space 51200K, 19% used [0x0000000080000000,0x00000000809eae60,0x0000000083200000)
 Metaspace       used 34317K, capacity 35414K, committed 35496K, reserved 1079296K
  class space    used 4725K, capacity 5002K, committed 5040K, reserved 1048576K
Event: 5.167 GC heap after
Heap after GC invocations=12 (full 2):
 PSYoungGen      total 101376K, used 0K [0x00000000d5580000, 0x00000000dc480000, 0x0000000100000000)
  eden space 91136K, 0% used [0x00000000d5580000,0x00000000d5580000,0x00000000dae80000)
  from space 10240K, 0% used [0x00000000dba80000,0x00000000dba80000,0x00000000dc480000)
  to   space 11264K, 0% used [0x00000000dae80000,0x00000000dae80000,0x00000000db980000)
 ParOldGen       total 81408K, used 15350K [0x0000000080000000, 0x0000000084f80000, 0x00000000d5580000)
  object space 81408K, 18% used [0x0000000080000000,0x0000000080efd8e8,0x0000000084f80000)
 Metaspace       used 34317K, capacity 35414K, committed 35496K, reserved 1079296K
  class space    used 4725K, capacity 5002K, committed 5040K, reserved 1048576K
}

