# JRE version: OpenJDK Runtime Environment (8.0_242-b01) (build 1.8.0_242-release-1644-b01)
# Java VM: OpenJDK 64-Bit Server VM (25.242-b01 mixed mode windows-amd64 compressed oops)
Heap:
 PSYoungGen      total 242176K, used 242145K [0x00000000d5580000, 0x00000000e6080000, 0x0000000100000000)
  eden space 220160K, 100% used [0x00000000d5580000,0x00000000e2c80000,0x00000000e2c80000)
  from space 22016K, 99% used [0x00000000e4580000,0x00000000e5af8700,0x00000000e5b00000)
  to   space 25600K, 34% used [0x00000000e2c80000,0x00000000e3510000,0x00000000e4580000)
 ParOldGen       total 128512K, used 34263K [0x0000000080000000, 0x0000000087d80000, 0x00000000d5580000)
  object space 128512K, 26% used [0x0000000080000000,0x0000000082175d10,0x0000000087d80000)
 Metaspace       used 75410K, capacity 79040K, committed 79128K, reserved 1118208K
  class space    used 10337K, capacity 11012K, committed 11056K, reserved 1048576K
GC Heap History (10 events):
Event: 9.887 GC heap before
{Heap before GC invocations=13 (full 2):
 PSYoungGen      total 165376K, used 161837K [0x00000000d5580000, 0x00000000e0900000, 0x0000000100000000)
  eden space 152576K, 100% used [0x00000000d5580000,0x00000000dea80000,0x00000000dea80000)
  from space 12800K, 72% used [0x00000000df780000,0x00000000e008b410,0x00000000e0400000)
  to   space 13312K, 0% used [0x00000000dea80000,0x00000000dea80000,0x00000000df780000)
 ParOldGen       total 84992K, used 18081K [0x0000000080000000, 0x0000000085300000, 0x00000000d5580000)
  object space 84992K, 21% used [0x0000000080000000,0x00000000811a8570,0x0000000085300000)
 Metaspace       used 52369K, capacity 54464K, committed 54568K, reserved 1095680K
  class space    used 6987K, capacity 7436K, committed 7472K, reserved 1048576K
Event: 9.911 GC heap after
Heap after GC invocations=13 (full 2):
 PSYoungGen      total 165888K, used 13308K [0x00000000d5580000, 0x00000000e3100000, 0x0000000100000000)
  eden space 152576K, 0% used [0x00000000d5580000,0x00000000d5580000,0x00000000dea80000)
  from space 13312K, 99% used [0x00000000dea80000,0x00000000df77f320,0x00000000df780000)
  to   space 18432K, 0% used [0x00000000e1f00000,0x00000000e1f00000,0x00000000e3100000)
 ParOldGen       total 84992K, used 27918K [0x0000000080000000, 0x0000000085300000, 0x00000000d5580000)
  object space 84992K, 32% used [0x0000000080000000,0x0000000081b43b48,0x0000000085300000)
 Metaspace       used 52369K, capacity 54464K, committed 54568K, reserved 1095680K
  class space    used 6987K, capacity 7436K, committed 7472K, reserved 1048576K
}
Event: 10.674 GC heap before
{Heap before GC invocations=14 (full 2):
 PSYoungGen      total 165888K, used 67352K [0x00000000d5580000, 0x00000000e3100000, 0x0000000100000000)
  eden space 152576K, 35% used [0x00000000d5580000,0x00000000d8a46f18,0x00000000dea80000)
  from space 13312K, 99% used [0x00000000dea80000,0x00000000df77f320,0x00000000df780000)
  to   space 18432K, 0% used [0x00000000e1f00000,0x00000000e1f00000,0x00000000e3100000)
 ParOldGen       total 84992K, used 27918K [0x0000000080000000, 0x0000000085300000, 0x00000000d5580000)
  object space 84992K, 32% used [0x0000000080000000,0x0000000081b43b48,0x0000000085300000)
 Metaspace       used 56750K, capacity 59056K, committed 59160K, reserved 1099776K
  class space    used 7690K, capacity 8167K, committed 8240K, reserved 1048576K
Event: 10.694 GC heap after
Heap after GC invocations=14 (full 2):
 PSYoungGen      total 204800K, used 15030K [0x00000000d5580000, 0x00000000e3680000, 0x0000000100000000)
  eden space 186368K, 0% used [0x00000000d5580000,0x00000000d5580000,0x00000000e0b80000)
  from space 18432K, 81% used [0x00000000e1f00000,0x00000000e2dada48,0x00000000e3100000)
  to   space 19968K, 0% used [0x00000000e0b80000,0x00000000e0b80000,0x00000000e1f00000)
 ParOldGen       total 84992K, used 32836K [0x0000000080000000, 0x0000000085300000, 0x00000000d5580000)
  object space 84992K, 38% used [0x0000000080000000,0x00000000820112d8,0x0000000085300000)
 Metaspace       used 56750K, capacity 59056K, committed 59160K, reserved 1099776K
  class space    used 7690K, capacity 8167K, committed 8240K, reserved 1048576K
}
Event: 10.694 GC heap before
{Heap before GC invocations=15 (full 3):
 PSYoungGen      total 204800K, used 15030K [0x00000000d5580000, 0x00000000e3680000, 0x0000000100000000)
  eden space 186368K, 0% used [0x00000000d5580000,0x00000000d5580000,0x00000000e0b80000)
  from space 18432K, 81% used [0x00000000e1f00000,0x00000000e2dada48,0x00000000e3100000)
  to   space 19968K, 0% used [0x00000000e0b80000,0x00000000e0b80000,0x00000000e1f00000)
 ParOldGen       total 84992K, used 32836K [0x0000000080000000, 0x0000000085300000, 0x00000000d5580000)
  object space 84992K, 38% used [0x0000000080000000,0x00000000820112d8,0x0000000085300000)
 Metaspace       used 56750K, capacity 59056K, committed 59160K, reserved 1099776K
  class space    used 7690K, capacity 8167K, committed 8240K, reserved 1048576K
Event: 10.903 GC heap after
Heap after GC invocations=15 (full 3):
 PSYoungGen      total 204800K, used 0K [0x00000000d5580000, 0x00000000e3680000, 0x0000000100000000)
  eden space 186368K, 0% used [0x00000000d5580000,0x00000000d5580000,0x00000000e0b80000)
  from space 18432K, 0% used [0x00000000e1f00000,0x00000000e1f00000,0x00000000e3100000)
  to   space 19968K, 0% used [0x00000000e0b80000,0x00000000e0b80000,0x00000000e1f00000)
 ParOldGen       total 128512K, used 33494K [0x0000000080000000, 0x0000000087d80000, 0x00000000d5580000)
  object space 128512K, 26% used [0x0000000080000000,0x00000000820b58b0,0x0000000087d80000)
 Metaspace       used 56701K, capacity 58888K, committed 59160K, reserved 1099776K
  class space    used 7675K, capacity 8139K, committed 8240K, reserved 1048576K
}
Event: 13.356 GC heap before
{Heap before GC invocations=16 (full 3):
 PSYoungGen      total 204800K, used 186368K [0x00000000d5580000, 0x00000000e3680000, 0x0000000100000000)
  eden space 186368K, 100% used [0x00000000d5580000,0x00000000e0b80000,0x00000000e0b80000)
  from space 18432K, 0% used [0x00000000e1f00000,0x00000000e1f00000,0x00000000e3100000)
  to   space 19968K, 0% used [0x00000000e0b80000,0x00000000e0b80000,0x00000000e1f00000)
 ParOldGen       total 128512K, used 33494K [0x0000000080000000, 0x0000000087d80000, 0x00000000d5580000)
  object space 128512K, 26% used [0x0000000080000000,0x00000000820b58b0,0x0000000087d80000)
 Metaspace       used 65856K, capacity 69054K, committed 69144K, reserved 1107968K
  class space    used 9090K, capacity 9734K, committed 9776K, reserved 1048576K
Event: 13.371 GC heap after
Heap after GC invocations=16 (full 3):
 PSYoungGen      total 206336K, used 17393K [0x00000000d5580000, 0x00000000e5b00000, 0x0000000100000000)
  eden space 186368K, 0% used [0x00000000d5580000,0x00000000d5580000,0x00000000e0b80000)
  from space 19968K, 87% used [0x00000000e0b80000,0x00000000e1c7c490,0x00000000e1f00000)
  to   space 22016K, 0% used [0x00000000e4580000,0x00000000e4580000,0x00000000e5b00000)
 ParOldGen       total 128512K, used 33502K [0x0000000080000000, 0x0000000087d80000, 0x00000000d5580000)
  object space 128512K, 26% used [0x0000000080000000,0x00000000820b78b0,0x0000000087d80000)
 Metaspace       used 65856K, capacity 69054K, committed 69144K, reserved 1107968K
  class space    used 9090K, capacity 9734K, committed 9776K, reserved 1048576K
}
Event: 15.051 GC heap before
{Heap before GC invocations=17 (full 3):
 PSYoungGen      total 206336K, used 203761K [0x00000000d5580000, 0x00000000e5b00000, 0x0000000100000000)
  eden space 186368K, 100% used [0x00000000d5580000,0x00000000e0b80000,0x00000000e0b80000)
  from space 19968K, 87% used [0x00000000e0b80000,0x00000000e1c7c490,0x00000000e1f00000)
  to   space 22016K, 0% used [0x00000000e4580000,0x00000000e4580000,0x00000000e5b00000)
 ParOldGen       total 128512K, used 33502K [0x0000000080000000, 0x0000000087d80000, 0x00000000d5580000)
  object space 128512K, 26% used [0x0000000080000000,0x00000000820b78b0,0x0000000087d80000)
 Metaspace       used 71741K, capacity 75000K, committed 75288K, reserved 1114112K
  class space    used 9813K, capacity 10449K, committed 10544K, reserved 1048576K
Event: 15.072 GC heap after
Heap after GC invocations=17 (full 3):
 PSYoungGen      total 242176K, used 21985K [0x00000000d5580000, 0x00000000e6080000, 0x0000000100000000)
  eden space 220160K, 0% used [0x00000000d5580000,0x00000000d5580000,0x00000000e2c80000)
  from space 22016K, 99% used [0x00000000e4580000,0x00000000e5af8700,0x00000000e5b00000)
  to   space 25600K, 0% used [0x00000000e2c80000,0x00000000e2c80000,0x00000000e4580000)
 ParOldGen       total 128512K, used 34255K [0x0000000080000000, 0x0000000087d80000, 0x00000000d5580000)
  object space 128512K, 26% used [0x0000000080000000,0x0000000082173d00,0x0000000087d80000)
 Metaspace       used 71741K, capacity 75000K, committed 75288K, reserved 1114112K
  class space    used 9813K, capacity 10449K, committed 10544K, reserved 1048576K
}

